<testsuite tests="164">
  <testcase classname="FieldPathManager_Test" name="testIsValid" time="21" />
  <testcase classname="FieldPathManager_Test" name="testNormalize" time="27" />
  <testcase classname="FinalizerHandler_Test" name="bypassFinalizerShouldSucceed" time="15" />
  <testcase classname="FinalizerHandler_Test" name="bypassedFinalizerShouldNotExecute" time="25" />
  <testcase classname="FinalizerHandler_Test" name="clearAllFinalizerBypassesShouldSucceed" time="6" />
  <testcase classname="FinalizerHandler_Test" name="clearFinalizerBypassShouldSucceed" time="17" />
  <testcase classname="FinalizerHandler_Test" name="finalizerIsBypassedShouldSucceed" time="19" />
  <testcase classname="FinalizerHandler_Test" name="finalizerThatInvokesDmlShouldCauseException" time="19" />
  <testcase classname="FinalizerHandler_Test" name="finalizersShouldExecuteInOrder" time="22" />
  <testcase classname="FinalizerHandler_Test" name="invalidFinalizerClassShouldThrowException" time="18" />
  <testcase classname="FinalizerHandler_Test" name="noConfiguredFinalizerShouldTakeNoAction" time="18" />
  <testcase classname="FinalizerHandler_Test" name="properlyConfiguredFinalizerShouldExecute" time="23" />
  <testcase classname="FinalizerHandler_Test" name="referencedClassDoesNotImplementDmlFinalizerShouldThrowException" time="88" />
  <testcase classname="FinalizerHandler_Test" name="staticallyBypassedFinalizerShouldNotExecute" time="19" />
  <testcase classname="FinalizerHandler_Test" name="userWithBypassPermissionDefinedOnFinalizerShouldNotExecute" time="17" />
  <testcase classname="FinalizerHandler_Test" name="userWithoutRequiredPermissionDefinedOnFinalizerShouldNotExecute" time="18" />
  <testcase classname="FlowChangeEventHeader_Test" name="shouldBeAbleToCompare" time="35" />
  <testcase classname="FlowChangeEventHeader_Test" name="shouldBeAbleToConstruct" time="26" />
  <testcase classname="FlowChangeEventHeader_Test" name="shouldBeAbleToGenerateHashCode" time="20" />
  <testcase classname="FormulaFilter_Test" name="emptyClassShouldThrowException" time="25" />
  <testcase classname="FormulaFilter_Test" name="emptyStringFormulaShouldProcessAllRecords" time="23" />
  <testcase classname="FormulaFilter_Test" name="invalidFormulaSyntaxShouldThrowException" time="66" />
  <testcase classname="FormulaFilter_Test" name="noFormulaShouldProcessAllRecords" time="21" />
  <testcase classname="FormulaFilter_Test" name="nonExistentClassShouldThrowException" time="22" />
  <testcase classname="FormulaFilter_Test" name="nonGlobalShouldThrowException" time="24" />
  <testcase classname="FormulaFilter_Test" name="nonTriggerRecordClassShouldThrowException" time="29" />
  <testcase classname="FormulaFilter_Test" name="nullClassShouldThrowException" time="22" />
  <testcase classname="FormulaFilter_Test" name="validFormulaShouldFilterContentsOftriggerNew" time="22" />
  <testcase classname="FormulaFilter_Test" name="validFormulaWithNoMatchingRecordsShouldProcessNoRecords" time="23" />
  <testcase classname="MetadataTriggerHandler_Test" name="actionMetadataShouldConstruct" time="153" />
  <testcase classname="MetadataTriggerHandler_Test" name="actionShouldExecuteIfNoRequiredOrBypassPermissionsAreDefinedForSObjectOrAction" time="37" />
  <testcase classname="MetadataTriggerHandler_Test" name="actionShouldExecuteIfUserDoesNotHaveBypassPermissionForSObjectOrAction" time="23" />
  <testcase classname="MetadataTriggerHandler_Test" name="actionShouldNotExecuteIfUserDoesNotHaveRequiredPermissionForAction" time="18" />
  <testcase classname="MetadataTriggerHandler_Test" name="actionShouldNotExecuteIfUserDoesNotHaveRequiredPermissionForSObject" time="83" />
  <testcase classname="MetadataTriggerHandler_Test" name="actionShouldNotExecuteIfUserHasBypassPermissionForAction" time="17" />
  <testcase classname="MetadataTriggerHandler_Test" name="actionShouldNotExecuteIfUserHasBypassPermissionForSObject" time="19" />
  <testcase classname="MetadataTriggerHandler_Test" name="afterDeleteShouldFailWithIncorrectClass" time="18" />
  <testcase classname="MetadataTriggerHandler_Test" name="afterDeleteShouldFailWithIncorrectType" time="17" />
  <testcase classname="MetadataTriggerHandler_Test" name="afterDeleteShouldSucceed" time="19" />
  <testcase classname="MetadataTriggerHandler_Test" name="afterInsertShouldFailWithIncorrectClass" time="18" />
  <testcase classname="MetadataTriggerHandler_Test" name="afterInsertShouldFailWithIncorrectType" time="20" />
  <testcase classname="MetadataTriggerHandler_Test" name="afterInsertShouldSucceed" time="19" />
  <testcase classname="MetadataTriggerHandler_Test" name="afterUndeleteShouldFailWithIncorrectClass" time="18" />
  <testcase classname="MetadataTriggerHandler_Test" name="afterUndeleteShouldFailWithIncorrectType" time="19" />
  <testcase classname="MetadataTriggerHandler_Test" name="afterUndeleteShouldSucceed" time="20" />
  <testcase classname="MetadataTriggerHandler_Test" name="afterUpdateShouldFailWithIncorrectClass" time="19" />
  <testcase classname="MetadataTriggerHandler_Test" name="afterUpdateShouldFailWithIncorrectType" time="20" />
  <testcase classname="MetadataTriggerHandler_Test" name="afterUpdateShouldSucceed" time="20" />
  <testcase classname="MetadataTriggerHandler_Test" name="beforeDeleteShouldFailWithIncorrectClass" time="21" />
  <testcase classname="MetadataTriggerHandler_Test" name="beforeDeleteShouldFailWithIncorrectType" time="17" />
  <testcase classname="MetadataTriggerHandler_Test" name="beforeDeleteShouldSucceed" time="18" />
  <testcase classname="MetadataTriggerHandler_Test" name="beforeInsertShouldFailWithIncorrectClass" time="18" />
  <testcase classname="MetadataTriggerHandler_Test" name="beforeInsertShouldFailWithIncorrectType" time="18" />
  <testcase classname="MetadataTriggerHandler_Test" name="beforeInsertShouldSucceed" time="18" />
  <testcase classname="MetadataTriggerHandler_Test" name="beforeUpdateShouldFailWithIncorrectClass" time="18" />
  <testcase classname="MetadataTriggerHandler_Test" name="beforeUpdateShouldFailWithIncorrectType" time="18" />
  <testcase classname="MetadataTriggerHandler_Test" name="beforeUpdateShouldSucceed" time="20" />
  <testcase classname="MetadataTriggerHandler_Test" name="bypassShouldSucceed" time="17" />
  <testcase classname="MetadataTriggerHandler_Test" name="clearAllBypassesShouldSucceed" time="17" />
  <testcase classname="MetadataTriggerHandler_Test" name="clearBypassShouldSucceed" time="17" />
  <testcase classname="MetadataTriggerHandler_Test" name="finalizerShouldSucceed" time="20" />
  <testcase classname="MetadataTriggerHandler_Test" name="isBypassedShouldSucceed" time="18" />
  <testcase classname="MetadataTriggerHandler_Test" name="nothingToProcessShouldExitEarly" time="17" />
  <testcase classname="MetadataTriggerHandler_Test" name="theFrameworkShouldSupportFlow" time="20" />
  <testcase classname="MetadataTriggerHandler_Test" name="theFrameworkShouldSupportSObjectsFromManagedPackages" time="39" />
  <testcase classname="ReceiptSender_Test" name="testInvalidEmailTemplate" time="13808" />
  <testcase classname="ReceiptSender_Test" name="testSend" time="1210" />
  <testcase classname="ReceiptSender_Test" name="testSendReceiptWithDefaultFileName" time="1075" />
  <testcase classname="ReceiptSender_Test" name="testSendReceiptWithDefinedFileName" time="1684" />
  <testcase classname="ReceiptSender_Test" name="testSendWithInvalidRecordId" time="50" />
  <testcase classname="ReceiptSender_Test" name="testSendWithNoReceipt" time="318" />
  <testcase classname="ReceiptSender_Test" name="testSendWithNullRecordId" time="44" />
  <testcase classname="ReceiptSender_Test" name="testSendWithOrgWideEmailAddress" time="40" />
  <testcase classname="ReceiptSender_Test" name="testUnsuccessfulEmailResult" time="878" />
  <testcase classname="TA_CDL_PublishReceiptEvent_Test" name="testPublishReceiptEvent" time="142" />
  <testcase classname="TA_TRX_PublishCloseEvent_Test" name="testPublishCloseEvent" time="105" />
  <testcase classname="TransactionCloseActionsController_Test" name="testGetTransaction" time="7555" />
  <testcase classname="TransactionCloseActionsController_Test" name="testSendReceipt" time="1442" />
  <testcase classname="TransactionCloseActionsController_Test" name="testSendReceiptWithException" time="27" />
  <testcase classname="TransactionCloseActionsController_Test" name="testTransactionNotFound" time="24" />
  <testcase classname="TransactionCloseActionsSelector_Test" name="testGetTransaction" time="9741" />
  <testcase classname="TransactionCloseActionsSelector_Test" name="testTransactionNotFound" time="57" />
  <testcase classname="TriggerActionFlowAddError_Test" name="addErrorShouldAddAnErrorAtTheFieldSpecified" time="67" />
  <testcase classname="TriggerActionFlowAddError_Test" name="addErrorShouldSucceedWithValidRequest" time="35" />
  <testcase classname="TriggerActionFlowBypass_Test" name="bypassApexShouldSucceedWithValidRequest" time="66" />
  <testcase classname="TriggerActionFlowBypass_Test" name="bypassFlowShouldSucceedWithValidRequest" time="36" />
  <testcase classname="TriggerActionFlowBypass_Test" name="bypassObjectShouldSucceedWithValidRequest" time="26" />
  <testcase classname="TriggerActionFlowBypass_Test" name="bypassShouldFailWithInvalidType" time="30" />
  <testcase classname="TriggerActionFlowChangeEvent_Test" name="correctInputShouldProduceFlowInputs" time="40" />
  <testcase classname="TriggerActionFlowChangeEvent_Test" name="emptyInputShouldProduceEmptyFlowInputs" time="28" />
  <testcase classname="TriggerActionFlowChangeEvent_Test" name="wrongDataTypeShouldThrowException" time="22" />
  <testcase classname="TriggerActionFlowClearAllBypasses_Test" name="clearAllBypassApexShouldSucceedWithValidRequest" time="44" />
  <testcase classname="TriggerActionFlowClearAllBypasses_Test" name="clearAllBypassFlowShouldSucceedWithValidRequest" time="21" />
  <testcase classname="TriggerActionFlowClearAllBypasses_Test" name="clearAllBypassObjectShouldSucceedWithValidRequest" time="16" />
  <testcase classname="TriggerActionFlowClearAllBypasses_Test" name="clearAllBypassShouldFailWithInvalidType" time="18" />
  <testcase classname="TriggerActionFlowClearBypass_Test" name="clearBypassApexShouldSucceedWithValidRequest" time="64" />
  <testcase classname="TriggerActionFlowClearBypass_Test" name="clearBypassFlowShouldSucceedWithValidRequest" time="27" />
  <testcase classname="TriggerActionFlowClearBypass_Test" name="clearBypassObjecthouldSucceedWithValidRequest" time="19" />
  <testcase classname="TriggerActionFlowClearBypass_Test" name="clearBypassShouldFailWithInvalidType" time="21" />
  <testcase classname="TriggerActionFlowIsBypassed_Test" name="isBypassedApexShouldSucceedWithValidRequest" time="93" />
  <testcase classname="TriggerActionFlowIsBypassed_Test" name="isBypassedFlowShouldSucceedWithValidRequest" time="29" />
  <testcase classname="TriggerActionFlowIsBypassed_Test" name="isBypassedObjectShouldSucceedWithValidRequest" time="19" />
  <testcase classname="TriggerActionFlowIsBypassed_Test" name="isBypassedShouldFailWithInvalidType" time="23" />
  <testcase classname="TriggerActionFlow_Test" name="afterDeleteShouldSucceed" time="66" />
  <testcase classname="TriggerActionFlow_Test" name="afterInsertShouldSucceed" time="33" />
  <testcase classname="TriggerActionFlow_Test" name="afterUndeleteShouldSucceed" time="21" />
  <testcase classname="TriggerActionFlow_Test" name="afterUpdateShouldSucceed" time="24" />
  <testcase classname="TriggerActionFlow_Test" name="afterUpdateWithNoRecordsToProcessShouldSucceed" time="20" />
  <testcase classname="TriggerActionFlow_Test" name="beforeDeleteShouldSucceed" time="23" />
  <testcase classname="TriggerActionFlow_Test" name="beforeInsertShouldSucceed" time="20" />
  <testcase classname="TriggerActionFlow_Test" name="beforeUpdateShouldSucceed" time="20" />
  <testcase classname="TriggerActionFlow_Test" name="beforeUpdateWithNoRecordsToProcessShouldSucceed" time="22" />
  <testcase classname="TriggerActionFlow_Test" name="bypassShouldSucceed" time="20" />
  <testcase classname="TriggerActionFlow_Test" name="clearAllBypassesShouldSucceed" time="21" />
  <testcase classname="TriggerActionFlow_Test" name="clearBypassShouldSucceed" time="21" />
  <testcase classname="TriggerActionFlow_Test" name="emptyFlowNameShouldThrowException" time="22" />
  <testcase classname="TriggerActionFlow_Test" name="flowMissingRecordVariableInOutputShouldThrowException" time="22" />
  <testcase classname="TriggerActionFlow_Test" name="invokeFlowShouldReturnUnsuccessfulResponseWithBogusFlowName" time="34" />
  <testcase classname="TriggerActionFlow_Test" name="isBypassedShouldSucceed" time="21" />
  <testcase classname="TriggerActionFlow_Test" name="noRecordMutationsShouldSucceed" time="21" />
  <testcase classname="TriggerActionFlow_Test" name="nulledFieldInFlowShouldBeTransferredBack" time="23" />
  <testcase classname="TriggerActionFlow_Test" name="shouldDoNothingWhenBypassed" time="20" />
  <testcase classname="TriggerActionFlow_Test" name="unsuccessfulActionResultShouldBeAddedAsErrorToRecord" time="26" />
  <testcase classname="TriggerActionFlow_Test" name="validateTypeShouldThrowExceptionWithInvalidInput" time="22" />
  <testcase classname="TriggerBase_Test" name="afterDeleteShouldSucceed" time="58" />
  <testcase classname="TriggerBase_Test" name="afterInsertShouldSucceed" time="30" />
  <testcase classname="TriggerBase_Test" name="afterUndeleteShouldSucceed" time="17" />
  <testcase classname="TriggerBase_Test" name="afterUpdateShouldSucceed" time="19" />
  <testcase classname="TriggerBase_Test" name="beforeDeleteShouldSucceed" time="17" />
  <testcase classname="TriggerBase_Test" name="beforeInsertShouldSucceed" time="17" />
  <testcase classname="TriggerBase_Test" name="beforeUpdateShouldSucceed" time="17" />
  <testcase classname="TriggerBase_Test" name="bypassShouldSucceed" time="18" />
  <testcase classname="TriggerBase_Test" name="clearAllBypassesShouldSucceed" time="17" />
  <testcase classname="TriggerBase_Test" name="clearBypassShouldSucceed" time="17" />
  <testcase classname="TriggerBase_Test" name="finalizingWithoutWaitingShouldThrowError" time="16" />
  <testcase classname="TriggerBase_Test" name="idToNumberOfTimesSeenAfterUpdate" time="18" />
  <testcase classname="TriggerBase_Test" name="idToNumberOfTimesSeenBeforeUpdate" time="18" />
  <testcase classname="TriggerBase_Test" name="inverseContextsShouldFinalizeDmlOperationDelete" time="18" />
  <testcase classname="TriggerBase_Test" name="inverseContextsShouldFinalizeDmlOperationInsert" time="18" />
  <testcase classname="TriggerBase_Test" name="inverseContextsShouldFinalizeDmlOperationUndelete" time="17" />
  <testcase classname="TriggerBase_Test" name="inverseContextsShouldFinalizeDmlOperationUpdate" time="18" />
  <testcase classname="TriggerBase_Test" name="isBypassedShouldSucceed" time="17" />
  <testcase classname="TriggerBase_Test" name="offsetRowsShouldWork" time="16" />
  <testcase classname="TriggerBase_Test" name="oldAndNewShouldComeFromTrigger" time="16" />
  <testcase classname="TriggerBase_Test" name="peekShouldShowMostRecentlyAdded" time="15" />
  <testcase classname="TriggerBase_Test" name="peekingStackWhileEmptyShouldThrowException" time="16" />
  <testcase classname="TriggerBase_Test" name="poppingStackWhileEmptyShouldThrowException" time="17" />
  <testcase classname="TriggerBase_Test" name="runShouldDoNothingWhenBypassed" time="16" />
  <testcase classname="TriggerBase_Test" name="runShouldFailWhenCalledOutsideTrigger" time="18" />
  <testcase classname="TriggerBase_Test" name="sObjectNameShouldBePopulatedFromTriggerNew" time="16" />
  <testcase classname="TriggerBase_Test" name="sObjectNameShouldBePopulatedFromTriggerOld" time="17" />
  <testcase classname="TriggerBase_Test" name="stackDepthShouldBeCalculatedProperly" time="16" />
  <testcase classname="TriggerBase_Test" name="stackShouldBeFirstInLastOut" time="16" />
  <testcase classname="TriggerBase_Test" name="stackShouldBeLastInFirstOut" time="17" />
  <testcase classname="TriggerBase_Test" name="stacksShouldBeAbleToDetermineIftheyAreEmpty" time="16" />
  <testcase classname="TriggerBase_Test" name="waitingThenFinalizingShouldWork" time="18" />
  <testcase classname="TriggerRecord_Test" name="shouldBeAbleToConstructATriggerRecord" time="46" />
  <testcase classname="Triggers_Test" name="testContentDocumentLinkTrigger" time="10034" />
  <testcase classname="Triggers_Test" name="testContractAndFormTrigger" time="447" />
  <testcase classname="Triggers_Test" name="testTransactionTrigger" time="192" />
  <testcase classname="Triggers_Test" name="testTransactionTriggerRecord" time="21" />
  <testcase classname="Util_Test" name="testGetNamespace" time="44" />
  <testcase classname="Util_Test" name="testIsOrgEmailEnabled" time="49" />
  <testcase classname="Util_Test" name="testPrefixNamespace" time="33" />
</testsuite>