<testsuite tests="140">
  <testcase classname="FinalizerHandler_Test" name="bypassFinalizerShouldSucceed" time="52" />
  <testcase classname="FinalizerHandler_Test" name="bypassedFinalizerShouldNotExecute" time="5" />
  <testcase classname="FinalizerHandler_Test" name="clearAllFinalizerBypassesShouldSucceed" time="5" />
  <testcase classname="FinalizerHandler_Test" name="clearFinalizerBypassShouldSucceed" time="4" />
  <testcase classname="FinalizerHandler_Test" name="finalizerIsBypassedShouldSucceed" time="4" />
  <testcase classname="FinalizerHandler_Test" name="finalizerThatInvokesDmlShouldCauseException" time="7" />
  <testcase classname="FinalizerHandler_Test" name="finalizersShouldExecuteInOrder" time="6" />
  <testcase classname="FinalizerHandler_Test" name="invalidFinalizerClassShouldThrowException" time="5" />
  <testcase classname="FinalizerHandler_Test" name="noConfiguredFinalizerShouldTakeNoAction" time="14" />
  <testcase classname="FinalizerHandler_Test" name="properlyConfiguredFinalizerShouldExecute" time="11" />
  <testcase classname="FinalizerHandler_Test" name="referencedClassDoesNotImplementDmlFinalizerShouldThrowException" time="5" />
  <testcase classname="FinalizerHandler_Test" name="staticallyBypassedFinalizerShouldNotExecute" time="4" />
  <testcase classname="FinalizerHandler_Test" name="userWithBypassPermissionDefinedOnFinalizerShouldNotExecute" time="4" />
  <testcase classname="FinalizerHandler_Test" name="userWithoutRequiredPermissionDefinedOnFinalizerShouldNotExecute" time="4" />
  <testcase classname="FlowChangeEventHeader_Test" name="shouldBeAbleToCompare" time="26" />
  <testcase classname="FlowChangeEventHeader_Test" name="shouldBeAbleToConstruct" time="4" />
  <testcase classname="FlowChangeEventHeader_Test" name="shouldBeAbleToGenerateHashCode" time="4" />
  <testcase classname="FormulaFilter_Test" name="emptyClassShouldThrowException" time="42" />
  <testcase classname="FormulaFilter_Test" name="emptyStringFormulaShouldProcessAllRecords" time="3" />
  <testcase classname="FormulaFilter_Test" name="invalidFormulaSyntaxShouldThrowException" time="7" />
  <testcase classname="FormulaFilter_Test" name="noFormulaShouldProcessAllRecords" time="3" />
  <testcase classname="FormulaFilter_Test" name="nonExistentClassShouldThrowException" time="4" />
  <testcase classname="FormulaFilter_Test" name="nonGlobalShouldThrowException" time="6" />
  <testcase classname="FormulaFilter_Test" name="nonTriggerRecordClassShouldThrowException" time="8" />
  <testcase classname="FormulaFilter_Test" name="nullClassShouldThrowException" time="5" />
  <testcase classname="FormulaFilter_Test" name="validFormulaShouldFilterContentsOftriggerNew" time="5" />
  <testcase classname="FormulaFilter_Test" name="validFormulaWithNoMatchingRecordsShouldProcessNoRecords" time="6" />
  <testcase classname="MetadataTriggerHandler_Test" name="actionMetadataShouldConstruct" time="162" />
  <testcase classname="MetadataTriggerHandler_Test" name="actionShouldExecuteIfNoRequiredOrBypassPermissionsAreDefinedForSObjectOrAction" time="14" />
  <testcase classname="MetadataTriggerHandler_Test" name="actionShouldExecuteIfUserDoesNotHaveBypassPermissionForSObjectOrAction" time="13" />
  <testcase classname="MetadataTriggerHandler_Test" name="actionShouldNotExecuteIfUserDoesNotHaveRequiredPermissionForAction" time="6" />
  <testcase classname="MetadataTriggerHandler_Test" name="actionShouldNotExecuteIfUserDoesNotHaveRequiredPermissionForSObject" time="6" />
  <testcase classname="MetadataTriggerHandler_Test" name="actionShouldNotExecuteIfUserHasBypassPermissionForAction" time="6" />
  <testcase classname="MetadataTriggerHandler_Test" name="actionShouldNotExecuteIfUserHasBypassPermissionForSObject" time="6" />
  <testcase classname="MetadataTriggerHandler_Test" name="afterDeleteShouldFailWithIncorrectClass" time="6" />
  <testcase classname="MetadataTriggerHandler_Test" name="afterDeleteShouldFailWithIncorrectType" time="5" />
  <testcase classname="MetadataTriggerHandler_Test" name="afterDeleteShouldSucceed" time="7" />
  <testcase classname="MetadataTriggerHandler_Test" name="afterInsertShouldFailWithIncorrectClass" time="5" />
  <testcase classname="MetadataTriggerHandler_Test" name="afterInsertShouldFailWithIncorrectType" time="5" />
  <testcase classname="MetadataTriggerHandler_Test" name="afterInsertShouldSucceed" time="7" />
  <testcase classname="MetadataTriggerHandler_Test" name="afterUndeleteShouldFailWithIncorrectClass" time="6" />
  <testcase classname="MetadataTriggerHandler_Test" name="afterUndeleteShouldFailWithIncorrectType" time="6" />
  <testcase classname="MetadataTriggerHandler_Test" name="afterUndeleteShouldSucceed" time="8" />
  <testcase classname="MetadataTriggerHandler_Test" name="afterUpdateShouldFailWithIncorrectClass" time="6" />
  <testcase classname="MetadataTriggerHandler_Test" name="afterUpdateShouldFailWithIncorrectType" time="5" />
  <testcase classname="MetadataTriggerHandler_Test" name="afterUpdateShouldSucceed" time="7" />
  <testcase classname="MetadataTriggerHandler_Test" name="beforeDeleteShouldFailWithIncorrectClass" time="6" />
  <testcase classname="MetadataTriggerHandler_Test" name="beforeDeleteShouldFailWithIncorrectType" time="6" />
  <testcase classname="MetadataTriggerHandler_Test" name="beforeDeleteShouldSucceed" time="7" />
  <testcase classname="MetadataTriggerHandler_Test" name="beforeInsertShouldFailWithIncorrectClass" time="5" />
  <testcase classname="MetadataTriggerHandler_Test" name="beforeInsertShouldFailWithIncorrectType" time="5" />
  <testcase classname="MetadataTriggerHandler_Test" name="beforeInsertShouldSucceed" time="5" />
  <testcase classname="MetadataTriggerHandler_Test" name="beforeUpdateShouldFailWithIncorrectClass" time="5" />
  <testcase classname="MetadataTriggerHandler_Test" name="beforeUpdateShouldFailWithIncorrectType" time="5" />
  <testcase classname="MetadataTriggerHandler_Test" name="beforeUpdateShouldSucceed" time="6" />
  <testcase classname="MetadataTriggerHandler_Test" name="bypassShouldSucceed" time="4" />
  <testcase classname="MetadataTriggerHandler_Test" name="clearAllBypassesShouldSucceed" time="5" />
  <testcase classname="MetadataTriggerHandler_Test" name="clearBypassShouldSucceed" time="5" />
  <testcase classname="MetadataTriggerHandler_Test" name="finalizerShouldSucceed" time="7" />
  <testcase classname="MetadataTriggerHandler_Test" name="isBypassedShouldSucceed" time="5" />
  <testcase classname="MetadataTriggerHandler_Test" name="nothingToProcessShouldExitEarly" time="5" />
  <testcase classname="MetadataTriggerHandler_Test" name="theFrameworkShouldSupportFlow" time="9" />
  <testcase classname="MetadataTriggerHandler_Test" name="theFrameworkShouldSupportSObjectsFromManagedPackages" time="15" />
  <testcase classname="TA_CDL_PublishReceiptEvent_Test" name="testPublishReceiptEvent" time="37" />
  <testcase classname="TriggerActionFlowAddError_Test" name="addErrorShouldAddAnErrorAtTheFieldSpecified" time="46" />
  <testcase classname="TriggerActionFlowAddError_Test" name="addErrorShouldSucceedWithValidRequest" time="3" />
  <testcase classname="TriggerActionFlowBypass_Test" name="bypassApexShouldSucceedWithValidRequest" time="52" />
  <testcase classname="TriggerActionFlowBypass_Test" name="bypassFlowShouldSucceedWithValidRequest" time="7" />
  <testcase classname="TriggerActionFlowBypass_Test" name="bypassObjectShouldSucceedWithValidRequest" time="3" />
  <testcase classname="TriggerActionFlowBypass_Test" name="bypassShouldFailWithInvalidType" time="6" />
  <testcase classname="TriggerActionFlowChangeEvent_Test" name="correctInputShouldProduceFlowInputs" time="26" />
  <testcase classname="TriggerActionFlowChangeEvent_Test" name="emptyInputShouldProduceEmptyFlowInputs" time="2" />
  <testcase classname="TriggerActionFlowChangeEvent_Test" name="wrongDataTypeShouldThrowException" time="3" />
  <testcase classname="TriggerActionFlowClearAllBypasses_Test" name="clearAllBypassApexShouldSucceedWithValidRequest" time="109" />
  <testcase classname="TriggerActionFlowClearAllBypasses_Test" name="clearAllBypassFlowShouldSucceedWithValidRequest" time="6" />
  <testcase classname="TriggerActionFlowClearAllBypasses_Test" name="clearAllBypassObjectShouldSucceedWithValidRequest" time="3" />
  <testcase classname="TriggerActionFlowClearAllBypasses_Test" name="clearAllBypassShouldFailWithInvalidType" time="5" />
  <testcase classname="TriggerActionFlowClearBypass_Test" name="clearBypassApexShouldSucceedWithValidRequest" time="82" />
  <testcase classname="TriggerActionFlowClearBypass_Test" name="clearBypassFlowShouldSucceedWithValidRequest" time="7" />
  <testcase classname="TriggerActionFlowClearBypass_Test" name="clearBypassObjecthouldSucceedWithValidRequest" time="3" />
  <testcase classname="TriggerActionFlowClearBypass_Test" name="clearBypassShouldFailWithInvalidType" time="6" />
  <testcase classname="TriggerActionFlowIsBypassed_Test" name="isBypassedApexShouldSucceedWithValidRequest" time="27" />
  <testcase classname="TriggerActionFlowIsBypassed_Test" name="isBypassedFlowShouldSucceedWithValidRequest" time="2" />
  <testcase classname="TriggerActionFlowIsBypassed_Test" name="isBypassedObjectShouldSucceedWithValidRequest" time="1" />
  <testcase classname="TriggerActionFlowIsBypassed_Test" name="isBypassedShouldFailWithInvalidType" time="3" />
  <testcase classname="TriggerActionFlow_Test" name="afterDeleteShouldSucceed" time="35" />
  <testcase classname="TriggerActionFlow_Test" name="afterInsertShouldSucceed" time="5" />
  <testcase classname="TriggerActionFlow_Test" name="afterUndeleteShouldSucceed" time="5" />
  <testcase classname="TriggerActionFlow_Test" name="afterUpdateShouldSucceed" time="4" />
  <testcase classname="TriggerActionFlow_Test" name="afterUpdateWithNoRecordsToProcessShouldSucceed" time="4" />
  <testcase classname="TriggerActionFlow_Test" name="beforeDeleteShouldSucceed" time="4" />
  <testcase classname="TriggerActionFlow_Test" name="beforeInsertShouldSucceed" time="5" />
  <testcase classname="TriggerActionFlow_Test" name="beforeUpdateShouldSucceed" time="5" />
  <testcase classname="TriggerActionFlow_Test" name="beforeUpdateWithNoRecordsToProcessShouldSucceed" time="4" />
  <testcase classname="TriggerActionFlow_Test" name="bypassShouldSucceed" time="6" />
  <testcase classname="TriggerActionFlow_Test" name="clearAllBypassesShouldSucceed" time="5" />
  <testcase classname="TriggerActionFlow_Test" name="clearBypassShouldSucceed" time="4" />
  <testcase classname="TriggerActionFlow_Test" name="emptyFlowNameShouldThrowException" time="6" />
  <testcase classname="TriggerActionFlow_Test" name="flowMissingRecordVariableInOutputShouldThrowException" time="5" />
  <testcase classname="TriggerActionFlow_Test" name="invokeFlowShouldReturnUnsuccessfulResponseWithBogusFlowName" time="20" />
  <testcase classname="TriggerActionFlow_Test" name="isBypassedShouldSucceed" time="5" />
  <testcase classname="TriggerActionFlow_Test" name="noRecordMutationsShouldSucceed" time="5" />
  <testcase classname="TriggerActionFlow_Test" name="nulledFieldInFlowShouldBeTransferredBack" time="5" />
  <testcase classname="TriggerActionFlow_Test" name="shouldDoNothingWhenBypassed" time="4" />
  <testcase classname="TriggerActionFlow_Test" name="unsuccessfulActionResultShouldBeAddedAsErrorToRecord" time="7" />
  <testcase classname="TriggerActionFlow_Test" name="validateTypeShouldThrowExceptionWithInvalidInput" time="5" />
  <testcase classname="TriggerBase_Test" name="afterDeleteShouldSucceed" time="42" />
  <testcase classname="TriggerBase_Test" name="afterInsertShouldSucceed" time="2" />
  <testcase classname="TriggerBase_Test" name="afterUndeleteShouldSucceed" time="3" />
  <testcase classname="TriggerBase_Test" name="afterUpdateShouldSucceed" time="3" />
  <testcase classname="TriggerBase_Test" name="beforeDeleteShouldSucceed" time="2" />
  <testcase classname="TriggerBase_Test" name="beforeInsertShouldSucceed" time="3" />
  <testcase classname="TriggerBase_Test" name="beforeUpdateShouldSucceed" time="2" />
  <testcase classname="TriggerBase_Test" name="bypassShouldSucceed" time="2" />
  <testcase classname="TriggerBase_Test" name="clearAllBypassesShouldSucceed" time="3" />
  <testcase classname="TriggerBase_Test" name="clearBypassShouldSucceed" time="2" />
  <testcase classname="TriggerBase_Test" name="finalizingWithoutWaitingShouldThrowError" time="3" />
  <testcase classname="TriggerBase_Test" name="idToNumberOfTimesSeenAfterUpdate" time="3" />
  <testcase classname="TriggerBase_Test" name="idToNumberOfTimesSeenBeforeUpdate" time="3" />
  <testcase classname="TriggerBase_Test" name="inverseContextsShouldFinalizeDmlOperationDelete" time="3" />
  <testcase classname="TriggerBase_Test" name="inverseContextsShouldFinalizeDmlOperationInsert" time="3" />
  <testcase classname="TriggerBase_Test" name="inverseContextsShouldFinalizeDmlOperationUndelete" time="3" />
  <testcase classname="TriggerBase_Test" name="inverseContextsShouldFinalizeDmlOperationUpdate" time="3" />
  <testcase classname="TriggerBase_Test" name="isBypassedShouldSucceed" time="2" />
  <testcase classname="TriggerBase_Test" name="offsetRowsShouldWork" time="3" />
  <testcase classname="TriggerBase_Test" name="oldAndNewShouldComeFromTrigger" time="2" />
  <testcase classname="TriggerBase_Test" name="peekShouldShowMostRecentlyAdded" time="3" />
  <testcase classname="TriggerBase_Test" name="peekingStackWhileEmptyShouldThrowException" time="3" />
  <testcase classname="TriggerBase_Test" name="poppingStackWhileEmptyShouldThrowException" time="3" />
  <testcase classname="TriggerBase_Test" name="runShouldDoNothingWhenBypassed" time="3" />
  <testcase classname="TriggerBase_Test" name="runShouldFailWhenCalledOutsideTrigger" time="3" />
  <testcase classname="TriggerBase_Test" name="sObjectNameShouldBePopulatedFromTriggerNew" time="2" />
  <testcase classname="TriggerBase_Test" name="sObjectNameShouldBePopulatedFromTriggerOld" time="2" />
  <testcase classname="TriggerBase_Test" name="stackDepthShouldBeCalculatedProperly" time="2" />
  <testcase classname="TriggerBase_Test" name="stackShouldBeFirstInLastOut" time="2" />
  <testcase classname="TriggerBase_Test" name="stackShouldBeLastInFirstOut" time="3" />
  <testcase classname="TriggerBase_Test" name="stacksShouldBeAbleToDetermineIftheyAreEmpty" time="3" />
  <testcase classname="TriggerBase_Test" name="waitingThenFinalizingShouldWork" time="2" />
  <testcase classname="TriggerRecord_Test" name="shouldBeAbleToConstructATriggerRecord" time="42" />
  <testcase classname="Triggers_Test" name="testContentDocumentLinkTrigger" time="771" />
</testsuite>