<testsuite tests="163">
  <testcase classname="FieldPathManager_Test" name="testIsValid" time="30" />
  <testcase classname="FieldPathManager_Test" name="testNormalize" time="38" />
  <testcase classname="FinalizerHandler_Test" name="bypassFinalizerShouldSucceed" time="30" />
  <testcase classname="FinalizerHandler_Test" name="bypassedFinalizerShouldNotExecute" time="39" />
  <testcase classname="FinalizerHandler_Test" name="clearAllFinalizerBypassesShouldSucceed" time="21" />
  <testcase classname="FinalizerHandler_Test" name="clearFinalizerBypassShouldSucceed" time="22" />
  <testcase classname="FinalizerHandler_Test" name="finalizerIsBypassedShouldSucceed" time="23" />
  <testcase classname="FinalizerHandler_Test" name="finalizerThatInvokesDmlShouldCauseException" time="27" />
  <testcase classname="FinalizerHandler_Test" name="finalizersShouldExecuteInOrder" time="24" />
  <testcase classname="FinalizerHandler_Test" name="invalidFinalizerClassShouldThrowException" time="26" />
  <testcase classname="FinalizerHandler_Test" name="noConfiguredFinalizerShouldTakeNoAction" time="27" />
  <testcase classname="FinalizerHandler_Test" name="properlyConfiguredFinalizerShouldExecute" time="26" />
  <testcase classname="FinalizerHandler_Test" name="referencedClassDoesNotImplementDmlFinalizerShouldThrowException" time="25" />
  <testcase classname="FinalizerHandler_Test" name="staticallyBypassedFinalizerShouldNotExecute" time="24" />
  <testcase classname="FinalizerHandler_Test" name="userWithBypassPermissionDefinedOnFinalizerShouldNotExecute" time="23" />
  <testcase classname="FinalizerHandler_Test" name="userWithoutRequiredPermissionDefinedOnFinalizerShouldNotExecute" time="22" />
  <testcase classname="FlowChangeEventHeader_Test" name="shouldBeAbleToCompare" time="62" />
  <testcase classname="FlowChangeEventHeader_Test" name="shouldBeAbleToConstruct" time="42" />
  <testcase classname="FlowChangeEventHeader_Test" name="shouldBeAbleToGenerateHashCode" time="31" />
  <testcase classname="FormulaFilter_Test" name="emptyClassShouldThrowException" time="23" />
  <testcase classname="FormulaFilter_Test" name="emptyStringFormulaShouldProcessAllRecords" time="22" />
  <testcase classname="FormulaFilter_Test" name="invalidFormulaSyntaxShouldThrowException" time="58" />
  <testcase classname="FormulaFilter_Test" name="noFormulaShouldProcessAllRecords" time="15" />
  <testcase classname="FormulaFilter_Test" name="nonExistentClassShouldThrowException" time="15" />
  <testcase classname="FormulaFilter_Test" name="nonGlobalShouldThrowException" time="21" />
  <testcase classname="FormulaFilter_Test" name="nonTriggerRecordClassShouldThrowException" time="27" />
  <testcase classname="FormulaFilter_Test" name="nullClassShouldThrowException" time="18" />
  <testcase classname="FormulaFilter_Test" name="validFormulaShouldFilterContentsOftriggerNew" time="21" />
  <testcase classname="FormulaFilter_Test" name="validFormulaWithNoMatchingRecordsShouldProcessNoRecords" time="22" />
  <testcase classname="MetadataTriggerHandler_Test" name="actionMetadataShouldConstruct" time="255" />
  <testcase classname="MetadataTriggerHandler_Test" name="actionShouldExecuteIfNoRequiredOrBypassPermissionsAreDefinedForSObjectOrAction" time="56" />
  <testcase classname="MetadataTriggerHandler_Test" name="actionShouldExecuteIfUserDoesNotHaveBypassPermissionForSObjectOrAction" time="42" />
  <testcase classname="MetadataTriggerHandler_Test" name="actionShouldNotExecuteIfUserDoesNotHaveRequiredPermissionForAction" time="32" />
  <testcase classname="MetadataTriggerHandler_Test" name="actionShouldNotExecuteIfUserDoesNotHaveRequiredPermissionForSObject" time="29" />
  <testcase classname="MetadataTriggerHandler_Test" name="actionShouldNotExecuteIfUserHasBypassPermissionForAction" time="31" />
  <testcase classname="MetadataTriggerHandler_Test" name="actionShouldNotExecuteIfUserHasBypassPermissionForSObject" time="29" />
  <testcase classname="MetadataTriggerHandler_Test" name="afterDeleteShouldFailWithIncorrectClass" time="28" />
  <testcase classname="MetadataTriggerHandler_Test" name="afterDeleteShouldFailWithIncorrectType" time="29" />
  <testcase classname="MetadataTriggerHandler_Test" name="afterDeleteShouldSucceed" time="34" />
  <testcase classname="MetadataTriggerHandler_Test" name="afterInsertShouldFailWithIncorrectClass" time="32" />
  <testcase classname="MetadataTriggerHandler_Test" name="afterInsertShouldFailWithIncorrectType" time="28" />
  <testcase classname="MetadataTriggerHandler_Test" name="afterInsertShouldSucceed" time="32" />
  <testcase classname="MetadataTriggerHandler_Test" name="afterUndeleteShouldFailWithIncorrectClass" time="30" />
  <testcase classname="MetadataTriggerHandler_Test" name="afterUndeleteShouldFailWithIncorrectType" time="28" />
  <testcase classname="MetadataTriggerHandler_Test" name="afterUndeleteShouldSucceed" time="31" />
  <testcase classname="MetadataTriggerHandler_Test" name="afterUpdateShouldFailWithIncorrectClass" time="29" />
  <testcase classname="MetadataTriggerHandler_Test" name="afterUpdateShouldFailWithIncorrectType" time="35" />
  <testcase classname="MetadataTriggerHandler_Test" name="afterUpdateShouldSucceed" time="35" />
  <testcase classname="MetadataTriggerHandler_Test" name="beforeDeleteShouldFailWithIncorrectClass" time="30" />
  <testcase classname="MetadataTriggerHandler_Test" name="beforeDeleteShouldFailWithIncorrectType" time="36" />
  <testcase classname="MetadataTriggerHandler_Test" name="beforeDeleteShouldSucceed" time="35" />
  <testcase classname="MetadataTriggerHandler_Test" name="beforeInsertShouldFailWithIncorrectClass" time="30" />
  <testcase classname="MetadataTriggerHandler_Test" name="beforeInsertShouldFailWithIncorrectType" time="32" />
  <testcase classname="MetadataTriggerHandler_Test" name="beforeInsertShouldSucceed" time="29" />
  <testcase classname="MetadataTriggerHandler_Test" name="beforeUpdateShouldFailWithIncorrectClass" time="28" />
  <testcase classname="MetadataTriggerHandler_Test" name="beforeUpdateShouldFailWithIncorrectType" time="29" />
  <testcase classname="MetadataTriggerHandler_Test" name="beforeUpdateShouldSucceed" time="32" />
  <testcase classname="MetadataTriggerHandler_Test" name="bypassShouldSucceed" time="28" />
  <testcase classname="MetadataTriggerHandler_Test" name="clearAllBypassesShouldSucceed" time="28" />
  <testcase classname="MetadataTriggerHandler_Test" name="clearBypassShouldSucceed" time="28" />
  <testcase classname="MetadataTriggerHandler_Test" name="finalizerShouldSucceed" time="32" />
  <testcase classname="MetadataTriggerHandler_Test" name="isBypassedShouldSucceed" time="28" />
  <testcase classname="MetadataTriggerHandler_Test" name="nothingToProcessShouldExitEarly" time="28" />
  <testcase classname="MetadataTriggerHandler_Test" name="theFrameworkShouldSupportFlow" time="29" />
  <testcase classname="MetadataTriggerHandler_Test" name="theFrameworkShouldSupportSObjectsFromManagedPackages" time="93" />
  <testcase classname="ReceiptSender_Test" name="testInvalidEmailTemplate" time="10708" />
  <testcase classname="ReceiptSender_Test" name="testSend" time="1080" />
  <testcase classname="ReceiptSender_Test" name="testSendReceiptWithDefaultFileName" time="754" />
  <testcase classname="ReceiptSender_Test" name="testSendReceiptWithDefinedFileName" time="730" />
  <testcase classname="ReceiptSender_Test" name="testSendWithInvalidRecordId" time="27" />
  <testcase classname="ReceiptSender_Test" name="testSendWithNoReceipt" time="423" />
  <testcase classname="ReceiptSender_Test" name="testSendWithNullRecordId" time="24" />
  <testcase classname="ReceiptSender_Test" name="testSendWithOrgWideEmailAddress" time="22" />
  <testcase classname="TA_CDL_PublishReceiptEvent_Test" name="testPublishReceiptEvent" time="49" />
  <testcase classname="TA_TRX_PublishCloseEvent_Test" name="testPublishCloseEvent" time="66" />
  <testcase classname="TransactionCloseActionsController_Test" name="testGetTransaction" time="8331" />
  <testcase classname="TransactionCloseActionsController_Test" name="testSendReceipt" time="1975" />
  <testcase classname="TransactionCloseActionsController_Test" name="testSendReceiptWithException" time="46" />
  <testcase classname="TransactionCloseActionsController_Test" name="testTransactionNotFound" time="43" />
  <testcase classname="TransactionCloseActionsSelector_Test" name="testGetTransaction" time="10091" />
  <testcase classname="TransactionCloseActionsSelector_Test" name="testTransactionNotFound" time="47" />
  <testcase classname="TriggerActionFlowAddError_Test" name="addErrorShouldAddAnErrorAtTheFieldSpecified" time="41" />
  <testcase classname="TriggerActionFlowAddError_Test" name="addErrorShouldSucceedWithValidRequest" time="31" />
  <testcase classname="TriggerActionFlowBypass_Test" name="bypassApexShouldSucceedWithValidRequest" time="55" />
  <testcase classname="TriggerActionFlowBypass_Test" name="bypassFlowShouldSucceedWithValidRequest" time="33" />
  <testcase classname="TriggerActionFlowBypass_Test" name="bypassObjectShouldSucceedWithValidRequest" time="28" />
  <testcase classname="TriggerActionFlowBypass_Test" name="bypassShouldFailWithInvalidType" time="32" />
  <testcase classname="TriggerActionFlowChangeEvent_Test" name="correctInputShouldProduceFlowInputs" time="50" />
  <testcase classname="TriggerActionFlowChangeEvent_Test" name="emptyInputShouldProduceEmptyFlowInputs" time="41" />
  <testcase classname="TriggerActionFlowChangeEvent_Test" name="wrongDataTypeShouldThrowException" time="32" />
  <testcase classname="TriggerActionFlowClearAllBypasses_Test" name="clearAllBypassApexShouldSucceedWithValidRequest" time="55" />
  <testcase classname="TriggerActionFlowClearAllBypasses_Test" name="clearAllBypassFlowShouldSucceedWithValidRequest" time="27" />
  <testcase classname="TriggerActionFlowClearAllBypasses_Test" name="clearAllBypassObjectShouldSucceedWithValidRequest" time="17" />
  <testcase classname="TriggerActionFlowClearAllBypasses_Test" name="clearAllBypassShouldFailWithInvalidType" time="20" />
  <testcase classname="TriggerActionFlowClearBypass_Test" name="clearBypassApexShouldSucceedWithValidRequest" time="99" />
  <testcase classname="TriggerActionFlowClearBypass_Test" name="clearBypassFlowShouldSucceedWithValidRequest" time="26" />
  <testcase classname="TriggerActionFlowClearBypass_Test" name="clearBypassObjecthouldSucceedWithValidRequest" time="20" />
  <testcase classname="TriggerActionFlowClearBypass_Test" name="clearBypassShouldFailWithInvalidType" time="24" />
  <testcase classname="TriggerActionFlowIsBypassed_Test" name="isBypassedApexShouldSucceedWithValidRequest" time="185" />
  <testcase classname="TriggerActionFlowIsBypassed_Test" name="isBypassedFlowShouldSucceedWithValidRequest" time="43" />
  <testcase classname="TriggerActionFlowIsBypassed_Test" name="isBypassedObjectShouldSucceedWithValidRequest" time="28" />
  <testcase classname="TriggerActionFlowIsBypassed_Test" name="isBypassedShouldFailWithInvalidType" time="31" />
  <testcase classname="TriggerActionFlow_Test" name="afterDeleteShouldSucceed" time="90" />
  <testcase classname="TriggerActionFlow_Test" name="afterInsertShouldSucceed" time="50" />
  <testcase classname="TriggerActionFlow_Test" name="afterUndeleteShouldSucceed" time="30" />
  <testcase classname="TriggerActionFlow_Test" name="afterUpdateShouldSucceed" time="32" />
  <testcase classname="TriggerActionFlow_Test" name="afterUpdateWithNoRecordsToProcessShouldSucceed" time="30" />
  <testcase classname="TriggerActionFlow_Test" name="beforeDeleteShouldSucceed" time="31" />
  <testcase classname="TriggerActionFlow_Test" name="beforeInsertShouldSucceed" time="34" />
  <testcase classname="TriggerActionFlow_Test" name="beforeUpdateShouldSucceed" time="30" />
  <testcase classname="TriggerActionFlow_Test" name="beforeUpdateWithNoRecordsToProcessShouldSucceed" time="30" />
  <testcase classname="TriggerActionFlow_Test" name="bypassShouldSucceed" time="31" />
  <testcase classname="TriggerActionFlow_Test" name="clearAllBypassesShouldSucceed" time="32" />
  <testcase classname="TriggerActionFlow_Test" name="clearBypassShouldSucceed" time="29" />
  <testcase classname="TriggerActionFlow_Test" name="emptyFlowNameShouldThrowException" time="36" />
  <testcase classname="TriggerActionFlow_Test" name="flowMissingRecordVariableInOutputShouldThrowException" time="32" />
  <testcase classname="TriggerActionFlow_Test" name="invokeFlowShouldReturnUnsuccessfulResponseWithBogusFlowName" time="68" />
  <testcase classname="TriggerActionFlow_Test" name="isBypassedShouldSucceed" time="29" />
  <testcase classname="TriggerActionFlow_Test" name="noRecordMutationsShouldSucceed" time="29" />
  <testcase classname="TriggerActionFlow_Test" name="nulledFieldInFlowShouldBeTransferredBack" time="30" />
  <testcase classname="TriggerActionFlow_Test" name="shouldDoNothingWhenBypassed" time="30" />
  <testcase classname="TriggerActionFlow_Test" name="unsuccessfulActionResultShouldBeAddedAsErrorToRecord" time="35" />
  <testcase classname="TriggerActionFlow_Test" name="validateTypeShouldThrowExceptionWithInvalidInput" time="31" />
  <testcase classname="TriggerBase_Test" name="afterDeleteShouldSucceed" time="69" />
  <testcase classname="TriggerBase_Test" name="afterInsertShouldSucceed" time="49" />
  <testcase classname="TriggerBase_Test" name="afterUndeleteShouldSucceed" time="18" />
  <testcase classname="TriggerBase_Test" name="afterUpdateShouldSucceed" time="26" />
  <testcase classname="TriggerBase_Test" name="beforeDeleteShouldSucceed" time="83" />
  <testcase classname="TriggerBase_Test" name="beforeInsertShouldSucceed" time="18" />
  <testcase classname="TriggerBase_Test" name="beforeUpdateShouldSucceed" time="17" />
  <testcase classname="TriggerBase_Test" name="bypassShouldSucceed" time="15" />
  <testcase classname="TriggerBase_Test" name="clearAllBypassesShouldSucceed" time="16" />
  <testcase classname="TriggerBase_Test" name="clearBypassShouldSucceed" time="15" />
  <testcase classname="TriggerBase_Test" name="finalizingWithoutWaitingShouldThrowError" time="17" />
  <testcase classname="TriggerBase_Test" name="idToNumberOfTimesSeenAfterUpdate" time="18" />
  <testcase classname="TriggerBase_Test" name="idToNumberOfTimesSeenBeforeUpdate" time="17" />
  <testcase classname="TriggerBase_Test" name="inverseContextsShouldFinalizeDmlOperationDelete" time="18" />
  <testcase classname="TriggerBase_Test" name="inverseContextsShouldFinalizeDmlOperationInsert" time="23" />
  <testcase classname="TriggerBase_Test" name="inverseContextsShouldFinalizeDmlOperationUndelete" time="19" />
  <testcase classname="TriggerBase_Test" name="inverseContextsShouldFinalizeDmlOperationUpdate" time="20" />
  <testcase classname="TriggerBase_Test" name="isBypassedShouldSucceed" time="16" />
  <testcase classname="TriggerBase_Test" name="offsetRowsShouldWork" time="16" />
  <testcase classname="TriggerBase_Test" name="oldAndNewShouldComeFromTrigger" time="21" />
  <testcase classname="TriggerBase_Test" name="peekShouldShowMostRecentlyAdded" time="18" />
  <testcase classname="TriggerBase_Test" name="peekingStackWhileEmptyShouldThrowException" time="21" />
  <testcase classname="TriggerBase_Test" name="poppingStackWhileEmptyShouldThrowException" time="16" />
  <testcase classname="TriggerBase_Test" name="runShouldDoNothingWhenBypassed" time="17" />
  <testcase classname="TriggerBase_Test" name="runShouldFailWhenCalledOutsideTrigger" time="18" />
  <testcase classname="TriggerBase_Test" name="sObjectNameShouldBePopulatedFromTriggerNew" time="17" />
  <testcase classname="TriggerBase_Test" name="sObjectNameShouldBePopulatedFromTriggerOld" time="21" />
  <testcase classname="TriggerBase_Test" name="stackDepthShouldBeCalculatedProperly" time="20" />
  <testcase classname="TriggerBase_Test" name="stackShouldBeFirstInLastOut" time="17" />
  <testcase classname="TriggerBase_Test" name="stackShouldBeLastInFirstOut" time="29" />
  <testcase classname="TriggerBase_Test" name="stacksShouldBeAbleToDetermineIftheyAreEmpty" time="23" />
  <testcase classname="TriggerBase_Test" name="waitingThenFinalizingShouldWork" time="16" />
  <testcase classname="TriggerRecord_Test" name="shouldBeAbleToConstructATriggerRecord" time="20" />
  <testcase classname="Triggers_Test" name="testContentDocumentLinkTrigger" time="13360" />
  <testcase classname="Triggers_Test" name="testContractAndFormTrigger" time="797" />
  <testcase classname="Triggers_Test" name="testTransactionTrigger" time="343" />
  <testcase classname="Triggers_Test" name="testTransactionTriggerRecord" time="36" />
  <testcase classname="Util_Test" name="testGetNamespace" time="66" />
  <testcase classname="Util_Test" name="testIsOrgEmailEnabled" time="39" />
  <testcase classname="Util_Test" name="testPrefixNamespace" time="33" />
</testsuite>