<testsuite tests="160">
  <testcase classname="FinalizerHandler_Test" name="bypassFinalizerShouldSucceed" time="32" />
  <testcase classname="FinalizerHandler_Test" name="bypassedFinalizerShouldNotExecute" time="28" />
  <testcase classname="FinalizerHandler_Test" name="clearAllFinalizerBypassesShouldSucceed" time="19" />
  <testcase classname="FinalizerHandler_Test" name="clearFinalizerBypassShouldSucceed" time="17" />
  <testcase classname="FinalizerHandler_Test" name="finalizerIsBypassedShouldSucceed" time="18" />
  <testcase classname="FinalizerHandler_Test" name="finalizerThatInvokesDmlShouldCauseException" time="25" />
  <testcase classname="FinalizerHandler_Test" name="finalizersShouldExecuteInOrder" time="25" />
  <testcase classname="FinalizerHandler_Test" name="invalidFinalizerClassShouldThrowException" time="18" />
  <testcase classname="FinalizerHandler_Test" name="noConfiguredFinalizerShouldTakeNoAction" time="18" />
  <testcase classname="FinalizerHandler_Test" name="properlyConfiguredFinalizerShouldExecute" time="25" />
  <testcase classname="FinalizerHandler_Test" name="referencedClassDoesNotImplementDmlFinalizerShouldThrowException" time="27" />
  <testcase classname="FinalizerHandler_Test" name="staticallyBypassedFinalizerShouldNotExecute" time="19" />
  <testcase classname="FinalizerHandler_Test" name="userWithBypassPermissionDefinedOnFinalizerShouldNotExecute" time="19" />
  <testcase classname="FinalizerHandler_Test" name="userWithoutRequiredPermissionDefinedOnFinalizerShouldNotExecute" time="17" />
  <testcase classname="FlowChangeEventHeader_Test" name="shouldBeAbleToCompare" time="48" />
  <testcase classname="FlowChangeEventHeader_Test" name="shouldBeAbleToConstruct" time="41" />
  <testcase classname="FlowChangeEventHeader_Test" name="shouldBeAbleToGenerateHashCode" time="28" />
  <testcase classname="FormulaFilter_Test" name="emptyClassShouldThrowException" time="39" />
  <testcase classname="FormulaFilter_Test" name="emptyStringFormulaShouldProcessAllRecords" time="21" />
  <testcase classname="FormulaFilter_Test" name="invalidFormulaSyntaxShouldThrowException" time="17" />
  <testcase classname="FormulaFilter_Test" name="noFormulaShouldProcessAllRecords" time="13" />
  <testcase classname="FormulaFilter_Test" name="nonExistentClassShouldThrowException" time="13" />
  <testcase classname="FormulaFilter_Test" name="nonGlobalShouldThrowException" time="15" />
  <testcase classname="FormulaFilter_Test" name="nonTriggerRecordClassShouldThrowException" time="16" />
  <testcase classname="FormulaFilter_Test" name="nullClassShouldThrowException" time="14" />
  <testcase classname="FormulaFilter_Test" name="validFormulaShouldFilterContentsOftriggerNew" time="16" />
  <testcase classname="FormulaFilter_Test" name="validFormulaWithNoMatchingRecordsShouldProcessNoRecords" time="15" />
  <testcase classname="MetadataTriggerHandler_Test" name="actionMetadataShouldConstruct" time="277" />
  <testcase classname="MetadataTriggerHandler_Test" name="actionShouldExecuteIfNoRequiredOrBypassPermissionsAreDefinedForSObjectOrAction" time="47" />
  <testcase classname="MetadataTriggerHandler_Test" name="actionShouldExecuteIfUserDoesNotHaveBypassPermissionForSObjectOrAction" time="38" />
  <testcase classname="MetadataTriggerHandler_Test" name="actionShouldNotExecuteIfUserDoesNotHaveRequiredPermissionForAction" time="28" />
  <testcase classname="MetadataTriggerHandler_Test" name="actionShouldNotExecuteIfUserDoesNotHaveRequiredPermissionForSObject" time="26" />
  <testcase classname="MetadataTriggerHandler_Test" name="actionShouldNotExecuteIfUserHasBypassPermissionForAction" time="26" />
  <testcase classname="MetadataTriggerHandler_Test" name="actionShouldNotExecuteIfUserHasBypassPermissionForSObject" time="34" />
  <testcase classname="MetadataTriggerHandler_Test" name="afterDeleteShouldFailWithIncorrectClass" time="30" />
  <testcase classname="MetadataTriggerHandler_Test" name="afterDeleteShouldFailWithIncorrectType" time="27" />
  <testcase classname="MetadataTriggerHandler_Test" name="afterDeleteShouldSucceed" time="30" />
  <testcase classname="MetadataTriggerHandler_Test" name="afterInsertShouldFailWithIncorrectClass" time="28" />
  <testcase classname="MetadataTriggerHandler_Test" name="afterInsertShouldFailWithIncorrectType" time="29" />
  <testcase classname="MetadataTriggerHandler_Test" name="afterInsertShouldSucceed" time="33" />
  <testcase classname="MetadataTriggerHandler_Test" name="afterUndeleteShouldFailWithIncorrectClass" time="28" />
  <testcase classname="MetadataTriggerHandler_Test" name="afterUndeleteShouldFailWithIncorrectType" time="26" />
  <testcase classname="MetadataTriggerHandler_Test" name="afterUndeleteShouldSucceed" time="32" />
  <testcase classname="MetadataTriggerHandler_Test" name="afterUpdateShouldFailWithIncorrectClass" time="28" />
  <testcase classname="MetadataTriggerHandler_Test" name="afterUpdateShouldFailWithIncorrectType" time="27" />
  <testcase classname="MetadataTriggerHandler_Test" name="afterUpdateShouldSucceed" time="52" />
  <testcase classname="MetadataTriggerHandler_Test" name="beforeDeleteShouldFailWithIncorrectClass" time="32" />
  <testcase classname="MetadataTriggerHandler_Test" name="beforeDeleteShouldFailWithIncorrectType" time="31" />
  <testcase classname="MetadataTriggerHandler_Test" name="beforeDeleteShouldSucceed" time="38" />
  <testcase classname="MetadataTriggerHandler_Test" name="beforeInsertShouldFailWithIncorrectClass" time="33" />
  <testcase classname="MetadataTriggerHandler_Test" name="beforeInsertShouldFailWithIncorrectType" time="33" />
  <testcase classname="MetadataTriggerHandler_Test" name="beforeInsertShouldSucceed" time="74" />
  <testcase classname="MetadataTriggerHandler_Test" name="beforeUpdateShouldFailWithIncorrectClass" time="28" />
  <testcase classname="MetadataTriggerHandler_Test" name="beforeUpdateShouldFailWithIncorrectType" time="24" />
  <testcase classname="MetadataTriggerHandler_Test" name="beforeUpdateShouldSucceed" time="22" />
  <testcase classname="MetadataTriggerHandler_Test" name="bypassShouldSucceed" time="20" />
  <testcase classname="MetadataTriggerHandler_Test" name="clearAllBypassesShouldSucceed" time="21" />
  <testcase classname="MetadataTriggerHandler_Test" name="clearBypassShouldSucceed" time="19" />
  <testcase classname="MetadataTriggerHandler_Test" name="finalizerShouldSucceed" time="24" />
  <testcase classname="MetadataTriggerHandler_Test" name="isBypassedShouldSucceed" time="21" />
  <testcase classname="MetadataTriggerHandler_Test" name="nothingToProcessShouldExitEarly" time="21" />
  <testcase classname="MetadataTriggerHandler_Test" name="theFrameworkShouldSupportFlow" time="24" />
  <testcase classname="MetadataTriggerHandler_Test" name="theFrameworkShouldSupportSObjectsFromManagedPackages" time="46" />
  <testcase classname="ReceiptSender_Test" name="testInvalidEmailTemplate" time="8384" />
  <testcase classname="ReceiptSender_Test" name="testSend" time="1197" />
  <testcase classname="ReceiptSender_Test" name="testSendReceiptWithDefaultFileName" time="773" />
  <testcase classname="ReceiptSender_Test" name="testSendWithInvalidRecordId" time="32" />
  <testcase classname="ReceiptSender_Test" name="testSendWithNoReceipt" time="216" />
  <testcase classname="ReceiptSender_Test" name="testSendWithNullRecordId" time="28" />
  <testcase classname="ReceiptSender_Test" name="testSendWithOrgWideEmailAddress" time="25" />
  <testcase classname="TA_CDL_PublishReceiptEvent_Test" name="testPublishReceiptEvent" time="110" />
  <testcase classname="TA_TRX_PublishCloseEvent_Test" name="testPublishCloseEvent" time="79" />
  <testcase classname="TransactionCloseActionsController_Test" name="testGetTransaction" time="12251" />
  <testcase classname="TransactionCloseActionsController_Test" name="testSendReceipt" time="1852" />
  <testcase classname="TransactionCloseActionsController_Test" name="testSendReceiptWithException" time="42" />
  <testcase classname="TransactionCloseActionsController_Test" name="testTransactionNotFound" time="41" />
  <testcase classname="TransactionCloseActionsSelector_Test" name="testGetTransaction" time="8812" />
  <testcase classname="TransactionCloseActionsSelector_Test" name="testTransactionNotFound" time="64" />
  <testcase classname="TriggerActionFlowAddError_Test" name="addErrorShouldAddAnErrorAtTheFieldSpecified" time="36" />
  <testcase classname="TriggerActionFlowAddError_Test" name="addErrorShouldSucceedWithValidRequest" time="28" />
  <testcase classname="TriggerActionFlowBypass_Test" name="bypassApexShouldSucceedWithValidRequest" time="41" />
  <testcase classname="TriggerActionFlowBypass_Test" name="bypassFlowShouldSucceedWithValidRequest" time="33" />
  <testcase classname="TriggerActionFlowBypass_Test" name="bypassObjectShouldSucceedWithValidRequest" time="25" />
  <testcase classname="TriggerActionFlowBypass_Test" name="bypassShouldFailWithInvalidType" time="26" />
  <testcase classname="TriggerActionFlowChangeEvent_Test" name="correctInputShouldProduceFlowInputs" time="14" />
  <testcase classname="TriggerActionFlowChangeEvent_Test" name="emptyInputShouldProduceEmptyFlowInputs" time="21" />
  <testcase classname="TriggerActionFlowChangeEvent_Test" name="wrongDataTypeShouldThrowException" time="15" />
  <testcase classname="TriggerActionFlowClearAllBypasses_Test" name="clearAllBypassApexShouldSucceedWithValidRequest" time="44" />
  <testcase classname="TriggerActionFlowClearAllBypasses_Test" name="clearAllBypassFlowShouldSucceedWithValidRequest" time="30" />
  <testcase classname="TriggerActionFlowClearAllBypasses_Test" name="clearAllBypassObjectShouldSucceedWithValidRequest" time="22" />
  <testcase classname="TriggerActionFlowClearAllBypasses_Test" name="clearAllBypassShouldFailWithInvalidType" time="24" />
  <testcase classname="TriggerActionFlowClearBypass_Test" name="clearBypassApexShouldSucceedWithValidRequest" time="109" />
  <testcase classname="TriggerActionFlowClearBypass_Test" name="clearBypassFlowShouldSucceedWithValidRequest" time="20" />
  <testcase classname="TriggerActionFlowClearBypass_Test" name="clearBypassObjecthouldSucceedWithValidRequest" time="16" />
  <testcase classname="TriggerActionFlowClearBypass_Test" name="clearBypassShouldFailWithInvalidType" time="18" />
  <testcase classname="TriggerActionFlowIsBypassed_Test" name="isBypassedApexShouldSucceedWithValidRequest" time="92" />
  <testcase classname="TriggerActionFlowIsBypassed_Test" name="isBypassedFlowShouldSucceedWithValidRequest" time="37" />
  <testcase classname="TriggerActionFlowIsBypassed_Test" name="isBypassedObjectShouldSucceedWithValidRequest" time="27" />
  <testcase classname="TriggerActionFlowIsBypassed_Test" name="isBypassedShouldFailWithInvalidType" time="26" />
  <testcase classname="TriggerActionFlow_Test" name="afterDeleteShouldSucceed" time="49" />
  <testcase classname="TriggerActionFlow_Test" name="afterInsertShouldSucceed" time="19" />
  <testcase classname="TriggerActionFlow_Test" name="afterUndeleteShouldSucceed" time="19" />
  <testcase classname="TriggerActionFlow_Test" name="afterUpdateShouldSucceed" time="13" />
  <testcase classname="TriggerActionFlow_Test" name="afterUpdateWithNoRecordsToProcessShouldSucceed" time="13" />
  <testcase classname="TriggerActionFlow_Test" name="beforeDeleteShouldSucceed" time="14" />
  <testcase classname="TriggerActionFlow_Test" name="beforeInsertShouldSucceed" time="16" />
  <testcase classname="TriggerActionFlow_Test" name="beforeUpdateShouldSucceed" time="16" />
  <testcase classname="TriggerActionFlow_Test" name="beforeUpdateWithNoRecordsToProcessShouldSucceed" time="15" />
  <testcase classname="TriggerActionFlow_Test" name="bypassShouldSucceed" time="21" />
  <testcase classname="TriggerActionFlow_Test" name="clearAllBypassesShouldSucceed" time="15" />
  <testcase classname="TriggerActionFlow_Test" name="clearBypassShouldSucceed" time="14" />
  <testcase classname="TriggerActionFlow_Test" name="emptyFlowNameShouldThrowException" time="14" />
  <testcase classname="TriggerActionFlow_Test" name="flowMissingRecordVariableInOutputShouldThrowException" time="18" />
  <testcase classname="TriggerActionFlow_Test" name="invokeFlowShouldReturnUnsuccessfulResponseWithBogusFlowName" time="41" />
  <testcase classname="TriggerActionFlow_Test" name="isBypassedShouldSucceed" time="16" />
  <testcase classname="TriggerActionFlow_Test" name="noRecordMutationsShouldSucceed" time="14" />
  <testcase classname="TriggerActionFlow_Test" name="nulledFieldInFlowShouldBeTransferredBack" time="15" />
  <testcase classname="TriggerActionFlow_Test" name="shouldDoNothingWhenBypassed" time="14" />
  <testcase classname="TriggerActionFlow_Test" name="unsuccessfulActionResultShouldBeAddedAsErrorToRecord" time="15" />
  <testcase classname="TriggerActionFlow_Test" name="validateTypeShouldThrowExceptionWithInvalidInput" time="13" />
  <testcase classname="TriggerBase_Test" name="afterDeleteShouldSucceed" time="36" />
  <testcase classname="TriggerBase_Test" name="afterInsertShouldSucceed" time="26" />
  <testcase classname="TriggerBase_Test" name="afterUndeleteShouldSucceed" time="13" />
  <testcase classname="TriggerBase_Test" name="afterUpdateShouldSucceed" time="14" />
  <testcase classname="TriggerBase_Test" name="beforeDeleteShouldSucceed" time="14" />
  <testcase classname="TriggerBase_Test" name="beforeInsertShouldSucceed" time="12" />
  <testcase classname="TriggerBase_Test" name="beforeUpdateShouldSucceed" time="14" />
  <testcase classname="TriggerBase_Test" name="bypassShouldSucceed" time="14" />
  <testcase classname="TriggerBase_Test" name="clearAllBypassesShouldSucceed" time="13" />
  <testcase classname="TriggerBase_Test" name="clearBypassShouldSucceed" time="12" />
  <testcase classname="TriggerBase_Test" name="finalizingWithoutWaitingShouldThrowError" time="14" />
  <testcase classname="TriggerBase_Test" name="idToNumberOfTimesSeenAfterUpdate" time="14" />
  <testcase classname="TriggerBase_Test" name="idToNumberOfTimesSeenBeforeUpdate" time="13" />
  <testcase classname="TriggerBase_Test" name="inverseContextsShouldFinalizeDmlOperationDelete" time="14" />
  <testcase classname="TriggerBase_Test" name="inverseContextsShouldFinalizeDmlOperationInsert" time="15" />
  <testcase classname="TriggerBase_Test" name="inverseContextsShouldFinalizeDmlOperationUndelete" time="19" />
  <testcase classname="TriggerBase_Test" name="inverseContextsShouldFinalizeDmlOperationUpdate" time="16" />
  <testcase classname="TriggerBase_Test" name="isBypassedShouldSucceed" time="16" />
  <testcase classname="TriggerBase_Test" name="offsetRowsShouldWork" time="13" />
  <testcase classname="TriggerBase_Test" name="oldAndNewShouldComeFromTrigger" time="17" />
  <testcase classname="TriggerBase_Test" name="peekShouldShowMostRecentlyAdded" time="13" />
  <testcase classname="TriggerBase_Test" name="peekingStackWhileEmptyShouldThrowException" time="13" />
  <testcase classname="TriggerBase_Test" name="poppingStackWhileEmptyShouldThrowException" time="13" />
  <testcase classname="TriggerBase_Test" name="runShouldDoNothingWhenBypassed" time="14" />
  <testcase classname="TriggerBase_Test" name="runShouldFailWhenCalledOutsideTrigger" time="14" />
  <testcase classname="TriggerBase_Test" name="sObjectNameShouldBePopulatedFromTriggerNew" time="14" />
  <testcase classname="TriggerBase_Test" name="sObjectNameShouldBePopulatedFromTriggerOld" time="16" />
  <testcase classname="TriggerBase_Test" name="stackDepthShouldBeCalculatedProperly" time="12" />
  <testcase classname="TriggerBase_Test" name="stackShouldBeFirstInLastOut" time="12" />
  <testcase classname="TriggerBase_Test" name="stackShouldBeLastInFirstOut" time="14" />
  <testcase classname="TriggerBase_Test" name="stacksShouldBeAbleToDetermineIftheyAreEmpty" time="13" />
  <testcase classname="TriggerBase_Test" name="waitingThenFinalizingShouldWork" time="13" />
  <testcase classname="TriggerRecord_Test" name="shouldBeAbleToConstructATriggerRecord" time="9" />
  <testcase classname="Triggers_Test" name="testContentDocumentLinkTrigger" time="8246" />
  <testcase classname="Triggers_Test" name="testContractAndFormTrigger" time="684" />
  <testcase classname="Triggers_Test" name="testTransactionTrigger" time="208" />
  <testcase classname="Triggers_Test" name="testTransactionTriggerRecord" time="22" />
  <testcase classname="Util_Test" name="testGetNamespace" time="46" />
  <testcase classname="Util_Test" name="testIsOrgEmailEnabled" time="34" />
  <testcase classname="Util_Test" name="testPrefixNamespace" time="21" />
</testsuite>