<testsuite tests="146">
  <testcase classname="FinalizerHandler_Test" name="bypassFinalizerShouldSucceed" time="26" />
  <testcase classname="FinalizerHandler_Test" name="bypassedFinalizerShouldNotExecute" time="35" />
  <testcase classname="FinalizerHandler_Test" name="clearAllFinalizerBypassesShouldSucceed" time="24" />
  <testcase classname="FinalizerHandler_Test" name="clearFinalizerBypassShouldSucceed" time="25" />
  <testcase classname="FinalizerHandler_Test" name="finalizerIsBypassedShouldSucceed" time="84" />
  <testcase classname="FinalizerHandler_Test" name="finalizerThatInvokesDmlShouldCauseException" time="30" />
  <testcase classname="FinalizerHandler_Test" name="finalizersShouldExecuteInOrder" time="24" />
  <testcase classname="FinalizerHandler_Test" name="invalidFinalizerClassShouldThrowException" time="22" />
  <testcase classname="FinalizerHandler_Test" name="noConfiguredFinalizerShouldTakeNoAction" time="23" />
  <testcase classname="FinalizerHandler_Test" name="properlyConfiguredFinalizerShouldExecute" time="33" />
  <testcase classname="FinalizerHandler_Test" name="referencedClassDoesNotImplementDmlFinalizerShouldThrowException" time="22" />
  <testcase classname="FinalizerHandler_Test" name="staticallyBypassedFinalizerShouldNotExecute" time="21" />
  <testcase classname="FinalizerHandler_Test" name="userWithBypassPermissionDefinedOnFinalizerShouldNotExecute" time="21" />
  <testcase classname="FinalizerHandler_Test" name="userWithoutRequiredPermissionDefinedOnFinalizerShouldNotExecute" time="21" />
  <testcase classname="FlowChangeEventHeader_Test" name="shouldBeAbleToCompare" time="15" />
  <testcase classname="FlowChangeEventHeader_Test" name="shouldBeAbleToConstruct" time="24" />
  <testcase classname="FlowChangeEventHeader_Test" name="shouldBeAbleToGenerateHashCode" time="14" />
  <testcase classname="FormulaFilter_Test" name="emptyClassShouldThrowException" time="33" />
  <testcase classname="FormulaFilter_Test" name="emptyStringFormulaShouldProcessAllRecords" time="37" />
  <testcase classname="FormulaFilter_Test" name="invalidFormulaSyntaxShouldThrowException" time="31" />
  <testcase classname="FormulaFilter_Test" name="noFormulaShouldProcessAllRecords" time="25" />
  <testcase classname="FormulaFilter_Test" name="nonExistentClassShouldThrowException" time="25" />
  <testcase classname="FormulaFilter_Test" name="nonGlobalShouldThrowException" time="31" />
  <testcase classname="FormulaFilter_Test" name="nonTriggerRecordClassShouldThrowException" time="30" />
  <testcase classname="FormulaFilter_Test" name="nullClassShouldThrowException" time="28" />
  <testcase classname="FormulaFilter_Test" name="validFormulaShouldFilterContentsOftriggerNew" time="26" />
  <testcase classname="FormulaFilter_Test" name="validFormulaWithNoMatchingRecordsShouldProcessNoRecords" time="29" />
  <testcase classname="MetadataTriggerHandler_Test" name="actionMetadataShouldConstruct" time="269" />
  <testcase classname="MetadataTriggerHandler_Test" name="actionShouldExecuteIfNoRequiredOrBypassPermissionsAreDefinedForSObjectOrAction" time="54" />
  <testcase classname="MetadataTriggerHandler_Test" name="actionShouldExecuteIfUserDoesNotHaveBypassPermissionForSObjectOrAction" time="39" />
  <testcase classname="MetadataTriggerHandler_Test" name="actionShouldNotExecuteIfUserDoesNotHaveRequiredPermissionForAction" time="29" />
  <testcase classname="MetadataTriggerHandler_Test" name="actionShouldNotExecuteIfUserDoesNotHaveRequiredPermissionForSObject" time="28" />
  <testcase classname="MetadataTriggerHandler_Test" name="actionShouldNotExecuteIfUserHasBypassPermissionForAction" time="26" />
  <testcase classname="MetadataTriggerHandler_Test" name="actionShouldNotExecuteIfUserHasBypassPermissionForSObject" time="26" />
  <testcase classname="MetadataTriggerHandler_Test" name="afterDeleteShouldFailWithIncorrectClass" time="26" />
  <testcase classname="MetadataTriggerHandler_Test" name="afterDeleteShouldFailWithIncorrectType" time="26" />
  <testcase classname="MetadataTriggerHandler_Test" name="afterDeleteShouldSucceed" time="31" />
  <testcase classname="MetadataTriggerHandler_Test" name="afterInsertShouldFailWithIncorrectClass" time="25" />
  <testcase classname="MetadataTriggerHandler_Test" name="afterInsertShouldFailWithIncorrectType" time="25" />
  <testcase classname="MetadataTriggerHandler_Test" name="afterInsertShouldSucceed" time="19" />
  <testcase classname="MetadataTriggerHandler_Test" name="afterUndeleteShouldFailWithIncorrectClass" time="28" />
  <testcase classname="MetadataTriggerHandler_Test" name="afterUndeleteShouldFailWithIncorrectType" time="25" />
  <testcase classname="MetadataTriggerHandler_Test" name="afterUndeleteShouldSucceed" time="31" />
  <testcase classname="MetadataTriggerHandler_Test" name="afterUpdateShouldFailWithIncorrectClass" time="32" />
  <testcase classname="MetadataTriggerHandler_Test" name="afterUpdateShouldFailWithIncorrectType" time="30" />
  <testcase classname="MetadataTriggerHandler_Test" name="afterUpdateShouldSucceed" time="29" />
  <testcase classname="MetadataTriggerHandler_Test" name="beforeDeleteShouldFailWithIncorrectClass" time="27" />
  <testcase classname="MetadataTriggerHandler_Test" name="beforeDeleteShouldFailWithIncorrectType" time="30" />
  <testcase classname="MetadataTriggerHandler_Test" name="beforeDeleteShouldSucceed" time="30" />
  <testcase classname="MetadataTriggerHandler_Test" name="beforeInsertShouldFailWithIncorrectClass" time="26" />
  <testcase classname="MetadataTriggerHandler_Test" name="beforeInsertShouldFailWithIncorrectType" time="31" />
  <testcase classname="MetadataTriggerHandler_Test" name="beforeInsertShouldSucceed" time="29" />
  <testcase classname="MetadataTriggerHandler_Test" name="beforeUpdateShouldFailWithIncorrectClass" time="29" />
  <testcase classname="MetadataTriggerHandler_Test" name="beforeUpdateShouldFailWithIncorrectType" time="28" />
  <testcase classname="MetadataTriggerHandler_Test" name="beforeUpdateShouldSucceed" time="34" />
  <testcase classname="MetadataTriggerHandler_Test" name="bypassShouldSucceed" time="26" />
  <testcase classname="MetadataTriggerHandler_Test" name="clearAllBypassesShouldSucceed" time="28" />
  <testcase classname="MetadataTriggerHandler_Test" name="clearBypassShouldSucceed" time="27" />
  <testcase classname="MetadataTriggerHandler_Test" name="finalizerShouldSucceed" time="29" />
  <testcase classname="MetadataTriggerHandler_Test" name="isBypassedShouldSucceed" time="28" />
  <testcase classname="MetadataTriggerHandler_Test" name="nothingToProcessShouldExitEarly" time="29" />
  <testcase classname="MetadataTriggerHandler_Test" name="theFrameworkShouldSupportFlow" time="34" />
  <testcase classname="MetadataTriggerHandler_Test" name="theFrameworkShouldSupportSObjectsFromManagedPackages" time="100" />
  <testcase classname="ReceiptSender_Test" name="testSendReceipt" time="17" />
  <testcase classname="TA_CDL_PublishReceiptEvent_Test" name="testPublishReceiptEvent" time="91" />
  <testcase classname="TA_TRX_PublishCloseEvent_Test" name="testPublishCloseEvent" time="108" />
  <testcase classname="TransactionCloseActionsSelector_Test" name="testGetTransaction" time="17477" />
  <testcase classname="TransactionCloseActionsSelector_Test" name="testTransactionNotFound" time="87" />
  <testcase classname="TriggerActionFlowAddError_Test" name="addErrorShouldAddAnErrorAtTheFieldSpecified" time="56" />
  <testcase classname="TriggerActionFlowAddError_Test" name="addErrorShouldSucceedWithValidRequest" time="26" />
  <testcase classname="TriggerActionFlowBypass_Test" name="bypassApexShouldSucceedWithValidRequest" time="37" />
  <testcase classname="TriggerActionFlowBypass_Test" name="bypassFlowShouldSucceedWithValidRequest" time="42" />
  <testcase classname="TriggerActionFlowBypass_Test" name="bypassObjectShouldSucceedWithValidRequest" time="23" />
  <testcase classname="TriggerActionFlowBypass_Test" name="bypassShouldFailWithInvalidType" time="26" />
  <testcase classname="TriggerActionFlowChangeEvent_Test" name="correctInputShouldProduceFlowInputs" time="35" />
  <testcase classname="TriggerActionFlowChangeEvent_Test" name="emptyInputShouldProduceEmptyFlowInputs" time="29" />
  <testcase classname="TriggerActionFlowChangeEvent_Test" name="wrongDataTypeShouldThrowException" time="25" />
  <testcase classname="TriggerActionFlowClearAllBypasses_Test" name="clearAllBypassApexShouldSucceedWithValidRequest" time="63" />
  <testcase classname="TriggerActionFlowClearAllBypasses_Test" name="clearAllBypassFlowShouldSucceedWithValidRequest" time="71" />
  <testcase classname="TriggerActionFlowClearAllBypasses_Test" name="clearAllBypassObjectShouldSucceedWithValidRequest" time="30" />
  <testcase classname="TriggerActionFlowClearAllBypasses_Test" name="clearAllBypassShouldFailWithInvalidType" time="30" />
  <testcase classname="TriggerActionFlowClearBypass_Test" name="clearBypassApexShouldSucceedWithValidRequest" time="57" />
  <testcase classname="TriggerActionFlowClearBypass_Test" name="clearBypassFlowShouldSucceedWithValidRequest" time="34" />
  <testcase classname="TriggerActionFlowClearBypass_Test" name="clearBypassObjecthouldSucceedWithValidRequest" time="25" />
  <testcase classname="TriggerActionFlowClearBypass_Test" name="clearBypassShouldFailWithInvalidType" time="25" />
  <testcase classname="TriggerActionFlowIsBypassed_Test" name="isBypassedApexShouldSucceedWithValidRequest" time="52" />
  <testcase classname="TriggerActionFlowIsBypassed_Test" name="isBypassedFlowShouldSucceedWithValidRequest" time="38" />
  <testcase classname="TriggerActionFlowIsBypassed_Test" name="isBypassedObjectShouldSucceedWithValidRequest" time="21" />
  <testcase classname="TriggerActionFlowIsBypassed_Test" name="isBypassedShouldFailWithInvalidType" time="27" />
  <testcase classname="TriggerActionFlow_Test" name="afterDeleteShouldSucceed" time="61" />
  <testcase classname="TriggerActionFlow_Test" name="afterInsertShouldSucceed" time="39" />
  <testcase classname="TriggerActionFlow_Test" name="afterUndeleteShouldSucceed" time="22" />
  <testcase classname="TriggerActionFlow_Test" name="afterUpdateShouldSucceed" time="33" />
  <testcase classname="TriggerActionFlow_Test" name="afterUpdateWithNoRecordsToProcessShouldSucceed" time="23" />
  <testcase classname="TriggerActionFlow_Test" name="beforeDeleteShouldSucceed" time="25" />
  <testcase classname="TriggerActionFlow_Test" name="beforeInsertShouldSucceed" time="25" />
  <testcase classname="TriggerActionFlow_Test" name="beforeUpdateShouldSucceed" time="23" />
  <testcase classname="TriggerActionFlow_Test" name="beforeUpdateWithNoRecordsToProcessShouldSucceed" time="22" />
  <testcase classname="TriggerActionFlow_Test" name="bypassShouldSucceed" time="26" />
  <testcase classname="TriggerActionFlow_Test" name="clearAllBypassesShouldSucceed" time="23" />
  <testcase classname="TriggerActionFlow_Test" name="clearBypassShouldSucceed" time="23" />
  <testcase classname="TriggerActionFlow_Test" name="emptyFlowNameShouldThrowException" time="25" />
  <testcase classname="TriggerActionFlow_Test" name="flowMissingRecordVariableInOutputShouldThrowException" time="27" />
  <testcase classname="TriggerActionFlow_Test" name="invokeFlowShouldReturnUnsuccessfulResponseWithBogusFlowName" time="53" />
  <testcase classname="TriggerActionFlow_Test" name="isBypassedShouldSucceed" time="25" />
  <testcase classname="TriggerActionFlow_Test" name="noRecordMutationsShouldSucceed" time="69" />
  <testcase classname="TriggerActionFlow_Test" name="nulledFieldInFlowShouldBeTransferredBack" time="49" />
  <testcase classname="TriggerActionFlow_Test" name="shouldDoNothingWhenBypassed" time="22" />
  <testcase classname="TriggerActionFlow_Test" name="unsuccessfulActionResultShouldBeAddedAsErrorToRecord" time="27" />
  <testcase classname="TriggerActionFlow_Test" name="validateTypeShouldThrowExceptionWithInvalidInput" time="23" />
  <testcase classname="TriggerBase_Test" name="afterDeleteShouldSucceed" time="48" />
  <testcase classname="TriggerBase_Test" name="afterInsertShouldSucceed" time="40" />
  <testcase classname="TriggerBase_Test" name="afterUndeleteShouldSucceed" time="29" />
  <testcase classname="TriggerBase_Test" name="afterUpdateShouldSucceed" time="26" />
  <testcase classname="TriggerBase_Test" name="beforeDeleteShouldSucceed" time="28" />
  <testcase classname="TriggerBase_Test" name="beforeInsertShouldSucceed" time="51" />
  <testcase classname="TriggerBase_Test" name="beforeUpdateShouldSucceed" time="25" />
  <testcase classname="TriggerBase_Test" name="bypassShouldSucceed" time="27" />
  <testcase classname="TriggerBase_Test" name="clearAllBypassesShouldSucceed" time="27" />
  <testcase classname="TriggerBase_Test" name="clearBypassShouldSucceed" time="23" />
  <testcase classname="TriggerBase_Test" name="finalizingWithoutWaitingShouldThrowError" time="26" />
  <testcase classname="TriggerBase_Test" name="idToNumberOfTimesSeenAfterUpdate" time="31" />
  <testcase classname="TriggerBase_Test" name="idToNumberOfTimesSeenBeforeUpdate" time="25" />
  <testcase classname="TriggerBase_Test" name="inverseContextsShouldFinalizeDmlOperationDelete" time="27" />
  <testcase classname="TriggerBase_Test" name="inverseContextsShouldFinalizeDmlOperationInsert" time="26" />
  <testcase classname="TriggerBase_Test" name="inverseContextsShouldFinalizeDmlOperationUndelete" time="29" />
  <testcase classname="TriggerBase_Test" name="inverseContextsShouldFinalizeDmlOperationUpdate" time="31" />
  <testcase classname="TriggerBase_Test" name="isBypassedShouldSucceed" time="26" />
  <testcase classname="TriggerBase_Test" name="offsetRowsShouldWork" time="26" />
  <testcase classname="TriggerBase_Test" name="oldAndNewShouldComeFromTrigger" time="30" />
  <testcase classname="TriggerBase_Test" name="peekShouldShowMostRecentlyAdded" time="25" />
  <testcase classname="TriggerBase_Test" name="peekingStackWhileEmptyShouldThrowException" time="25" />
  <testcase classname="TriggerBase_Test" name="poppingStackWhileEmptyShouldThrowException" time="23" />
  <testcase classname="TriggerBase_Test" name="runShouldDoNothingWhenBypassed" time="24" />
  <testcase classname="TriggerBase_Test" name="runShouldFailWhenCalledOutsideTrigger" time="26" />
  <testcase classname="TriggerBase_Test" name="sObjectNameShouldBePopulatedFromTriggerNew" time="24" />
  <testcase classname="TriggerBase_Test" name="sObjectNameShouldBePopulatedFromTriggerOld" time="24" />
  <testcase classname="TriggerBase_Test" name="stackDepthShouldBeCalculatedProperly" time="23" />
  <testcase classname="TriggerBase_Test" name="stackShouldBeFirstInLastOut" time="30" />
  <testcase classname="TriggerBase_Test" name="stackShouldBeLastInFirstOut" time="24" />
  <testcase classname="TriggerBase_Test" name="stacksShouldBeAbleToDetermineIftheyAreEmpty" time="24" />
  <testcase classname="TriggerBase_Test" name="waitingThenFinalizingShouldWork" time="26" />
  <testcase classname="TriggerRecord_Test" name="shouldBeAbleToConstructATriggerRecord" time="18" />
  <testcase classname="Triggers_Test" name="testContentDocumentLinkTrigger" time="19967" />
  <testcase classname="Triggers_Test" name="testTransactionTrigger" time="430" />
  <testcase classname="Triggers_Test" name="testTransactionTriggerRecord" time="33" />
</testsuite>