<testsuite tests="139">
  <testcase classname="FinalizerHandler_Test" name="bypassFinalizerShouldSucceed" time="30" />
  <testcase classname="FinalizerHandler_Test" name="bypassedFinalizerShouldNotExecute" time="8" />
  <testcase classname="FinalizerHandler_Test" name="clearAllFinalizerBypassesShouldSucceed" time="3" />
  <testcase classname="FinalizerHandler_Test" name="clearFinalizerBypassShouldSucceed" time="3" />
  <testcase classname="FinalizerHandler_Test" name="finalizerIsBypassedShouldSucceed" time="3" />
  <testcase classname="FinalizerHandler_Test" name="finalizerThatInvokesDmlShouldCauseException" time="8" />
  <testcase classname="FinalizerHandler_Test" name="finalizersShouldExecuteInOrder" time="6" />
  <testcase classname="FinalizerHandler_Test" name="invalidFinalizerClassShouldThrowException" time="4" />
  <testcase classname="FinalizerHandler_Test" name="noConfiguredFinalizerShouldTakeNoAction" time="11" />
  <testcase classname="FinalizerHandler_Test" name="properlyConfiguredFinalizerShouldExecute" time="8" />
  <testcase classname="FinalizerHandler_Test" name="referencedClassDoesNotImplementDmlFinalizerShouldThrowException" time="5" />
  <testcase classname="FinalizerHandler_Test" name="staticallyBypassedFinalizerShouldNotExecute" time="3" />
  <testcase classname="FinalizerHandler_Test" name="userWithBypassPermissionDefinedOnFinalizerShouldNotExecute" time="4" />
  <testcase classname="FinalizerHandler_Test" name="userWithoutRequiredPermissionDefinedOnFinalizerShouldNotExecute" time="4" />
  <testcase classname="FlowChangeEventHeader_Test" name="shouldBeAbleToCompare" time="32" />
  <testcase classname="FlowChangeEventHeader_Test" name="shouldBeAbleToConstruct" time="3" />
  <testcase classname="FlowChangeEventHeader_Test" name="shouldBeAbleToGenerateHashCode" time="3" />
  <testcase classname="FormulaFilter_Test" name="emptyClassShouldThrowException" time="52" />
  <testcase classname="FormulaFilter_Test" name="emptyStringFormulaShouldProcessAllRecords" time="5" />
  <testcase classname="FormulaFilter_Test" name="invalidFormulaSyntaxShouldThrowException" time="58" />
  <testcase classname="FormulaFilter_Test" name="noFormulaShouldProcessAllRecords" time="4" />
  <testcase classname="FormulaFilter_Test" name="nonExistentClassShouldThrowException" time="6" />
  <testcase classname="FormulaFilter_Test" name="nonGlobalShouldThrowException" time="7" />
  <testcase classname="FormulaFilter_Test" name="nonTriggerRecordClassShouldThrowException" time="16" />
  <testcase classname="FormulaFilter_Test" name="nullClassShouldThrowException" time="5" />
  <testcase classname="FormulaFilter_Test" name="validFormulaShouldFilterContentsOftriggerNew" time="10" />
  <testcase classname="FormulaFilter_Test" name="validFormulaWithNoMatchingRecordsShouldProcessNoRecords" time="6" />
  <testcase classname="MetadataTriggerHandler_Test" name="actionMetadataShouldConstruct" time="140" />
  <testcase classname="MetadataTriggerHandler_Test" name="actionShouldExecuteIfNoRequiredOrBypassPermissionsAreDefinedForSObjectOrAction" time="15" />
  <testcase classname="MetadataTriggerHandler_Test" name="actionShouldExecuteIfUserDoesNotHaveBypassPermissionForSObjectOrAction" time="12" />
  <testcase classname="MetadataTriggerHandler_Test" name="actionShouldNotExecuteIfUserDoesNotHaveRequiredPermissionForAction" time="8" />
  <testcase classname="MetadataTriggerHandler_Test" name="actionShouldNotExecuteIfUserDoesNotHaveRequiredPermissionForSObject" time="7" />
  <testcase classname="MetadataTriggerHandler_Test" name="actionShouldNotExecuteIfUserHasBypassPermissionForAction" time="8" />
  <testcase classname="MetadataTriggerHandler_Test" name="actionShouldNotExecuteIfUserHasBypassPermissionForSObject" time="7" />
  <testcase classname="MetadataTriggerHandler_Test" name="afterDeleteShouldFailWithIncorrectClass" time="6" />
  <testcase classname="MetadataTriggerHandler_Test" name="afterDeleteShouldFailWithIncorrectType" time="7" />
  <testcase classname="MetadataTriggerHandler_Test" name="afterDeleteShouldSucceed" time="9" />
  <testcase classname="MetadataTriggerHandler_Test" name="afterInsertShouldFailWithIncorrectClass" time="7" />
  <testcase classname="MetadataTriggerHandler_Test" name="afterInsertShouldFailWithIncorrectType" time="7" />
  <testcase classname="MetadataTriggerHandler_Test" name="afterInsertShouldSucceed" time="8" />
  <testcase classname="MetadataTriggerHandler_Test" name="afterUndeleteShouldFailWithIncorrectClass" time="7" />
  <testcase classname="MetadataTriggerHandler_Test" name="afterUndeleteShouldFailWithIncorrectType" time="7" />
  <testcase classname="MetadataTriggerHandler_Test" name="afterUndeleteShouldSucceed" time="8" />
  <testcase classname="MetadataTriggerHandler_Test" name="afterUpdateShouldFailWithIncorrectClass" time="8" />
  <testcase classname="MetadataTriggerHandler_Test" name="afterUpdateShouldFailWithIncorrectType" time="7" />
  <testcase classname="MetadataTriggerHandler_Test" name="afterUpdateShouldSucceed" time="8" />
  <testcase classname="MetadataTriggerHandler_Test" name="beforeDeleteShouldFailWithIncorrectClass" time="7" />
  <testcase classname="MetadataTriggerHandler_Test" name="beforeDeleteShouldFailWithIncorrectType" time="7" />
  <testcase classname="MetadataTriggerHandler_Test" name="beforeDeleteShouldSucceed" time="8" />
  <testcase classname="MetadataTriggerHandler_Test" name="beforeInsertShouldFailWithIncorrectClass" time="6" />
  <testcase classname="MetadataTriggerHandler_Test" name="beforeInsertShouldFailWithIncorrectType" time="7" />
  <testcase classname="MetadataTriggerHandler_Test" name="beforeInsertShouldSucceed" time="7" />
  <testcase classname="MetadataTriggerHandler_Test" name="beforeUpdateShouldFailWithIncorrectClass" time="7" />
  <testcase classname="MetadataTriggerHandler_Test" name="beforeUpdateShouldFailWithIncorrectType" time="6" />
  <testcase classname="MetadataTriggerHandler_Test" name="beforeUpdateShouldSucceed" time="8" />
  <testcase classname="MetadataTriggerHandler_Test" name="bypassShouldSucceed" time="5" />
  <testcase classname="MetadataTriggerHandler_Test" name="clearAllBypassesShouldSucceed" time="5" />
  <testcase classname="MetadataTriggerHandler_Test" name="clearBypassShouldSucceed" time="5" />
  <testcase classname="MetadataTriggerHandler_Test" name="finalizerShouldSucceed" time="7" />
  <testcase classname="MetadataTriggerHandler_Test" name="isBypassedShouldSucceed" time="5" />
  <testcase classname="MetadataTriggerHandler_Test" name="nothingToProcessShouldExitEarly" time="7" />
  <testcase classname="MetadataTriggerHandler_Test" name="theFrameworkShouldSupportFlow" time="6" />
  <testcase classname="MetadataTriggerHandler_Test" name="theFrameworkShouldSupportSObjectsFromManagedPackages" time="15" />
  <testcase classname="TriggerActionFlowAddError_Test" name="addErrorShouldAddAnErrorAtTheFieldSpecified" time="53" />
  <testcase classname="TriggerActionFlowAddError_Test" name="addErrorShouldSucceedWithValidRequest" time="5" />
  <testcase classname="TriggerActionFlowBypass_Test" name="bypassApexShouldSucceedWithValidRequest" time="78" />
  <testcase classname="TriggerActionFlowBypass_Test" name="bypassFlowShouldSucceedWithValidRequest" time="6" />
  <testcase classname="TriggerActionFlowBypass_Test" name="bypassObjectShouldSucceedWithValidRequest" time="4" />
  <testcase classname="TriggerActionFlowBypass_Test" name="bypassShouldFailWithInvalidType" time="5" />
  <testcase classname="TriggerActionFlowChangeEvent_Test" name="correctInputShouldProduceFlowInputs" time="30" />
  <testcase classname="TriggerActionFlowChangeEvent_Test" name="emptyInputShouldProduceEmptyFlowInputs" time="4" />
  <testcase classname="TriggerActionFlowChangeEvent_Test" name="wrongDataTypeShouldThrowException" time="5" />
  <testcase classname="TriggerActionFlowClearAllBypasses_Test" name="clearAllBypassApexShouldSucceedWithValidRequest" time="81" />
  <testcase classname="TriggerActionFlowClearAllBypasses_Test" name="clearAllBypassFlowShouldSucceedWithValidRequest" time="7" />
  <testcase classname="TriggerActionFlowClearAllBypasses_Test" name="clearAllBypassObjectShouldSucceedWithValidRequest" time="5" />
  <testcase classname="TriggerActionFlowClearAllBypasses_Test" name="clearAllBypassShouldFailWithInvalidType" time="5" />
  <testcase classname="TriggerActionFlowClearBypass_Test" name="clearBypassApexShouldSucceedWithValidRequest" time="33" />
  <testcase classname="TriggerActionFlowClearBypass_Test" name="clearBypassFlowShouldSucceedWithValidRequest" time="4" />
  <testcase classname="TriggerActionFlowClearBypass_Test" name="clearBypassObjecthouldSucceedWithValidRequest" time="3" />
  <testcase classname="TriggerActionFlowClearBypass_Test" name="clearBypassShouldFailWithInvalidType" time="4" />
  <testcase classname="TriggerActionFlowIsBypassed_Test" name="isBypassedApexShouldSucceedWithValidRequest" time="43" />
  <testcase classname="TriggerActionFlowIsBypassed_Test" name="isBypassedFlowShouldSucceedWithValidRequest" time="7" />
  <testcase classname="TriggerActionFlowIsBypassed_Test" name="isBypassedObjectShouldSucceedWithValidRequest" time="5" />
  <testcase classname="TriggerActionFlowIsBypassed_Test" name="isBypassedShouldFailWithInvalidType" time="5" />
  <testcase classname="TriggerActionFlow_Test" name="afterDeleteShouldSucceed" time="39" />
  <testcase classname="TriggerActionFlow_Test" name="afterInsertShouldSucceed" time="5" />
  <testcase classname="TriggerActionFlow_Test" name="afterUndeleteShouldSucceed" time="5" />
  <testcase classname="TriggerActionFlow_Test" name="afterUpdateShouldSucceed" time="11" />
  <testcase classname="TriggerActionFlow_Test" name="afterUpdateWithNoRecordsToProcessShouldSucceed" time="4" />
  <testcase classname="TriggerActionFlow_Test" name="beforeDeleteShouldSucceed" time="4" />
  <testcase classname="TriggerActionFlow_Test" name="beforeInsertShouldSucceed" time="7" />
  <testcase classname="TriggerActionFlow_Test" name="beforeUpdateShouldSucceed" time="7" />
  <testcase classname="TriggerActionFlow_Test" name="beforeUpdateWithNoRecordsToProcessShouldSucceed" time="4" />
  <testcase classname="TriggerActionFlow_Test" name="bypassShouldSucceed" time="4" />
  <testcase classname="TriggerActionFlow_Test" name="clearAllBypassesShouldSucceed" time="5" />
  <testcase classname="TriggerActionFlow_Test" name="clearBypassShouldSucceed" time="5" />
  <testcase classname="TriggerActionFlow_Test" name="emptyFlowNameShouldThrowException" time="7" />
  <testcase classname="TriggerActionFlow_Test" name="flowMissingRecordVariableInOutputShouldThrowException" time="6" />
  <testcase classname="TriggerActionFlow_Test" name="invokeFlowShouldReturnUnsuccessfulResponseWithBogusFlowName" time="15" />
  <testcase classname="TriggerActionFlow_Test" name="isBypassedShouldSucceed" time="5" />
  <testcase classname="TriggerActionFlow_Test" name="noRecordMutationsShouldSucceed" time="6" />
  <testcase classname="TriggerActionFlow_Test" name="nulledFieldInFlowShouldBeTransferredBack" time="8" />
  <testcase classname="TriggerActionFlow_Test" name="shouldDoNothingWhenBypassed" time="7" />
  <testcase classname="TriggerActionFlow_Test" name="unsuccessfulActionResultShouldBeAddedAsErrorToRecord" time="11" />
  <testcase classname="TriggerActionFlow_Test" name="validateTypeShouldThrowExceptionWithInvalidInput" time="5" />
  <testcase classname="TriggerBase_Test" name="afterDeleteShouldSucceed" time="64" />
  <testcase classname="TriggerBase_Test" name="afterInsertShouldSucceed" time="7" />
  <testcase classname="TriggerBase_Test" name="afterUndeleteShouldSucceed" time="7" />
  <testcase classname="TriggerBase_Test" name="afterUpdateShouldSucceed" time="7" />
  <testcase classname="TriggerBase_Test" name="beforeDeleteShouldSucceed" time="7" />
  <testcase classname="TriggerBase_Test" name="beforeInsertShouldSucceed" time="6" />
  <testcase classname="TriggerBase_Test" name="beforeUpdateShouldSucceed" time="7" />
  <testcase classname="TriggerBase_Test" name="bypassShouldSucceed" time="5" />
  <testcase classname="TriggerBase_Test" name="clearAllBypassesShouldSucceed" time="5" />
  <testcase classname="TriggerBase_Test" name="clearBypassShouldSucceed" time="5" />
  <testcase classname="TriggerBase_Test" name="finalizingWithoutWaitingShouldThrowError" time="5" />
  <testcase classname="TriggerBase_Test" name="idToNumberOfTimesSeenAfterUpdate" time="9" />
  <testcase classname="TriggerBase_Test" name="idToNumberOfTimesSeenBeforeUpdate" time="9" />
  <testcase classname="TriggerBase_Test" name="inverseContextsShouldFinalizeDmlOperationDelete" time="8" />
  <testcase classname="TriggerBase_Test" name="inverseContextsShouldFinalizeDmlOperationInsert" time="8" />
  <testcase classname="TriggerBase_Test" name="inverseContextsShouldFinalizeDmlOperationUndelete" time="7" />
  <testcase classname="TriggerBase_Test" name="inverseContextsShouldFinalizeDmlOperationUpdate" time="11" />
  <testcase classname="TriggerBase_Test" name="isBypassedShouldSucceed" time="6" />
  <testcase classname="TriggerBase_Test" name="offsetRowsShouldWork" time="5" />
  <testcase classname="TriggerBase_Test" name="oldAndNewShouldComeFromTrigger" time="5" />
  <testcase classname="TriggerBase_Test" name="peekShouldShowMostRecentlyAdded" time="5" />
  <testcase classname="TriggerBase_Test" name="peekingStackWhileEmptyShouldThrowException" time="6" />
  <testcase classname="TriggerBase_Test" name="poppingStackWhileEmptyShouldThrowException" time="7" />
  <testcase classname="TriggerBase_Test" name="runShouldDoNothingWhenBypassed" time="6" />
  <testcase classname="TriggerBase_Test" name="runShouldFailWhenCalledOutsideTrigger" time="6" />
  <testcase classname="TriggerBase_Test" name="sObjectNameShouldBePopulatedFromTriggerNew" time="4" />
  <testcase classname="TriggerBase_Test" name="sObjectNameShouldBePopulatedFromTriggerOld" time="5" />
  <testcase classname="TriggerBase_Test" name="stackDepthShouldBeCalculatedProperly" time="5" />
  <testcase classname="TriggerBase_Test" name="stackShouldBeFirstInLastOut" time="5" />
  <testcase classname="TriggerBase_Test" name="stackShouldBeLastInFirstOut" time="5" />
  <testcase classname="TriggerBase_Test" name="stacksShouldBeAbleToDetermineIftheyAreEmpty" time="5" />
  <testcase classname="TriggerBase_Test" name="waitingThenFinalizingShouldWork" time="5" />
  <testcase classname="TriggerRecord_Test" name="shouldBeAbleToConstructATriggerRecord" time="28" />
  <testcase classname="Triggers_Test" name="testContentDocumentLinkTrigger" time="674" />
</testsuite>