<testsuite tests="140">
  <testcase classname="FinalizerHandler_Test" name="bypassFinalizerShouldSucceed" time="45" />
  <testcase classname="FinalizerHandler_Test" name="bypassedFinalizerShouldNotExecute" time="8" />
  <testcase classname="FinalizerHandler_Test" name="clearAllFinalizerBypassesShouldSucceed" time="5" />
  <testcase classname="FinalizerHandler_Test" name="clearFinalizerBypassShouldSucceed" time="5" />
  <testcase classname="FinalizerHandler_Test" name="finalizerIsBypassedShouldSucceed" time="5" />
  <testcase classname="FinalizerHandler_Test" name="finalizerThatInvokesDmlShouldCauseException" time="8" />
  <testcase classname="FinalizerHandler_Test" name="finalizersShouldExecuteInOrder" time="7" />
  <testcase classname="FinalizerHandler_Test" name="invalidFinalizerClassShouldThrowException" time="5" />
  <testcase classname="FinalizerHandler_Test" name="noConfiguredFinalizerShouldTakeNoAction" time="19" />
  <testcase classname="FinalizerHandler_Test" name="properlyConfiguredFinalizerShouldExecute" time="11" />
  <testcase classname="FinalizerHandler_Test" name="referencedClassDoesNotImplementDmlFinalizerShouldThrowException" time="6" />
  <testcase classname="FinalizerHandler_Test" name="staticallyBypassedFinalizerShouldNotExecute" time="5" />
  <testcase classname="FinalizerHandler_Test" name="userWithBypassPermissionDefinedOnFinalizerShouldNotExecute" time="5" />
  <testcase classname="FinalizerHandler_Test" name="userWithoutRequiredPermissionDefinedOnFinalizerShouldNotExecute" time="5" />
  <testcase classname="FlowChangeEventHeader_Test" name="shouldBeAbleToCompare" time="39" />
  <testcase classname="FlowChangeEventHeader_Test" name="shouldBeAbleToConstruct" time="6" />
  <testcase classname="FlowChangeEventHeader_Test" name="shouldBeAbleToGenerateHashCode" time="6" />
  <testcase classname="FormulaFilter_Test" name="emptyClassShouldThrowException" time="44" />
  <testcase classname="FormulaFilter_Test" name="emptyStringFormulaShouldProcessAllRecords" time="4" />
  <testcase classname="FormulaFilter_Test" name="invalidFormulaSyntaxShouldThrowException" time="37" />
  <testcase classname="FormulaFilter_Test" name="noFormulaShouldProcessAllRecords" time="4" />
  <testcase classname="FormulaFilter_Test" name="nonExistentClassShouldThrowException" time="6" />
  <testcase classname="FormulaFilter_Test" name="nonGlobalShouldThrowException" time="8" />
  <testcase classname="FormulaFilter_Test" name="nonTriggerRecordClassShouldThrowException" time="10" />
  <testcase classname="FormulaFilter_Test" name="nullClassShouldThrowException" time="5" />
  <testcase classname="FormulaFilter_Test" name="validFormulaShouldFilterContentsOftriggerNew" time="6" />
  <testcase classname="FormulaFilter_Test" name="validFormulaWithNoMatchingRecordsShouldProcessNoRecords" time="5" />
  <testcase classname="MetadataTriggerHandler_Test" name="actionMetadataShouldConstruct" time="270" />
  <testcase classname="MetadataTriggerHandler_Test" name="actionShouldExecuteIfNoRequiredOrBypassPermissionsAreDefinedForSObjectOrAction" time="7" />
  <testcase classname="MetadataTriggerHandler_Test" name="actionShouldExecuteIfUserDoesNotHaveBypassPermissionForSObjectOrAction" time="9" />
  <testcase classname="MetadataTriggerHandler_Test" name="actionShouldNotExecuteIfUserDoesNotHaveRequiredPermissionForAction" time="4" />
  <testcase classname="MetadataTriggerHandler_Test" name="actionShouldNotExecuteIfUserDoesNotHaveRequiredPermissionForSObject" time="4" />
  <testcase classname="MetadataTriggerHandler_Test" name="actionShouldNotExecuteIfUserHasBypassPermissionForAction" time="4" />
  <testcase classname="MetadataTriggerHandler_Test" name="actionShouldNotExecuteIfUserHasBypassPermissionForSObject" time="5" />
  <testcase classname="MetadataTriggerHandler_Test" name="afterDeleteShouldFailWithIncorrectClass" time="4" />
  <testcase classname="MetadataTriggerHandler_Test" name="afterDeleteShouldFailWithIncorrectType" time="4" />
  <testcase classname="MetadataTriggerHandler_Test" name="afterDeleteShouldSucceed" time="5" />
  <testcase classname="MetadataTriggerHandler_Test" name="afterInsertShouldFailWithIncorrectClass" time="3" />
  <testcase classname="MetadataTriggerHandler_Test" name="afterInsertShouldFailWithIncorrectType" time="3" />
  <testcase classname="MetadataTriggerHandler_Test" name="afterInsertShouldSucceed" time="5" />
  <testcase classname="MetadataTriggerHandler_Test" name="afterUndeleteShouldFailWithIncorrectClass" time="4" />
  <testcase classname="MetadataTriggerHandler_Test" name="afterUndeleteShouldFailWithIncorrectType" time="4" />
  <testcase classname="MetadataTriggerHandler_Test" name="afterUndeleteShouldSucceed" time="5" />
  <testcase classname="MetadataTriggerHandler_Test" name="afterUpdateShouldFailWithIncorrectClass" time="4" />
  <testcase classname="MetadataTriggerHandler_Test" name="afterUpdateShouldFailWithIncorrectType" time="4" />
  <testcase classname="MetadataTriggerHandler_Test" name="afterUpdateShouldSucceed" time="4" />
  <testcase classname="MetadataTriggerHandler_Test" name="beforeDeleteShouldFailWithIncorrectClass" time="4" />
  <testcase classname="MetadataTriggerHandler_Test" name="beforeDeleteShouldFailWithIncorrectType" time="4" />
  <testcase classname="MetadataTriggerHandler_Test" name="beforeDeleteShouldSucceed" time="5" />
  <testcase classname="MetadataTriggerHandler_Test" name="beforeInsertShouldFailWithIncorrectClass" time="4" />
  <testcase classname="MetadataTriggerHandler_Test" name="beforeInsertShouldFailWithIncorrectType" time="4" />
  <testcase classname="MetadataTriggerHandler_Test" name="beforeInsertShouldSucceed" time="4" />
  <testcase classname="MetadataTriggerHandler_Test" name="beforeUpdateShouldFailWithIncorrectClass" time="4" />
  <testcase classname="MetadataTriggerHandler_Test" name="beforeUpdateShouldFailWithIncorrectType" time="4" />
  <testcase classname="MetadataTriggerHandler_Test" name="beforeUpdateShouldSucceed" time="4" />
  <testcase classname="MetadataTriggerHandler_Test" name="bypassShouldSucceed" time="3" />
  <testcase classname="MetadataTriggerHandler_Test" name="clearAllBypassesShouldSucceed" time="3" />
  <testcase classname="MetadataTriggerHandler_Test" name="clearBypassShouldSucceed" time="3" />
  <testcase classname="MetadataTriggerHandler_Test" name="finalizerShouldSucceed" time="4" />
  <testcase classname="MetadataTriggerHandler_Test" name="isBypassedShouldSucceed" time="3" />
  <testcase classname="MetadataTriggerHandler_Test" name="nothingToProcessShouldExitEarly" time="4" />
  <testcase classname="MetadataTriggerHandler_Test" name="theFrameworkShouldSupportFlow" time="3" />
  <testcase classname="MetadataTriggerHandler_Test" name="theFrameworkShouldSupportSObjectsFromManagedPackages" time="12" />
  <testcase classname="TA_CDL_PublishReceiptEvent_Test" name="testPublishReceiptEvent" time="309" />
  <testcase classname="TriggerActionFlowAddError_Test" name="addErrorShouldAddAnErrorAtTheFieldSpecified" time="29" />
  <testcase classname="TriggerActionFlowAddError_Test" name="addErrorShouldSucceedWithValidRequest" time="2" />
  <testcase classname="TriggerActionFlowBypass_Test" name="bypassApexShouldSucceedWithValidRequest" time="23" />
  <testcase classname="TriggerActionFlowBypass_Test" name="bypassFlowShouldSucceedWithValidRequest" time="2" />
  <testcase classname="TriggerActionFlowBypass_Test" name="bypassObjectShouldSucceedWithValidRequest" time="3" />
  <testcase classname="TriggerActionFlowBypass_Test" name="bypassShouldFailWithInvalidType" time="3" />
  <testcase classname="TriggerActionFlowChangeEvent_Test" name="correctInputShouldProduceFlowInputs" time="51" />
  <testcase classname="TriggerActionFlowChangeEvent_Test" name="emptyInputShouldProduceEmptyFlowInputs" time="5" />
  <testcase classname="TriggerActionFlowChangeEvent_Test" name="wrongDataTypeShouldThrowException" time="5" />
  <testcase classname="TriggerActionFlowClearAllBypasses_Test" name="clearAllBypassApexShouldSucceedWithValidRequest" time="63" />
  <testcase classname="TriggerActionFlowClearAllBypasses_Test" name="clearAllBypassFlowShouldSucceedWithValidRequest" time="4" />
  <testcase classname="TriggerActionFlowClearAllBypasses_Test" name="clearAllBypassObjectShouldSucceedWithValidRequest" time="5" />
  <testcase classname="TriggerActionFlowClearAllBypasses_Test" name="clearAllBypassShouldFailWithInvalidType" time="6" />
  <testcase classname="TriggerActionFlowClearBypass_Test" name="clearBypassApexShouldSucceedWithValidRequest" time="49" />
  <testcase classname="TriggerActionFlowClearBypass_Test" name="clearBypassFlowShouldSucceedWithValidRequest" time="4" />
  <testcase classname="TriggerActionFlowClearBypass_Test" name="clearBypassObjecthouldSucceedWithValidRequest" time="4" />
  <testcase classname="TriggerActionFlowClearBypass_Test" name="clearBypassShouldFailWithInvalidType" time="5" />
  <testcase classname="TriggerActionFlowIsBypassed_Test" name="isBypassedApexShouldSucceedWithValidRequest" time="45" />
  <testcase classname="TriggerActionFlowIsBypassed_Test" name="isBypassedFlowShouldSucceedWithValidRequest" time="5" />
  <testcase classname="TriggerActionFlowIsBypassed_Test" name="isBypassedObjectShouldSucceedWithValidRequest" time="4" />
  <testcase classname="TriggerActionFlowIsBypassed_Test" name="isBypassedShouldFailWithInvalidType" time="7" />
  <testcase classname="TriggerActionFlow_Test" name="afterDeleteShouldSucceed" time="75" />
  <testcase classname="TriggerActionFlow_Test" name="afterInsertShouldSucceed" time="6" />
  <testcase classname="TriggerActionFlow_Test" name="afterUndeleteShouldSucceed" time="5" />
  <testcase classname="TriggerActionFlow_Test" name="afterUpdateShouldSucceed" time="6" />
  <testcase classname="TriggerActionFlow_Test" name="afterUpdateWithNoRecordsToProcessShouldSucceed" time="6" />
  <testcase classname="TriggerActionFlow_Test" name="beforeDeleteShouldSucceed" time="6" />
  <testcase classname="TriggerActionFlow_Test" name="beforeInsertShouldSucceed" time="6" />
  <testcase classname="TriggerActionFlow_Test" name="beforeUpdateShouldSucceed" time="6" />
  <testcase classname="TriggerActionFlow_Test" name="beforeUpdateWithNoRecordsToProcessShouldSucceed" time="5" />
  <testcase classname="TriggerActionFlow_Test" name="bypassShouldSucceed" time="5" />
  <testcase classname="TriggerActionFlow_Test" name="clearAllBypassesShouldSucceed" time="5" />
  <testcase classname="TriggerActionFlow_Test" name="clearBypassShouldSucceed" time="6" />
  <testcase classname="TriggerActionFlow_Test" name="emptyFlowNameShouldThrowException" time="6" />
  <testcase classname="TriggerActionFlow_Test" name="flowMissingRecordVariableInOutputShouldThrowException" time="6" />
  <testcase classname="TriggerActionFlow_Test" name="invokeFlowShouldReturnUnsuccessfulResponseWithBogusFlowName" time="23" />
  <testcase classname="TriggerActionFlow_Test" name="isBypassedShouldSucceed" time="6" />
  <testcase classname="TriggerActionFlow_Test" name="noRecordMutationsShouldSucceed" time="6" />
  <testcase classname="TriggerActionFlow_Test" name="nulledFieldInFlowShouldBeTransferredBack" time="6" />
  <testcase classname="TriggerActionFlow_Test" name="shouldDoNothingWhenBypassed" time="6" />
  <testcase classname="TriggerActionFlow_Test" name="unsuccessfulActionResultShouldBeAddedAsErrorToRecord" time="10" />
  <testcase classname="TriggerActionFlow_Test" name="validateTypeShouldThrowExceptionWithInvalidInput" time="8" />
  <testcase classname="TriggerBase_Test" name="afterDeleteShouldSucceed" time="66" />
  <testcase classname="TriggerBase_Test" name="afterInsertShouldSucceed" time="5" />
  <testcase classname="TriggerBase_Test" name="afterUndeleteShouldSucceed" time="5" />
  <testcase classname="TriggerBase_Test" name="afterUpdateShouldSucceed" time="5" />
  <testcase classname="TriggerBase_Test" name="beforeDeleteShouldSucceed" time="6" />
  <testcase classname="TriggerBase_Test" name="beforeInsertShouldSucceed" time="5" />
  <testcase classname="TriggerBase_Test" name="beforeUpdateShouldSucceed" time="5" />
  <testcase classname="TriggerBase_Test" name="bypassShouldSucceed" time="4" />
  <testcase classname="TriggerBase_Test" name="clearAllBypassesShouldSucceed" time="5" />
  <testcase classname="TriggerBase_Test" name="clearBypassShouldSucceed" time="4" />
  <testcase classname="TriggerBase_Test" name="finalizingWithoutWaitingShouldThrowError" time="5" />
  <testcase classname="TriggerBase_Test" name="idToNumberOfTimesSeenAfterUpdate" time="6" />
  <testcase classname="TriggerBase_Test" name="idToNumberOfTimesSeenBeforeUpdate" time="6" />
  <testcase classname="TriggerBase_Test" name="inverseContextsShouldFinalizeDmlOperationDelete" time="6" />
  <testcase classname="TriggerBase_Test" name="inverseContextsShouldFinalizeDmlOperationInsert" time="6" />
  <testcase classname="TriggerBase_Test" name="inverseContextsShouldFinalizeDmlOperationUndelete" time="5" />
  <testcase classname="TriggerBase_Test" name="inverseContextsShouldFinalizeDmlOperationUpdate" time="5" />
  <testcase classname="TriggerBase_Test" name="isBypassedShouldSucceed" time="4" />
  <testcase classname="TriggerBase_Test" name="offsetRowsShouldWork" time="5" />
  <testcase classname="TriggerBase_Test" name="oldAndNewShouldComeFromTrigger" time="7" />
  <testcase classname="TriggerBase_Test" name="peekShouldShowMostRecentlyAdded" time="5" />
  <testcase classname="TriggerBase_Test" name="peekingStackWhileEmptyShouldThrowException" time="4" />
  <testcase classname="TriggerBase_Test" name="poppingStackWhileEmptyShouldThrowException" time="4" />
  <testcase classname="TriggerBase_Test" name="runShouldDoNothingWhenBypassed" time="5" />
  <testcase classname="TriggerBase_Test" name="runShouldFailWhenCalledOutsideTrigger" time="5" />
  <testcase classname="TriggerBase_Test" name="sObjectNameShouldBePopulatedFromTriggerNew" time="4" />
  <testcase classname="TriggerBase_Test" name="sObjectNameShouldBePopulatedFromTriggerOld" time="5" />
  <testcase classname="TriggerBase_Test" name="stackDepthShouldBeCalculatedProperly" time="5" />
  <testcase classname="TriggerBase_Test" name="stackShouldBeFirstInLastOut" time="5" />
  <testcase classname="TriggerBase_Test" name="stackShouldBeLastInFirstOut" time="5" />
  <testcase classname="TriggerBase_Test" name="stacksShouldBeAbleToDetermineIftheyAreEmpty" time="5" />
  <testcase classname="TriggerBase_Test" name="waitingThenFinalizingShouldWork" time="4" />
  <testcase classname="TriggerRecord_Test" name="shouldBeAbleToConstructATriggerRecord" time="118" />
  <testcase classname="Triggers_Test" name="testContentDocumentLinkTrigger" time="1272" />
</testsuite>