<testsuite tests="163">
  <testcase classname="FieldPathManager_Test" name="testIsValid" time="20" />
  <testcase classname="FieldPathManager_Test" name="testNormalize" time="20" />
  <testcase classname="FinalizerHandler_Test" name="bypassFinalizerShouldSucceed" time="16" />
  <testcase classname="FinalizerHandler_Test" name="bypassedFinalizerShouldNotExecute" time="25" />
  <testcase classname="FinalizerHandler_Test" name="clearAllFinalizerBypassesShouldSucceed" time="18" />
  <testcase classname="FinalizerHandler_Test" name="clearFinalizerBypassShouldSucceed" time="19" />
  <testcase classname="FinalizerHandler_Test" name="finalizerIsBypassedShouldSucceed" time="16" />
  <testcase classname="FinalizerHandler_Test" name="finalizerThatInvokesDmlShouldCauseException" time="19" />
  <testcase classname="FinalizerHandler_Test" name="finalizersShouldExecuteInOrder" time="20" />
  <testcase classname="FinalizerHandler_Test" name="invalidFinalizerClassShouldThrowException" time="17" />
  <testcase classname="FinalizerHandler_Test" name="noConfiguredFinalizerShouldTakeNoAction" time="19" />
  <testcase classname="FinalizerHandler_Test" name="properlyConfiguredFinalizerShouldExecute" time="23" />
  <testcase classname="FinalizerHandler_Test" name="referencedClassDoesNotImplementDmlFinalizerShouldThrowException" time="18" />
  <testcase classname="FinalizerHandler_Test" name="staticallyBypassedFinalizerShouldNotExecute" time="17" />
  <testcase classname="FinalizerHandler_Test" name="userWithBypassPermissionDefinedOnFinalizerShouldNotExecute" time="16" />
  <testcase classname="FinalizerHandler_Test" name="userWithoutRequiredPermissionDefinedOnFinalizerShouldNotExecute" time="18" />
  <testcase classname="FlowChangeEventHeader_Test" name="shouldBeAbleToCompare" time="17" />
  <testcase classname="FlowChangeEventHeader_Test" name="shouldBeAbleToConstruct" time="25" />
  <testcase classname="FlowChangeEventHeader_Test" name="shouldBeAbleToGenerateHashCode" time="18" />
  <testcase classname="FormulaFilter_Test" name="emptyClassShouldThrowException" time="28" />
  <testcase classname="FormulaFilter_Test" name="emptyStringFormulaShouldProcessAllRecords" time="25" />
  <testcase classname="FormulaFilter_Test" name="invalidFormulaSyntaxShouldThrowException" time="26" />
  <testcase classname="FormulaFilter_Test" name="noFormulaShouldProcessAllRecords" time="17" />
  <testcase classname="FormulaFilter_Test" name="nonExistentClassShouldThrowException" time="19" />
  <testcase classname="FormulaFilter_Test" name="nonGlobalShouldThrowException" time="20" />
  <testcase classname="FormulaFilter_Test" name="nonTriggerRecordClassShouldThrowException" time="19" />
  <testcase classname="FormulaFilter_Test" name="nullClassShouldThrowException" time="18" />
  <testcase classname="FormulaFilter_Test" name="validFormulaShouldFilterContentsOftriggerNew" time="17" />
  <testcase classname="FormulaFilter_Test" name="validFormulaWithNoMatchingRecordsShouldProcessNoRecords" time="19" />
  <testcase classname="MetadataTriggerHandler_Test" name="actionMetadataShouldConstruct" time="182" />
  <testcase classname="MetadataTriggerHandler_Test" name="actionShouldExecuteIfNoRequiredOrBypassPermissionsAreDefinedForSObjectOrAction" time="38" />
  <testcase classname="MetadataTriggerHandler_Test" name="actionShouldExecuteIfUserDoesNotHaveBypassPermissionForSObjectOrAction" time="30" />
  <testcase classname="MetadataTriggerHandler_Test" name="actionShouldNotExecuteIfUserDoesNotHaveRequiredPermissionForAction" time="20" />
  <testcase classname="MetadataTriggerHandler_Test" name="actionShouldNotExecuteIfUserDoesNotHaveRequiredPermissionForSObject" time="20" />
  <testcase classname="MetadataTriggerHandler_Test" name="actionShouldNotExecuteIfUserHasBypassPermissionForAction" time="19" />
  <testcase classname="MetadataTriggerHandler_Test" name="actionShouldNotExecuteIfUserHasBypassPermissionForSObject" time="20" />
  <testcase classname="MetadataTriggerHandler_Test" name="afterDeleteShouldFailWithIncorrectClass" time="20" />
  <testcase classname="MetadataTriggerHandler_Test" name="afterDeleteShouldFailWithIncorrectType" time="23" />
  <testcase classname="MetadataTriggerHandler_Test" name="afterDeleteShouldSucceed" time="29" />
  <testcase classname="MetadataTriggerHandler_Test" name="afterInsertShouldFailWithIncorrectClass" time="20" />
  <testcase classname="MetadataTriggerHandler_Test" name="afterInsertShouldFailWithIncorrectType" time="21" />
  <testcase classname="MetadataTriggerHandler_Test" name="afterInsertShouldSucceed" time="22" />
  <testcase classname="MetadataTriggerHandler_Test" name="afterUndeleteShouldFailWithIncorrectClass" time="24" />
  <testcase classname="MetadataTriggerHandler_Test" name="afterUndeleteShouldFailWithIncorrectType" time="19" />
  <testcase classname="MetadataTriggerHandler_Test" name="afterUndeleteShouldSucceed" time="23" />
  <testcase classname="MetadataTriggerHandler_Test" name="afterUpdateShouldFailWithIncorrectClass" time="24" />
  <testcase classname="MetadataTriggerHandler_Test" name="afterUpdateShouldFailWithIncorrectType" time="22" />
  <testcase classname="MetadataTriggerHandler_Test" name="afterUpdateShouldSucceed" time="23" />
  <testcase classname="MetadataTriggerHandler_Test" name="beforeDeleteShouldFailWithIncorrectClass" time="20" />
  <testcase classname="MetadataTriggerHandler_Test" name="beforeDeleteShouldFailWithIncorrectType" time="22" />
  <testcase classname="MetadataTriggerHandler_Test" name="beforeDeleteShouldSucceed" time="24" />
  <testcase classname="MetadataTriggerHandler_Test" name="beforeInsertShouldFailWithIncorrectClass" time="20" />
  <testcase classname="MetadataTriggerHandler_Test" name="beforeInsertShouldFailWithIncorrectType" time="21" />
  <testcase classname="MetadataTriggerHandler_Test" name="beforeInsertShouldSucceed" time="21" />
  <testcase classname="MetadataTriggerHandler_Test" name="beforeUpdateShouldFailWithIncorrectClass" time="21" />
  <testcase classname="MetadataTriggerHandler_Test" name="beforeUpdateShouldFailWithIncorrectType" time="20" />
  <testcase classname="MetadataTriggerHandler_Test" name="beforeUpdateShouldSucceed" time="22" />
  <testcase classname="MetadataTriggerHandler_Test" name="bypassShouldSucceed" time="20" />
  <testcase classname="MetadataTriggerHandler_Test" name="clearAllBypassesShouldSucceed" time="20" />
  <testcase classname="MetadataTriggerHandler_Test" name="clearBypassShouldSucceed" time="20" />
  <testcase classname="MetadataTriggerHandler_Test" name="finalizerShouldSucceed" time="25" />
  <testcase classname="MetadataTriggerHandler_Test" name="isBypassedShouldSucceed" time="21" />
  <testcase classname="MetadataTriggerHandler_Test" name="nothingToProcessShouldExitEarly" time="20" />
  <testcase classname="MetadataTriggerHandler_Test" name="theFrameworkShouldSupportFlow" time="22" />
  <testcase classname="MetadataTriggerHandler_Test" name="theFrameworkShouldSupportSObjectsFromManagedPackages" time="44" />
  <testcase classname="ReceiptSender_Test" name="testInvalidEmailTemplate" time="1259" />
  <testcase classname="ReceiptSender_Test" name="testSend" time="953" />
  <testcase classname="ReceiptSender_Test" name="testSendReceiptWithDefaultFileName" time="696" />
  <testcase classname="ReceiptSender_Test" name="testSendReceiptWithDefinedFileName" time="655" />
  <testcase classname="ReceiptSender_Test" name="testSendWithInvalidRecordId" time="26" />
  <testcase classname="ReceiptSender_Test" name="testSendWithNoReceipt" time="182" />
  <testcase classname="ReceiptSender_Test" name="testSendWithNullRecordId" time="26" />
  <testcase classname="ReceiptSender_Test" name="testSendWithOrgWideEmailAddress" time="160" />
  <testcase classname="TA_CDL_PublishReceiptEvent_Test" name="testPublishReceiptEvent" time="47" />
  <testcase classname="TA_TRX_PublishCloseEvent_Test" name="testPublishCloseEvent" time="70" />
  <testcase classname="TransactionCloseActionsController_Test" name="testGetTransaction" time="842" />
  <testcase classname="TransactionCloseActionsController_Test" name="testSendReceipt" time="1572" />
  <testcase classname="TransactionCloseActionsController_Test" name="testSendReceiptWithException" time="30" />
  <testcase classname="TransactionCloseActionsController_Test" name="testTransactionNotFound" time="32" />
  <testcase classname="TransactionCloseActionsSelector_Test" name="testGetTransaction" time="563" />
  <testcase classname="TransactionCloseActionsSelector_Test" name="testTransactionNotFound" time="48" />
  <testcase classname="TriggerActionFlowAddError_Test" name="addErrorShouldAddAnErrorAtTheFieldSpecified" time="28" />
  <testcase classname="TriggerActionFlowAddError_Test" name="addErrorShouldSucceedWithValidRequest" time="18" />
  <testcase classname="TriggerActionFlowBypass_Test" name="bypassApexShouldSucceedWithValidRequest" time="50" />
  <testcase classname="TriggerActionFlowBypass_Test" name="bypassFlowShouldSucceedWithValidRequest" time="24" />
  <testcase classname="TriggerActionFlowBypass_Test" name="bypassObjectShouldSucceedWithValidRequest" time="15" />
  <testcase classname="TriggerActionFlowBypass_Test" name="bypassShouldFailWithInvalidType" time="20" />
  <testcase classname="TriggerActionFlowChangeEvent_Test" name="correctInputShouldProduceFlowInputs" time="56" />
  <testcase classname="TriggerActionFlowChangeEvent_Test" name="emptyInputShouldProduceEmptyFlowInputs" time="31" />
  <testcase classname="TriggerActionFlowChangeEvent_Test" name="wrongDataTypeShouldThrowException" time="21" />
  <testcase classname="TriggerActionFlowClearAllBypasses_Test" name="clearAllBypassApexShouldSucceedWithValidRequest" time="27" />
  <testcase classname="TriggerActionFlowClearAllBypasses_Test" name="clearAllBypassFlowShouldSucceedWithValidRequest" time="31" />
  <testcase classname="TriggerActionFlowClearAllBypasses_Test" name="clearAllBypassObjectShouldSucceedWithValidRequest" time="18" />
  <testcase classname="TriggerActionFlowClearAllBypasses_Test" name="clearAllBypassShouldFailWithInvalidType" time="23" />
  <testcase classname="TriggerActionFlowClearBypass_Test" name="clearBypassApexShouldSucceedWithValidRequest" time="42" />
  <testcase classname="TriggerActionFlowClearBypass_Test" name="clearBypassFlowShouldSucceedWithValidRequest" time="22" />
  <testcase classname="TriggerActionFlowClearBypass_Test" name="clearBypassObjecthouldSucceedWithValidRequest" time="17" />
  <testcase classname="TriggerActionFlowClearBypass_Test" name="clearBypassShouldFailWithInvalidType" time="21" />
  <testcase classname="TriggerActionFlowIsBypassed_Test" name="isBypassedApexShouldSucceedWithValidRequest" time="27" />
  <testcase classname="TriggerActionFlowIsBypassed_Test" name="isBypassedFlowShouldSucceedWithValidRequest" time="23" />
  <testcase classname="TriggerActionFlowIsBypassed_Test" name="isBypassedObjectShouldSucceedWithValidRequest" time="16" />
  <testcase classname="TriggerActionFlowIsBypassed_Test" name="isBypassedShouldFailWithInvalidType" time="17" />
  <testcase classname="TriggerActionFlow_Test" name="afterDeleteShouldSucceed" time="36" />
  <testcase classname="TriggerActionFlow_Test" name="afterInsertShouldSucceed" time="28" />
  <testcase classname="TriggerActionFlow_Test" name="afterUndeleteShouldSucceed" time="17" />
  <testcase classname="TriggerActionFlow_Test" name="afterUpdateShouldSucceed" time="17" />
  <testcase classname="TriggerActionFlow_Test" name="afterUpdateWithNoRecordsToProcessShouldSucceed" time="19" />
  <testcase classname="TriggerActionFlow_Test" name="beforeDeleteShouldSucceed" time="18" />
  <testcase classname="TriggerActionFlow_Test" name="beforeInsertShouldSucceed" time="18" />
  <testcase classname="TriggerActionFlow_Test" name="beforeUpdateShouldSucceed" time="17" />
  <testcase classname="TriggerActionFlow_Test" name="beforeUpdateWithNoRecordsToProcessShouldSucceed" time="18" />
  <testcase classname="TriggerActionFlow_Test" name="bypassShouldSucceed" time="18" />
  <testcase classname="TriggerActionFlow_Test" name="clearAllBypassesShouldSucceed" time="17" />
  <testcase classname="TriggerActionFlow_Test" name="clearBypassShouldSucceed" time="16" />
  <testcase classname="TriggerActionFlow_Test" name="emptyFlowNameShouldThrowException" time="19" />
  <testcase classname="TriggerActionFlow_Test" name="flowMissingRecordVariableInOutputShouldThrowException" time="40" />
  <testcase classname="TriggerActionFlow_Test" name="invokeFlowShouldReturnUnsuccessfulResponseWithBogusFlowName" time="57" />
  <testcase classname="TriggerActionFlow_Test" name="isBypassedShouldSucceed" time="17" />
  <testcase classname="TriggerActionFlow_Test" name="noRecordMutationsShouldSucceed" time="17" />
  <testcase classname="TriggerActionFlow_Test" name="nulledFieldInFlowShouldBeTransferredBack" time="18" />
  <testcase classname="TriggerActionFlow_Test" name="shouldDoNothingWhenBypassed" time="19" />
  <testcase classname="TriggerActionFlow_Test" name="unsuccessfulActionResultShouldBeAddedAsErrorToRecord" time="20" />
  <testcase classname="TriggerActionFlow_Test" name="validateTypeShouldThrowExceptionWithInvalidInput" time="19" />
  <testcase classname="TriggerBase_Test" name="afterDeleteShouldSucceed" time="20" />
  <testcase classname="TriggerBase_Test" name="afterInsertShouldSucceed" time="21" />
  <testcase classname="TriggerBase_Test" name="afterUndeleteShouldSucceed" time="12" />
  <testcase classname="TriggerBase_Test" name="afterUpdateShouldSucceed" time="13" />
  <testcase classname="TriggerBase_Test" name="beforeDeleteShouldSucceed" time="12" />
  <testcase classname="TriggerBase_Test" name="beforeInsertShouldSucceed" time="12" />
  <testcase classname="TriggerBase_Test" name="beforeUpdateShouldSucceed" time="12" />
  <testcase classname="TriggerBase_Test" name="bypassShouldSucceed" time="12" />
  <testcase classname="TriggerBase_Test" name="clearAllBypassesShouldSucceed" time="12" />
  <testcase classname="TriggerBase_Test" name="clearBypassShouldSucceed" time="13" />
  <testcase classname="TriggerBase_Test" name="finalizingWithoutWaitingShouldThrowError" time="12" />
  <testcase classname="TriggerBase_Test" name="idToNumberOfTimesSeenAfterUpdate" time="14" />
  <testcase classname="TriggerBase_Test" name="idToNumberOfTimesSeenBeforeUpdate" time="12" />
  <testcase classname="TriggerBase_Test" name="inverseContextsShouldFinalizeDmlOperationDelete" time="13" />
  <testcase classname="TriggerBase_Test" name="inverseContextsShouldFinalizeDmlOperationInsert" time="13" />
  <testcase classname="TriggerBase_Test" name="inverseContextsShouldFinalizeDmlOperationUndelete" time="12" />
  <testcase classname="TriggerBase_Test" name="inverseContextsShouldFinalizeDmlOperationUpdate" time="14" />
  <testcase classname="TriggerBase_Test" name="isBypassedShouldSucceed" time="12" />
  <testcase classname="TriggerBase_Test" name="offsetRowsShouldWork" time="12" />
  <testcase classname="TriggerBase_Test" name="oldAndNewShouldComeFromTrigger" time="11" />
  <testcase classname="TriggerBase_Test" name="peekShouldShowMostRecentlyAdded" time="12" />
  <testcase classname="TriggerBase_Test" name="peekingStackWhileEmptyShouldThrowException" time="13" />
  <testcase classname="TriggerBase_Test" name="poppingStackWhileEmptyShouldThrowException" time="12" />
  <testcase classname="TriggerBase_Test" name="runShouldDoNothingWhenBypassed" time="12" />
  <testcase classname="TriggerBase_Test" name="runShouldFailWhenCalledOutsideTrigger" time="13" />
  <testcase classname="TriggerBase_Test" name="sObjectNameShouldBePopulatedFromTriggerNew" time="12" />
  <testcase classname="TriggerBase_Test" name="sObjectNameShouldBePopulatedFromTriggerOld" time="13" />
  <testcase classname="TriggerBase_Test" name="stackDepthShouldBeCalculatedProperly" time="12" />
  <testcase classname="TriggerBase_Test" name="stackShouldBeFirstInLastOut" time="12" />
  <testcase classname="TriggerBase_Test" name="stackShouldBeLastInFirstOut" time="13" />
  <testcase classname="TriggerBase_Test" name="stacksShouldBeAbleToDetermineIftheyAreEmpty" time="12" />
  <testcase classname="TriggerBase_Test" name="waitingThenFinalizingShouldWork" time="12" />
  <testcase classname="TriggerRecord_Test" name="shouldBeAbleToConstructATriggerRecord" time="24" />
  <testcase classname="Triggers_Test" name="testContentDocumentLinkTrigger" time="1751" />
  <testcase classname="Triggers_Test" name="testContractAndFormTrigger" time="731" />
  <testcase classname="Triggers_Test" name="testTransactionTrigger" time="262" />
  <testcase classname="Triggers_Test" name="testTransactionTriggerRecord" time="28" />
  <testcase classname="Util_Test" name="testGetNamespace" time="14" />
  <testcase classname="Util_Test" name="testIsOrgEmailEnabled" time="23" />
  <testcase classname="Util_Test" name="testPrefixNamespace" time="14" />
</testsuite>