<testsuite tests="160">
  <testcase classname="FinalizerHandler_Test" name="bypassFinalizerShouldSucceed" time="41" />
  <testcase classname="FinalizerHandler_Test" name="bypassedFinalizerShouldNotExecute" time="31" />
  <testcase classname="FinalizerHandler_Test" name="clearAllFinalizerBypassesShouldSucceed" time="22" />
  <testcase classname="FinalizerHandler_Test" name="clearFinalizerBypassShouldSucceed" time="21" />
  <testcase classname="FinalizerHandler_Test" name="finalizerIsBypassedShouldSucceed" time="23" />
  <testcase classname="FinalizerHandler_Test" name="finalizerThatInvokesDmlShouldCauseException" time="25" />
  <testcase classname="FinalizerHandler_Test" name="finalizersShouldExecuteInOrder" time="26" />
  <testcase classname="FinalizerHandler_Test" name="invalidFinalizerClassShouldThrowException" time="24" />
  <testcase classname="FinalizerHandler_Test" name="noConfiguredFinalizerShouldTakeNoAction" time="25" />
  <testcase classname="FinalizerHandler_Test" name="properlyConfiguredFinalizerShouldExecute" time="30" />
  <testcase classname="FinalizerHandler_Test" name="referencedClassDoesNotImplementDmlFinalizerShouldThrowException" time="31" />
  <testcase classname="FinalizerHandler_Test" name="staticallyBypassedFinalizerShouldNotExecute" time="23" />
  <testcase classname="FinalizerHandler_Test" name="userWithBypassPermissionDefinedOnFinalizerShouldNotExecute" time="23" />
  <testcase classname="FinalizerHandler_Test" name="userWithoutRequiredPermissionDefinedOnFinalizerShouldNotExecute" time="26" />
  <testcase classname="FlowChangeEventHeader_Test" name="shouldBeAbleToCompare" time="70" />
  <testcase classname="FlowChangeEventHeader_Test" name="shouldBeAbleToConstruct" time="44" />
  <testcase classname="FlowChangeEventHeader_Test" name="shouldBeAbleToGenerateHashCode" time="31" />
  <testcase classname="FormulaFilter_Test" name="emptyClassShouldThrowException" time="65" />
  <testcase classname="FormulaFilter_Test" name="emptyStringFormulaShouldProcessAllRecords" time="34" />
  <testcase classname="FormulaFilter_Test" name="invalidFormulaSyntaxShouldThrowException" time="63" />
  <testcase classname="FormulaFilter_Test" name="noFormulaShouldProcessAllRecords" time="26" />
  <testcase classname="FormulaFilter_Test" name="nonExistentClassShouldThrowException" time="29" />
  <testcase classname="FormulaFilter_Test" name="nonGlobalShouldThrowException" time="35" />
  <testcase classname="FormulaFilter_Test" name="nonTriggerRecordClassShouldThrowException" time="38" />
  <testcase classname="FormulaFilter_Test" name="nullClassShouldThrowException" time="31" />
  <testcase classname="FormulaFilter_Test" name="validFormulaShouldFilterContentsOftriggerNew" time="31" />
  <testcase classname="FormulaFilter_Test" name="validFormulaWithNoMatchingRecordsShouldProcessNoRecords" time="30" />
  <testcase classname="MetadataTriggerHandler_Test" name="actionMetadataShouldConstruct" time="251" />
  <testcase classname="MetadataTriggerHandler_Test" name="actionShouldExecuteIfNoRequiredOrBypassPermissionsAreDefinedForSObjectOrAction" time="64" />
  <testcase classname="MetadataTriggerHandler_Test" name="actionShouldExecuteIfUserDoesNotHaveBypassPermissionForSObjectOrAction" time="44" />
  <testcase classname="MetadataTriggerHandler_Test" name="actionShouldNotExecuteIfUserDoesNotHaveRequiredPermissionForAction" time="33" />
  <testcase classname="MetadataTriggerHandler_Test" name="actionShouldNotExecuteIfUserDoesNotHaveRequiredPermissionForSObject" time="35" />
  <testcase classname="MetadataTriggerHandler_Test" name="actionShouldNotExecuteIfUserHasBypassPermissionForAction" time="36" />
  <testcase classname="MetadataTriggerHandler_Test" name="actionShouldNotExecuteIfUserHasBypassPermissionForSObject" time="33" />
  <testcase classname="MetadataTriggerHandler_Test" name="afterDeleteShouldFailWithIncorrectClass" time="35" />
  <testcase classname="MetadataTriggerHandler_Test" name="afterDeleteShouldFailWithIncorrectType" time="37" />
  <testcase classname="MetadataTriggerHandler_Test" name="afterDeleteShouldSucceed" time="38" />
  <testcase classname="MetadataTriggerHandler_Test" name="afterInsertShouldFailWithIncorrectClass" time="31" />
  <testcase classname="MetadataTriggerHandler_Test" name="afterInsertShouldFailWithIncorrectType" time="35" />
  <testcase classname="MetadataTriggerHandler_Test" name="afterInsertShouldSucceed" time="45" />
  <testcase classname="MetadataTriggerHandler_Test" name="afterUndeleteShouldFailWithIncorrectClass" time="32" />
  <testcase classname="MetadataTriggerHandler_Test" name="afterUndeleteShouldFailWithIncorrectType" time="39" />
  <testcase classname="MetadataTriggerHandler_Test" name="afterUndeleteShouldSucceed" time="42" />
  <testcase classname="MetadataTriggerHandler_Test" name="afterUpdateShouldFailWithIncorrectClass" time="35" />
  <testcase classname="MetadataTriggerHandler_Test" name="afterUpdateShouldFailWithIncorrectType" time="34" />
  <testcase classname="MetadataTriggerHandler_Test" name="afterUpdateShouldSucceed" time="40" />
  <testcase classname="MetadataTriggerHandler_Test" name="beforeDeleteShouldFailWithIncorrectClass" time="35" />
  <testcase classname="MetadataTriggerHandler_Test" name="beforeDeleteShouldFailWithIncorrectType" time="34" />
  <testcase classname="MetadataTriggerHandler_Test" name="beforeDeleteShouldSucceed" time="41" />
  <testcase classname="MetadataTriggerHandler_Test" name="beforeInsertShouldFailWithIncorrectClass" time="39" />
  <testcase classname="MetadataTriggerHandler_Test" name="beforeInsertShouldFailWithIncorrectType" time="34" />
  <testcase classname="MetadataTriggerHandler_Test" name="beforeInsertShouldSucceed" time="42" />
  <testcase classname="MetadataTriggerHandler_Test" name="beforeUpdateShouldFailWithIncorrectClass" time="62" />
  <testcase classname="MetadataTriggerHandler_Test" name="beforeUpdateShouldFailWithIncorrectType" time="35" />
  <testcase classname="MetadataTriggerHandler_Test" name="beforeUpdateShouldSucceed" time="30" />
  <testcase classname="MetadataTriggerHandler_Test" name="bypassShouldSucceed" time="21" />
  <testcase classname="MetadataTriggerHandler_Test" name="clearAllBypassesShouldSucceed" time="22" />
  <testcase classname="MetadataTriggerHandler_Test" name="clearBypassShouldSucceed" time="21" />
  <testcase classname="MetadataTriggerHandler_Test" name="finalizerShouldSucceed" time="26" />
  <testcase classname="MetadataTriggerHandler_Test" name="isBypassedShouldSucceed" time="24" />
  <testcase classname="MetadataTriggerHandler_Test" name="nothingToProcessShouldExitEarly" time="24" />
  <testcase classname="MetadataTriggerHandler_Test" name="theFrameworkShouldSupportFlow" time="26" />
  <testcase classname="MetadataTriggerHandler_Test" name="theFrameworkShouldSupportSObjectsFromManagedPackages" time="47" />
  <testcase classname="ReceiptSender_Test" name="testInvalidEmailTemplate" time="2154" />
  <testcase classname="ReceiptSender_Test" name="testSend" time="930" />
  <testcase classname="ReceiptSender_Test" name="testSendReceiptWithDefaultFileName" time="793" />
  <testcase classname="ReceiptSender_Test" name="testSendWithInvalidRecordId" time="22" />
  <testcase classname="ReceiptSender_Test" name="testSendWithNoReceipt" time="528" />
  <testcase classname="ReceiptSender_Test" name="testSendWithNullRecordId" time="22" />
  <testcase classname="ReceiptSender_Test" name="testSendWithOrgWideEmailAddress" time="22" />
  <testcase classname="TA_CDL_PublishReceiptEvent_Test" name="testPublishReceiptEvent" time="114" />
  <testcase classname="TA_TRX_PublishCloseEvent_Test" name="testPublishCloseEvent" time="66" />
  <testcase classname="TransactionCloseActionsController_Test" name="testGetTransaction" time="1434" />
  <testcase classname="TransactionCloseActionsController_Test" name="testSendReceipt" time="2265" />
  <testcase classname="TransactionCloseActionsController_Test" name="testSendReceiptWithException" time="53" />
  <testcase classname="TransactionCloseActionsController_Test" name="testTransactionNotFound" time="55" />
  <testcase classname="TransactionCloseActionsSelector_Test" name="testGetTransaction" time="712" />
  <testcase classname="TransactionCloseActionsSelector_Test" name="testTransactionNotFound" time="59" />
  <testcase classname="TriggerActionFlowAddError_Test" name="addErrorShouldAddAnErrorAtTheFieldSpecified" time="65" />
  <testcase classname="TriggerActionFlowAddError_Test" name="addErrorShouldSucceedWithValidRequest" time="41" />
  <testcase classname="TriggerActionFlowBypass_Test" name="bypassApexShouldSucceedWithValidRequest" time="55" />
  <testcase classname="TriggerActionFlowBypass_Test" name="bypassFlowShouldSucceedWithValidRequest" time="25" />
  <testcase classname="TriggerActionFlowBypass_Test" name="bypassObjectShouldSucceedWithValidRequest" time="14" />
  <testcase classname="TriggerActionFlowBypass_Test" name="bypassShouldFailWithInvalidType" time="18" />
  <testcase classname="TriggerActionFlowChangeEvent_Test" name="correctInputShouldProduceFlowInputs" time="77" />
  <testcase classname="TriggerActionFlowChangeEvent_Test" name="emptyInputShouldProduceEmptyFlowInputs" time="31" />
  <testcase classname="TriggerActionFlowChangeEvent_Test" name="wrongDataTypeShouldThrowException" time="22" />
  <testcase classname="TriggerActionFlowClearAllBypasses_Test" name="clearAllBypassApexShouldSucceedWithValidRequest" time="74" />
  <testcase classname="TriggerActionFlowClearAllBypasses_Test" name="clearAllBypassFlowShouldSucceedWithValidRequest" time="32" />
  <testcase classname="TriggerActionFlowClearAllBypasses_Test" name="clearAllBypassObjectShouldSucceedWithValidRequest" time="21" />
  <testcase classname="TriggerActionFlowClearAllBypasses_Test" name="clearAllBypassShouldFailWithInvalidType" time="21" />
  <testcase classname="TriggerActionFlowClearBypass_Test" name="clearBypassApexShouldSucceedWithValidRequest" time="83" />
  <testcase classname="TriggerActionFlowClearBypass_Test" name="clearBypassFlowShouldSucceedWithValidRequest" time="46" />
  <testcase classname="TriggerActionFlowClearBypass_Test" name="clearBypassObjecthouldSucceedWithValidRequest" time="29" />
  <testcase classname="TriggerActionFlowClearBypass_Test" name="clearBypassShouldFailWithInvalidType" time="33" />
  <testcase classname="TriggerActionFlowIsBypassed_Test" name="isBypassedApexShouldSucceedWithValidRequest" time="47" />
  <testcase classname="TriggerActionFlowIsBypassed_Test" name="isBypassedFlowShouldSucceedWithValidRequest" time="25" />
  <testcase classname="TriggerActionFlowIsBypassed_Test" name="isBypassedObjectShouldSucceedWithValidRequest" time="19" />
  <testcase classname="TriggerActionFlowIsBypassed_Test" name="isBypassedShouldFailWithInvalidType" time="22" />
  <testcase classname="TriggerActionFlow_Test" name="afterDeleteShouldSucceed" time="91" />
  <testcase classname="TriggerActionFlow_Test" name="afterInsertShouldSucceed" time="45" />
  <testcase classname="TriggerActionFlow_Test" name="afterUndeleteShouldSucceed" time="29" />
  <testcase classname="TriggerActionFlow_Test" name="afterUpdateShouldSucceed" time="37" />
  <testcase classname="TriggerActionFlow_Test" name="afterUpdateWithNoRecordsToProcessShouldSucceed" time="29" />
  <testcase classname="TriggerActionFlow_Test" name="beforeDeleteShouldSucceed" time="30" />
  <testcase classname="TriggerActionFlow_Test" name="beforeInsertShouldSucceed" time="34" />
  <testcase classname="TriggerActionFlow_Test" name="beforeUpdateShouldSucceed" time="32" />
  <testcase classname="TriggerActionFlow_Test" name="beforeUpdateWithNoRecordsToProcessShouldSucceed" time="29" />
  <testcase classname="TriggerActionFlow_Test" name="bypassShouldSucceed" time="30" />
  <testcase classname="TriggerActionFlow_Test" name="clearAllBypassesShouldSucceed" time="30" />
  <testcase classname="TriggerActionFlow_Test" name="clearBypassShouldSucceed" time="30" />
  <testcase classname="TriggerActionFlow_Test" name="emptyFlowNameShouldThrowException" time="33" />
  <testcase classname="TriggerActionFlow_Test" name="flowMissingRecordVariableInOutputShouldThrowException" time="38" />
  <testcase classname="TriggerActionFlow_Test" name="invokeFlowShouldReturnUnsuccessfulResponseWithBogusFlowName" time="56" />
  <testcase classname="TriggerActionFlow_Test" name="isBypassedShouldSucceed" time="30" />
  <testcase classname="TriggerActionFlow_Test" name="noRecordMutationsShouldSucceed" time="30" />
  <testcase classname="TriggerActionFlow_Test" name="nulledFieldInFlowShouldBeTransferredBack" time="44" />
  <testcase classname="TriggerActionFlow_Test" name="shouldDoNothingWhenBypassed" time="31" />
  <testcase classname="TriggerActionFlow_Test" name="unsuccessfulActionResultShouldBeAddedAsErrorToRecord" time="35" />
  <testcase classname="TriggerActionFlow_Test" name="validateTypeShouldThrowExceptionWithInvalidInput" time="36" />
  <testcase classname="TriggerBase_Test" name="afterDeleteShouldSucceed" time="46" />
  <testcase classname="TriggerBase_Test" name="afterInsertShouldSucceed" time="44" />
  <testcase classname="TriggerBase_Test" name="afterUndeleteShouldSucceed" time="25" />
  <testcase classname="TriggerBase_Test" name="afterUpdateShouldSucceed" time="17" />
  <testcase classname="TriggerBase_Test" name="beforeDeleteShouldSucceed" time="17" />
  <testcase classname="TriggerBase_Test" name="beforeInsertShouldSucceed" time="16" />
  <testcase classname="TriggerBase_Test" name="beforeUpdateShouldSucceed" time="16" />
  <testcase classname="TriggerBase_Test" name="bypassShouldSucceed" time="14" />
  <testcase classname="TriggerBase_Test" name="clearAllBypassesShouldSucceed" time="13" />
  <testcase classname="TriggerBase_Test" name="clearBypassShouldSucceed" time="16" />
  <testcase classname="TriggerBase_Test" name="finalizingWithoutWaitingShouldThrowError" time="19" />
  <testcase classname="TriggerBase_Test" name="idToNumberOfTimesSeenAfterUpdate" time="19" />
  <testcase classname="TriggerBase_Test" name="idToNumberOfTimesSeenBeforeUpdate" time="19" />
  <testcase classname="TriggerBase_Test" name="inverseContextsShouldFinalizeDmlOperationDelete" time="19" />
  <testcase classname="TriggerBase_Test" name="inverseContextsShouldFinalizeDmlOperationInsert" time="17" />
  <testcase classname="TriggerBase_Test" name="inverseContextsShouldFinalizeDmlOperationUndelete" time="17" />
  <testcase classname="TriggerBase_Test" name="inverseContextsShouldFinalizeDmlOperationUpdate" time="20" />
  <testcase classname="TriggerBase_Test" name="isBypassedShouldSucceed" time="14" />
  <testcase classname="TriggerBase_Test" name="offsetRowsShouldWork" time="14" />
  <testcase classname="TriggerBase_Test" name="oldAndNewShouldComeFromTrigger" time="15" />
  <testcase classname="TriggerBase_Test" name="peekShouldShowMostRecentlyAdded" time="15" />
  <testcase classname="TriggerBase_Test" name="peekingStackWhileEmptyShouldThrowException" time="15" />
  <testcase classname="TriggerBase_Test" name="poppingStackWhileEmptyShouldThrowException" time="16" />
  <testcase classname="TriggerBase_Test" name="runShouldDoNothingWhenBypassed" time="15" />
  <testcase classname="TriggerBase_Test" name="runShouldFailWhenCalledOutsideTrigger" time="17" />
  <testcase classname="TriggerBase_Test" name="sObjectNameShouldBePopulatedFromTriggerNew" time="16" />
  <testcase classname="TriggerBase_Test" name="sObjectNameShouldBePopulatedFromTriggerOld" time="15" />
  <testcase classname="TriggerBase_Test" name="stackDepthShouldBeCalculatedProperly" time="14" />
  <testcase classname="TriggerBase_Test" name="stackShouldBeFirstInLastOut" time="15" />
  <testcase classname="TriggerBase_Test" name="stackShouldBeLastInFirstOut" time="16" />
  <testcase classname="TriggerBase_Test" name="stacksShouldBeAbleToDetermineIftheyAreEmpty" time="15" />
  <testcase classname="TriggerBase_Test" name="waitingThenFinalizingShouldWork" time="19" />
  <testcase classname="TriggerRecord_Test" name="shouldBeAbleToConstructATriggerRecord" time="41" />
  <testcase classname="Triggers_Test" name="testContentDocumentLinkTrigger" time="1061" />
  <testcase classname="Triggers_Test" name="testContractAndFormTrigger" time="436" />
  <testcase classname="Triggers_Test" name="testTransactionTrigger" time="187" />
  <testcase classname="Triggers_Test" name="testTransactionTriggerRecord" time="17" />
  <testcase classname="Util_Test" name="testGetNamespace" time="21" />
  <testcase classname="Util_Test" name="testIsOrgEmailEnabled" time="27" />
  <testcase classname="Util_Test" name="testPrefixNamespace" time="16" />
</testsuite>