<testsuite tests="164">
  <testcase classname="FieldPathManager_Test" name="testIsValid" time="32" />
  <testcase classname="FieldPathManager_Test" name="testNormalize" time="45" />
  <testcase classname="FinalizerHandler_Test" name="bypassFinalizerShouldSucceed" time="32" />
  <testcase classname="FinalizerHandler_Test" name="bypassedFinalizerShouldNotExecute" time="40" />
  <testcase classname="FinalizerHandler_Test" name="clearAllFinalizerBypassesShouldSucceed" time="26" />
  <testcase classname="FinalizerHandler_Test" name="clearFinalizerBypassShouldSucceed" time="27" />
  <testcase classname="FinalizerHandler_Test" name="finalizerIsBypassedShouldSucceed" time="27" />
  <testcase classname="FinalizerHandler_Test" name="finalizerThatInvokesDmlShouldCauseException" time="31" />
  <testcase classname="FinalizerHandler_Test" name="finalizersShouldExecuteInOrder" time="30" />
  <testcase classname="FinalizerHandler_Test" name="invalidFinalizerClassShouldThrowException" time="32" />
  <testcase classname="FinalizerHandler_Test" name="noConfiguredFinalizerShouldTakeNoAction" time="28" />
  <testcase classname="FinalizerHandler_Test" name="properlyConfiguredFinalizerShouldExecute" time="35" />
  <testcase classname="FinalizerHandler_Test" name="referencedClassDoesNotImplementDmlFinalizerShouldThrowException" time="26" />
  <testcase classname="FinalizerHandler_Test" name="staticallyBypassedFinalizerShouldNotExecute" time="26" />
  <testcase classname="FinalizerHandler_Test" name="userWithBypassPermissionDefinedOnFinalizerShouldNotExecute" time="24" />
  <testcase classname="FinalizerHandler_Test" name="userWithoutRequiredPermissionDefinedOnFinalizerShouldNotExecute" time="23" />
  <testcase classname="FlowChangeEventHeader_Test" name="shouldBeAbleToCompare" time="37" />
  <testcase classname="FlowChangeEventHeader_Test" name="shouldBeAbleToConstruct" time="44" />
  <testcase classname="FlowChangeEventHeader_Test" name="shouldBeAbleToGenerateHashCode" time="32" />
  <testcase classname="FormulaFilter_Test" name="emptyClassShouldThrowException" time="45" />
  <testcase classname="FormulaFilter_Test" name="emptyStringFormulaShouldProcessAllRecords" time="21" />
  <testcase classname="FormulaFilter_Test" name="invalidFormulaSyntaxShouldThrowException" time="46" />
  <testcase classname="FormulaFilter_Test" name="noFormulaShouldProcessAllRecords" time="17" />
  <testcase classname="FormulaFilter_Test" name="nonExistentClassShouldThrowException" time="20" />
  <testcase classname="FormulaFilter_Test" name="nonGlobalShouldThrowException" time="22" />
  <testcase classname="FormulaFilter_Test" name="nonTriggerRecordClassShouldThrowException" time="29" />
  <testcase classname="FormulaFilter_Test" name="nullClassShouldThrowException" time="72" />
  <testcase classname="FormulaFilter_Test" name="validFormulaShouldFilterContentsOftriggerNew" time="22" />
  <testcase classname="FormulaFilter_Test" name="validFormulaWithNoMatchingRecordsShouldProcessNoRecords" time="23" />
  <testcase classname="MetadataTriggerHandler_Test" name="actionMetadataShouldConstruct" time="221" />
  <testcase classname="MetadataTriggerHandler_Test" name="actionShouldExecuteIfNoRequiredOrBypassPermissionsAreDefinedForSObjectOrAction" time="50" />
  <testcase classname="MetadataTriggerHandler_Test" name="actionShouldExecuteIfUserDoesNotHaveBypassPermissionForSObjectOrAction" time="31" />
  <testcase classname="MetadataTriggerHandler_Test" name="actionShouldNotExecuteIfUserDoesNotHaveRequiredPermissionForAction" time="28" />
  <testcase classname="MetadataTriggerHandler_Test" name="actionShouldNotExecuteIfUserDoesNotHaveRequiredPermissionForSObject" time="35" />
  <testcase classname="MetadataTriggerHandler_Test" name="actionShouldNotExecuteIfUserHasBypassPermissionForAction" time="24" />
  <testcase classname="MetadataTriggerHandler_Test" name="actionShouldNotExecuteIfUserHasBypassPermissionForSObject" time="24" />
  <testcase classname="MetadataTriggerHandler_Test" name="afterDeleteShouldFailWithIncorrectClass" time="28" />
  <testcase classname="MetadataTriggerHandler_Test" name="afterDeleteShouldFailWithIncorrectType" time="26" />
  <testcase classname="MetadataTriggerHandler_Test" name="afterDeleteShouldSucceed" time="27" />
  <testcase classname="MetadataTriggerHandler_Test" name="afterInsertShouldFailWithIncorrectClass" time="28" />
  <testcase classname="MetadataTriggerHandler_Test" name="afterInsertShouldFailWithIncorrectType" time="28" />
  <testcase classname="MetadataTriggerHandler_Test" name="afterInsertShouldSucceed" time="31" />
  <testcase classname="MetadataTriggerHandler_Test" name="afterUndeleteShouldFailWithIncorrectClass" time="24" />
  <testcase classname="MetadataTriggerHandler_Test" name="afterUndeleteShouldFailWithIncorrectType" time="26" />
  <testcase classname="MetadataTriggerHandler_Test" name="afterUndeleteShouldSucceed" time="27" />
  <testcase classname="MetadataTriggerHandler_Test" name="afterUpdateShouldFailWithIncorrectClass" time="29" />
  <testcase classname="MetadataTriggerHandler_Test" name="afterUpdateShouldFailWithIncorrectType" time="26" />
  <testcase classname="MetadataTriggerHandler_Test" name="afterUpdateShouldSucceed" time="28" />
  <testcase classname="MetadataTriggerHandler_Test" name="beforeDeleteShouldFailWithIncorrectClass" time="25" />
  <testcase classname="MetadataTriggerHandler_Test" name="beforeDeleteShouldFailWithIncorrectType" time="24" />
  <testcase classname="MetadataTriggerHandler_Test" name="beforeDeleteShouldSucceed" time="30" />
  <testcase classname="MetadataTriggerHandler_Test" name="beforeInsertShouldFailWithIncorrectClass" time="24" />
  <testcase classname="MetadataTriggerHandler_Test" name="beforeInsertShouldFailWithIncorrectType" time="24" />
  <testcase classname="MetadataTriggerHandler_Test" name="beforeInsertShouldSucceed" time="29" />
  <testcase classname="MetadataTriggerHandler_Test" name="beforeUpdateShouldFailWithIncorrectClass" time="140" />
  <testcase classname="MetadataTriggerHandler_Test" name="beforeUpdateShouldFailWithIncorrectType" time="98" />
  <testcase classname="MetadataTriggerHandler_Test" name="beforeUpdateShouldSucceed" time="35" />
  <testcase classname="MetadataTriggerHandler_Test" name="bypassShouldSucceed" time="31" />
  <testcase classname="MetadataTriggerHandler_Test" name="clearAllBypassesShouldSucceed" time="32" />
  <testcase classname="MetadataTriggerHandler_Test" name="clearBypassShouldSucceed" time="33" />
  <testcase classname="MetadataTriggerHandler_Test" name="finalizerShouldSucceed" time="43" />
  <testcase classname="MetadataTriggerHandler_Test" name="isBypassedShouldSucceed" time="33" />
  <testcase classname="MetadataTriggerHandler_Test" name="nothingToProcessShouldExitEarly" time="30" />
  <testcase classname="MetadataTriggerHandler_Test" name="theFrameworkShouldSupportFlow" time="32" />
  <testcase classname="MetadataTriggerHandler_Test" name="theFrameworkShouldSupportSObjectsFromManagedPackages" time="67" />
  <testcase classname="ReceiptSender_Test" name="testInvalidEmailTemplate" time="12867" />
  <testcase classname="ReceiptSender_Test" name="testSend" time="1374" />
  <testcase classname="ReceiptSender_Test" name="testSendReceiptWithDefaultFileName" time="1103" />
  <testcase classname="ReceiptSender_Test" name="testSendReceiptWithDefinedFileName" time="979" />
  <testcase classname="ReceiptSender_Test" name="testSendWithInvalidRecordId" time="48" />
  <testcase classname="ReceiptSender_Test" name="testSendWithNoReceipt" time="357" />
  <testcase classname="ReceiptSender_Test" name="testSendWithNullRecordId" time="50" />
  <testcase classname="ReceiptSender_Test" name="testSendWithOrgWideEmailAddress" time="41" />
  <testcase classname="ReceiptSender_Test" name="testUnsuccessfulEmailResult" time="940" />
  <testcase classname="TA_CDL_PublishReceiptEvent_Test" name="testPublishReceiptEvent" time="88" />
  <testcase classname="TA_TRX_PublishCloseEvent_Test" name="testPublishCloseEvent" time="94" />
  <testcase classname="TransactionCloseActionsController_Test" name="testGetTransaction" time="1021" />
  <testcase classname="TransactionCloseActionsController_Test" name="testSendReceipt" time="1833" />
  <testcase classname="TransactionCloseActionsController_Test" name="testSendReceiptWithException" time="39" />
  <testcase classname="TransactionCloseActionsController_Test" name="testTransactionNotFound" time="36" />
  <testcase classname="TransactionCloseActionsSelector_Test" name="testGetTransaction" time="9286" />
  <testcase classname="TransactionCloseActionsSelector_Test" name="testTransactionNotFound" time="49" />
  <testcase classname="TriggerActionFlowAddError_Test" name="addErrorShouldAddAnErrorAtTheFieldSpecified" time="61" />
  <testcase classname="TriggerActionFlowAddError_Test" name="addErrorShouldSucceedWithValidRequest" time="38" />
  <testcase classname="TriggerActionFlowBypass_Test" name="bypassApexShouldSucceedWithValidRequest" time="80" />
  <testcase classname="TriggerActionFlowBypass_Test" name="bypassFlowShouldSucceedWithValidRequest" time="38" />
  <testcase classname="TriggerActionFlowBypass_Test" name="bypassObjectShouldSucceedWithValidRequest" time="31" />
  <testcase classname="TriggerActionFlowBypass_Test" name="bypassShouldFailWithInvalidType" time="32" />
  <testcase classname="TriggerActionFlowChangeEvent_Test" name="correctInputShouldProduceFlowInputs" time="55" />
  <testcase classname="TriggerActionFlowChangeEvent_Test" name="emptyInputShouldProduceEmptyFlowInputs" time="29" />
  <testcase classname="TriggerActionFlowChangeEvent_Test" name="wrongDataTypeShouldThrowException" time="11" />
  <testcase classname="TriggerActionFlowClearAllBypasses_Test" name="clearAllBypassApexShouldSucceedWithValidRequest" time="20" />
  <testcase classname="TriggerActionFlowClearAllBypasses_Test" name="clearAllBypassFlowShouldSucceedWithValidRequest" time="25" />
  <testcase classname="TriggerActionFlowClearAllBypasses_Test" name="clearAllBypassObjectShouldSucceedWithValidRequest" time="19" />
  <testcase classname="TriggerActionFlowClearAllBypasses_Test" name="clearAllBypassShouldFailWithInvalidType" time="19" />
  <testcase classname="TriggerActionFlowClearBypass_Test" name="clearBypassApexShouldSucceedWithValidRequest" time="64" />
  <testcase classname="TriggerActionFlowClearBypass_Test" name="clearBypassFlowShouldSucceedWithValidRequest" time="42" />
  <testcase classname="TriggerActionFlowClearBypass_Test" name="clearBypassObjecthouldSucceedWithValidRequest" time="21" />
  <testcase classname="TriggerActionFlowClearBypass_Test" name="clearBypassShouldFailWithInvalidType" time="24" />
  <testcase classname="TriggerActionFlowIsBypassed_Test" name="isBypassedApexShouldSucceedWithValidRequest" time="107" />
  <testcase classname="TriggerActionFlowIsBypassed_Test" name="isBypassedFlowShouldSucceedWithValidRequest" time="35" />
  <testcase classname="TriggerActionFlowIsBypassed_Test" name="isBypassedObjectShouldSucceedWithValidRequest" time="27" />
  <testcase classname="TriggerActionFlowIsBypassed_Test" name="isBypassedShouldFailWithInvalidType" time="29" />
  <testcase classname="TriggerActionFlow_Test" name="afterDeleteShouldSucceed" time="40" />
  <testcase classname="TriggerActionFlow_Test" name="afterInsertShouldSucceed" time="35" />
  <testcase classname="TriggerActionFlow_Test" name="afterUndeleteShouldSucceed" time="16" />
  <testcase classname="TriggerActionFlow_Test" name="afterUpdateShouldSucceed" time="17" />
  <testcase classname="TriggerActionFlow_Test" name="afterUpdateWithNoRecordsToProcessShouldSucceed" time="16" />
  <testcase classname="TriggerActionFlow_Test" name="beforeDeleteShouldSucceed" time="17" />
  <testcase classname="TriggerActionFlow_Test" name="beforeInsertShouldSucceed" time="18" />
  <testcase classname="TriggerActionFlow_Test" name="beforeUpdateShouldSucceed" time="18" />
  <testcase classname="TriggerActionFlow_Test" name="beforeUpdateWithNoRecordsToProcessShouldSucceed" time="18" />
  <testcase classname="TriggerActionFlow_Test" name="bypassShouldSucceed" time="19" />
  <testcase classname="TriggerActionFlow_Test" name="clearAllBypassesShouldSucceed" time="18" />
  <testcase classname="TriggerActionFlow_Test" name="clearBypassShouldSucceed" time="21" />
  <testcase classname="TriggerActionFlow_Test" name="emptyFlowNameShouldThrowException" time="20" />
  <testcase classname="TriggerActionFlow_Test" name="flowMissingRecordVariableInOutputShouldThrowException" time="23" />
  <testcase classname="TriggerActionFlow_Test" name="invokeFlowShouldReturnUnsuccessfulResponseWithBogusFlowName" time="149" />
  <testcase classname="TriggerActionFlow_Test" name="isBypassedShouldSucceed" time="18" />
  <testcase classname="TriggerActionFlow_Test" name="noRecordMutationsShouldSucceed" time="18" />
  <testcase classname="TriggerActionFlow_Test" name="nulledFieldInFlowShouldBeTransferredBack" time="20" />
  <testcase classname="TriggerActionFlow_Test" name="shouldDoNothingWhenBypassed" time="20" />
  <testcase classname="TriggerActionFlow_Test" name="unsuccessfulActionResultShouldBeAddedAsErrorToRecord" time="22" />
  <testcase classname="TriggerActionFlow_Test" name="validateTypeShouldThrowExceptionWithInvalidInput" time="24" />
  <testcase classname="TriggerBase_Test" name="afterDeleteShouldSucceed" time="561" />
  <testcase classname="TriggerBase_Test" name="afterInsertShouldSucceed" time="54" />
  <testcase classname="TriggerBase_Test" name="afterUndeleteShouldSucceed" time="24" />
  <testcase classname="TriggerBase_Test" name="afterUpdateShouldSucceed" time="32" />
  <testcase classname="TriggerBase_Test" name="beforeDeleteShouldSucceed" time="30" />
  <testcase classname="TriggerBase_Test" name="beforeInsertShouldSucceed" time="30" />
  <testcase classname="TriggerBase_Test" name="beforeUpdateShouldSucceed" time="32" />
  <testcase classname="TriggerBase_Test" name="bypassShouldSucceed" time="27" />
  <testcase classname="TriggerBase_Test" name="clearAllBypassesShouldSucceed" time="18" />
  <testcase classname="TriggerBase_Test" name="clearBypassShouldSucceed" time="30" />
  <testcase classname="TriggerBase_Test" name="finalizingWithoutWaitingShouldThrowError" time="30" />
  <testcase classname="TriggerBase_Test" name="idToNumberOfTimesSeenAfterUpdate" time="38" />
  <testcase classname="TriggerBase_Test" name="idToNumberOfTimesSeenBeforeUpdate" time="32" />
  <testcase classname="TriggerBase_Test" name="inverseContextsShouldFinalizeDmlOperationDelete" time="41" />
  <testcase classname="TriggerBase_Test" name="inverseContextsShouldFinalizeDmlOperationInsert" time="31" />
  <testcase classname="TriggerBase_Test" name="inverseContextsShouldFinalizeDmlOperationUndelete" time="30" />
  <testcase classname="TriggerBase_Test" name="inverseContextsShouldFinalizeDmlOperationUpdate" time="30" />
  <testcase classname="TriggerBase_Test" name="isBypassedShouldSucceed" time="77" />
  <testcase classname="TriggerBase_Test" name="offsetRowsShouldWork" time="29" />
  <testcase classname="TriggerBase_Test" name="oldAndNewShouldComeFromTrigger" time="21" />
  <testcase classname="TriggerBase_Test" name="peekShouldShowMostRecentlyAdded" time="19" />
  <testcase classname="TriggerBase_Test" name="peekingStackWhileEmptyShouldThrowException" time="17" />
  <testcase classname="TriggerBase_Test" name="poppingStackWhileEmptyShouldThrowException" time="17" />
  <testcase classname="TriggerBase_Test" name="runShouldDoNothingWhenBypassed" time="20" />
  <testcase classname="TriggerBase_Test" name="runShouldFailWhenCalledOutsideTrigger" time="19" />
  <testcase classname="TriggerBase_Test" name="sObjectNameShouldBePopulatedFromTriggerNew" time="16" />
  <testcase classname="TriggerBase_Test" name="sObjectNameShouldBePopulatedFromTriggerOld" time="16" />
  <testcase classname="TriggerBase_Test" name="stackDepthShouldBeCalculatedProperly" time="16" />
  <testcase classname="TriggerBase_Test" name="stackShouldBeFirstInLastOut" time="19" />
  <testcase classname="TriggerBase_Test" name="stackShouldBeLastInFirstOut" time="17" />
  <testcase classname="TriggerBase_Test" name="stacksShouldBeAbleToDetermineIftheyAreEmpty" time="18" />
  <testcase classname="TriggerBase_Test" name="waitingThenFinalizingShouldWork" time="16" />
  <testcase classname="TriggerRecord_Test" name="shouldBeAbleToConstructATriggerRecord" time="14" />
  <testcase classname="Triggers_Test" name="testContentDocumentLinkTrigger" time="12057" />
  <testcase classname="Triggers_Test" name="testContractAndFormTrigger" time="588" />
  <testcase classname="Triggers_Test" name="testTransactionTrigger" time="243" />
  <testcase classname="Triggers_Test" name="testTransactionTriggerRecord" time="23" />
  <testcase classname="Util_Test" name="testGetNamespace" time="36" />
  <testcase classname="Util_Test" name="testIsOrgEmailEnabled" time="39" />
  <testcase classname="Util_Test" name="testPrefixNamespace" time="19" />
</testsuite>