<testsuite tests="170">
  <testcase classname="FieldPathManager_Test" name="testIsValid" time="27" />
  <testcase classname="FieldPathManager_Test" name="testNormalize" time="36" />
  <testcase classname="FieldPathResolver_Test" name="testFallbackByRelationshipName" time="129" />
  <testcase classname="FieldPathResolver_Test" name="testInvalidFieldPath" time="86" />
  <testcase classname="FieldPathResolver_Test" name="testNonRelationshipMidPath" time="26" />
  <testcase classname="FieldPathResolver_Test" name="testOneLevelRelationshipResolution" time="28" />
  <testcase classname="FieldPathResolver_Test" name="testSimpleFieldResolution" time="29" />
  <testcase classname="FieldPathResolver_Test" name="testTwoLevelRelationshipResolution" time="44" />
  <testcase classname="FinalizerHandler_Test" name="bypassFinalizerShouldSucceed" time="43" />
  <testcase classname="FinalizerHandler_Test" name="bypassedFinalizerShouldNotExecute" time="21" />
  <testcase classname="FinalizerHandler_Test" name="clearAllFinalizerBypassesShouldSucceed" time="17" />
  <testcase classname="FinalizerHandler_Test" name="clearFinalizerBypassShouldSucceed" time="15" />
  <testcase classname="FinalizerHandler_Test" name="finalizerIsBypassedShouldSucceed" time="16" />
  <testcase classname="FinalizerHandler_Test" name="finalizerThatInvokesDmlShouldCauseException" time="20" />
  <testcase classname="FinalizerHandler_Test" name="finalizersShouldExecuteInOrder" time="18" />
  <testcase classname="FinalizerHandler_Test" name="invalidFinalizerClassShouldThrowException" time="16" />
  <testcase classname="FinalizerHandler_Test" name="noConfiguredFinalizerShouldTakeNoAction" time="15" />
  <testcase classname="FinalizerHandler_Test" name="properlyConfiguredFinalizerShouldExecute" time="23" />
  <testcase classname="FinalizerHandler_Test" name="referencedClassDoesNotImplementDmlFinalizerShouldThrowException" time="17" />
  <testcase classname="FinalizerHandler_Test" name="staticallyBypassedFinalizerShouldNotExecute" time="16" />
  <testcase classname="FinalizerHandler_Test" name="userWithBypassPermissionDefinedOnFinalizerShouldNotExecute" time="16" />
  <testcase classname="FinalizerHandler_Test" name="userWithoutRequiredPermissionDefinedOnFinalizerShouldNotExecute" time="16" />
  <testcase classname="FlowChangeEventHeader_Test" name="shouldBeAbleToCompare" time="30" />
  <testcase classname="FlowChangeEventHeader_Test" name="shouldBeAbleToConstruct" time="33" />
  <testcase classname="FlowChangeEventHeader_Test" name="shouldBeAbleToGenerateHashCode" time="26" />
  <testcase classname="FormulaFilter_Test" name="emptyClassShouldThrowException" time="41" />
  <testcase classname="FormulaFilter_Test" name="emptyStringFormulaShouldProcessAllRecords" time="23" />
  <testcase classname="FormulaFilter_Test" name="invalidFormulaSyntaxShouldThrowException" time="23" />
  <testcase classname="FormulaFilter_Test" name="noFormulaShouldProcessAllRecords" time="16" />
  <testcase classname="FormulaFilter_Test" name="nonExistentClassShouldThrowException" time="18" />
  <testcase classname="FormulaFilter_Test" name="nonGlobalShouldThrowException" time="16" />
  <testcase classname="FormulaFilter_Test" name="nonTriggerRecordClassShouldThrowException" time="21" />
  <testcase classname="FormulaFilter_Test" name="nullClassShouldThrowException" time="17" />
  <testcase classname="FormulaFilter_Test" name="validFormulaShouldFilterContentsOftriggerNew" time="23" />
  <testcase classname="FormulaFilter_Test" name="validFormulaWithNoMatchingRecordsShouldProcessNoRecords" time="17" />
  <testcase classname="MetadataTriggerHandler_Test" name="actionMetadataShouldConstruct" time="115" />
  <testcase classname="MetadataTriggerHandler_Test" name="actionShouldExecuteIfNoRequiredOrBypassPermissionsAreDefinedForSObjectOrAction" time="33" />
  <testcase classname="MetadataTriggerHandler_Test" name="actionShouldExecuteIfUserDoesNotHaveBypassPermissionForSObjectOrAction" time="26" />
  <testcase classname="MetadataTriggerHandler_Test" name="actionShouldNotExecuteIfUserDoesNotHaveRequiredPermissionForAction" time="21" />
  <testcase classname="MetadataTriggerHandler_Test" name="actionShouldNotExecuteIfUserDoesNotHaveRequiredPermissionForSObject" time="20" />
  <testcase classname="MetadataTriggerHandler_Test" name="actionShouldNotExecuteIfUserHasBypassPermissionForAction" time="18" />
  <testcase classname="MetadataTriggerHandler_Test" name="actionShouldNotExecuteIfUserHasBypassPermissionForSObject" time="21" />
  <testcase classname="MetadataTriggerHandler_Test" name="afterDeleteShouldFailWithIncorrectClass" time="18" />
  <testcase classname="MetadataTriggerHandler_Test" name="afterDeleteShouldFailWithIncorrectType" time="18" />
  <testcase classname="MetadataTriggerHandler_Test" name="afterDeleteShouldSucceed" time="17" />
  <testcase classname="MetadataTriggerHandler_Test" name="afterInsertShouldFailWithIncorrectClass" time="16" />
  <testcase classname="MetadataTriggerHandler_Test" name="afterInsertShouldFailWithIncorrectType" time="15" />
  <testcase classname="MetadataTriggerHandler_Test" name="afterInsertShouldSucceed" time="18" />
  <testcase classname="MetadataTriggerHandler_Test" name="afterUndeleteShouldFailWithIncorrectClass" time="15" />
  <testcase classname="MetadataTriggerHandler_Test" name="afterUndeleteShouldFailWithIncorrectType" time="18" />
  <testcase classname="MetadataTriggerHandler_Test" name="afterUndeleteShouldSucceed" time="18" />
  <testcase classname="MetadataTriggerHandler_Test" name="afterUpdateShouldFailWithIncorrectClass" time="16" />
  <testcase classname="MetadataTriggerHandler_Test" name="afterUpdateShouldFailWithIncorrectType" time="15" />
  <testcase classname="MetadataTriggerHandler_Test" name="afterUpdateShouldSucceed" time="18" />
  <testcase classname="MetadataTriggerHandler_Test" name="beforeDeleteShouldFailWithIncorrectClass" time="15" />
  <testcase classname="MetadataTriggerHandler_Test" name="beforeDeleteShouldFailWithIncorrectType" time="16" />
  <testcase classname="MetadataTriggerHandler_Test" name="beforeDeleteShouldSucceed" time="15" />
  <testcase classname="MetadataTriggerHandler_Test" name="beforeInsertShouldFailWithIncorrectClass" time="19" />
  <testcase classname="MetadataTriggerHandler_Test" name="beforeInsertShouldFailWithIncorrectType" time="18" />
  <testcase classname="MetadataTriggerHandler_Test" name="beforeInsertShouldSucceed" time="14" />
  <testcase classname="MetadataTriggerHandler_Test" name="beforeUpdateShouldFailWithIncorrectClass" time="19" />
  <testcase classname="MetadataTriggerHandler_Test" name="beforeUpdateShouldFailWithIncorrectType" time="17" />
  <testcase classname="MetadataTriggerHandler_Test" name="beforeUpdateShouldSucceed" time="14" />
  <testcase classname="MetadataTriggerHandler_Test" name="bypassShouldSucceed" time="15" />
  <testcase classname="MetadataTriggerHandler_Test" name="clearAllBypassesShouldSucceed" time="19" />
  <testcase classname="MetadataTriggerHandler_Test" name="clearBypassShouldSucceed" time="14" />
  <testcase classname="MetadataTriggerHandler_Test" name="finalizerShouldSucceed" time="16" />
  <testcase classname="MetadataTriggerHandler_Test" name="isBypassedShouldSucceed" time="14" />
  <testcase classname="MetadataTriggerHandler_Test" name="nothingToProcessShouldExitEarly" time="14" />
  <testcase classname="MetadataTriggerHandler_Test" name="theFrameworkShouldSupportFlow" time="18" />
  <testcase classname="MetadataTriggerHandler_Test" name="theFrameworkShouldSupportSObjectsFromManagedPackages" time="89" />
  <testcase classname="ReceiptSender_Test" name="testInvalidEmailTemplate" time="15341" />
  <testcase classname="ReceiptSender_Test" name="testSend" time="1723" />
  <testcase classname="ReceiptSender_Test" name="testSendReceiptWithDefaultFileName" time="1192" />
  <testcase classname="ReceiptSender_Test" name="testSendReceiptWithDefinedFileName" time="1436" />
  <testcase classname="ReceiptSender_Test" name="testSendWithInvalidRecordId" time="47" />
  <testcase classname="ReceiptSender_Test" name="testSendWithNoReceipt" time="374" />
  <testcase classname="ReceiptSender_Test" name="testSendWithNullRecordId" time="41" />
  <testcase classname="ReceiptSender_Test" name="testSendWithOrgWideEmailAddress" time="39" />
  <testcase classname="ReceiptSender_Test" name="testUnsuccessfulEmailResult" time="1120" />
  <testcase classname="TA_CDL_PublishReceiptEvent_Test" name="testPublishReceiptEvent" time="81" />
  <testcase classname="TA_TRX_PublishCloseEvent_Test" name="testPublishCloseEvent" time="99" />
  <testcase classname="TransactionCloseActionsController_Test" name="testGetTransaction" time="654" />
  <testcase classname="TransactionCloseActionsController_Test" name="testSendReceipt" time="1411" />
  <testcase classname="TransactionCloseActionsController_Test" name="testSendReceiptWithException" time="25" />
  <testcase classname="TransactionCloseActionsController_Test" name="testTransactionNotFound" time="24" />
  <testcase classname="TransactionCloseActionsSelector_Test" name="testGetTransaction" time="12961" />
  <testcase classname="TransactionCloseActionsSelector_Test" name="testTransactionNotFound" time="69" />
  <testcase classname="TriggerActionFlowAddError_Test" name="addErrorShouldAddAnErrorAtTheFieldSpecified" time="36" />
  <testcase classname="TriggerActionFlowAddError_Test" name="addErrorShouldSucceedWithValidRequest" time="24" />
  <testcase classname="TriggerActionFlowBypass_Test" name="bypassApexShouldSucceedWithValidRequest" time="53" />
  <testcase classname="TriggerActionFlowBypass_Test" name="bypassFlowShouldSucceedWithValidRequest" time="27" />
  <testcase classname="TriggerActionFlowBypass_Test" name="bypassObjectShouldSucceedWithValidRequest" time="22" />
  <testcase classname="TriggerActionFlowBypass_Test" name="bypassShouldFailWithInvalidType" time="25" />
  <testcase classname="TriggerActionFlowChangeEvent_Test" name="correctInputShouldProduceFlowInputs" time="43" />
  <testcase classname="TriggerActionFlowChangeEvent_Test" name="emptyInputShouldProduceEmptyFlowInputs" time="24" />
  <testcase classname="TriggerActionFlowChangeEvent_Test" name="wrongDataTypeShouldThrowException" time="18" />
  <testcase classname="TriggerActionFlowClearAllBypasses_Test" name="clearAllBypassApexShouldSucceedWithValidRequest" time="35" />
  <testcase classname="TriggerActionFlowClearAllBypasses_Test" name="clearAllBypassFlowShouldSucceedWithValidRequest" time="27" />
  <testcase classname="TriggerActionFlowClearAllBypasses_Test" name="clearAllBypassObjectShouldSucceedWithValidRequest" time="27" />
  <testcase classname="TriggerActionFlowClearAllBypasses_Test" name="clearAllBypassShouldFailWithInvalidType" time="29" />
  <testcase classname="TriggerActionFlowClearBypass_Test" name="clearBypassApexShouldSucceedWithValidRequest" time="224" />
  <testcase classname="TriggerActionFlowClearBypass_Test" name="clearBypassFlowShouldSucceedWithValidRequest" time="43" />
  <testcase classname="TriggerActionFlowClearBypass_Test" name="clearBypassObjecthouldSucceedWithValidRequest" time="30" />
  <testcase classname="TriggerActionFlowClearBypass_Test" name="clearBypassShouldFailWithInvalidType" time="30" />
  <testcase classname="TriggerActionFlowIsBypassed_Test" name="isBypassedApexShouldSucceedWithValidRequest" time="58" />
  <testcase classname="TriggerActionFlowIsBypassed_Test" name="isBypassedFlowShouldSucceedWithValidRequest" time="37" />
  <testcase classname="TriggerActionFlowIsBypassed_Test" name="isBypassedObjectShouldSucceedWithValidRequest" time="23" />
  <testcase classname="TriggerActionFlowIsBypassed_Test" name="isBypassedShouldFailWithInvalidType" time="26" />
  <testcase classname="TriggerActionFlow_Test" name="afterDeleteShouldSucceed" time="113" />
  <testcase classname="TriggerActionFlow_Test" name="afterInsertShouldSucceed" time="37" />
  <testcase classname="TriggerActionFlow_Test" name="afterUndeleteShouldSucceed" time="23" />
  <testcase classname="TriggerActionFlow_Test" name="afterUpdateShouldSucceed" time="26" />
  <testcase classname="TriggerActionFlow_Test" name="afterUpdateWithNoRecordsToProcessShouldSucceed" time="24" />
  <testcase classname="TriggerActionFlow_Test" name="beforeDeleteShouldSucceed" time="27" />
  <testcase classname="TriggerActionFlow_Test" name="beforeInsertShouldSucceed" time="30" />
  <testcase classname="TriggerActionFlow_Test" name="beforeUpdateShouldSucceed" time="27" />
  <testcase classname="TriggerActionFlow_Test" name="beforeUpdateWithNoRecordsToProcessShouldSucceed" time="27" />
  <testcase classname="TriggerActionFlow_Test" name="bypassShouldSucceed" time="27" />
  <testcase classname="TriggerActionFlow_Test" name="clearAllBypassesShouldSucceed" time="26" />
  <testcase classname="TriggerActionFlow_Test" name="clearBypassShouldSucceed" time="25" />
  <testcase classname="TriggerActionFlow_Test" name="emptyFlowNameShouldThrowException" time="31" />
  <testcase classname="TriggerActionFlow_Test" name="flowMissingRecordVariableInOutputShouldThrowException" time="30" />
  <testcase classname="TriggerActionFlow_Test" name="invokeFlowShouldReturnUnsuccessfulResponseWithBogusFlowName" time="47" />
  <testcase classname="TriggerActionFlow_Test" name="isBypassedShouldSucceed" time="27" />
  <testcase classname="TriggerActionFlow_Test" name="noRecordMutationsShouldSucceed" time="25" />
  <testcase classname="TriggerActionFlow_Test" name="nulledFieldInFlowShouldBeTransferredBack" time="27" />
  <testcase classname="TriggerActionFlow_Test" name="shouldDoNothingWhenBypassed" time="28" />
  <testcase classname="TriggerActionFlow_Test" name="unsuccessfulActionResultShouldBeAddedAsErrorToRecord" time="33" />
  <testcase classname="TriggerActionFlow_Test" name="validateTypeShouldThrowExceptionWithInvalidInput" time="29" />
  <testcase classname="TriggerBase_Test" name="afterDeleteShouldSucceed" time="63" />
  <testcase classname="TriggerBase_Test" name="afterInsertShouldSucceed" time="43" />
  <testcase classname="TriggerBase_Test" name="afterUndeleteShouldSucceed" time="33" />
  <testcase classname="TriggerBase_Test" name="afterUpdateShouldSucceed" time="27" />
  <testcase classname="TriggerBase_Test" name="beforeDeleteShouldSucceed" time="31" />
  <testcase classname="TriggerBase_Test" name="beforeInsertShouldSucceed" time="28" />
  <testcase classname="TriggerBase_Test" name="beforeUpdateShouldSucceed" time="25" />
  <testcase classname="TriggerBase_Test" name="bypassShouldSucceed" time="27" />
  <testcase classname="TriggerBase_Test" name="clearAllBypassesShouldSucceed" time="28" />
  <testcase classname="TriggerBase_Test" name="clearBypassShouldSucceed" time="29" />
  <testcase classname="TriggerBase_Test" name="finalizingWithoutWaitingShouldThrowError" time="24" />
  <testcase classname="TriggerBase_Test" name="idToNumberOfTimesSeenAfterUpdate" time="26" />
  <testcase classname="TriggerBase_Test" name="idToNumberOfTimesSeenBeforeUpdate" time="32" />
  <testcase classname="TriggerBase_Test" name="inverseContextsShouldFinalizeDmlOperationDelete" time="26" />
  <testcase classname="TriggerBase_Test" name="inverseContextsShouldFinalizeDmlOperationInsert" time="28" />
  <testcase classname="TriggerBase_Test" name="inverseContextsShouldFinalizeDmlOperationUndelete" time="31" />
  <testcase classname="TriggerBase_Test" name="inverseContextsShouldFinalizeDmlOperationUpdate" time="26" />
  <testcase classname="TriggerBase_Test" name="isBypassedShouldSucceed" time="23" />
  <testcase classname="TriggerBase_Test" name="offsetRowsShouldWork" time="25" />
  <testcase classname="TriggerBase_Test" name="oldAndNewShouldComeFromTrigger" time="25" />
  <testcase classname="TriggerBase_Test" name="peekShouldShowMostRecentlyAdded" time="25" />
  <testcase classname="TriggerBase_Test" name="peekingStackWhileEmptyShouldThrowException" time="26" />
  <testcase classname="TriggerBase_Test" name="poppingStackWhileEmptyShouldThrowException" time="24" />
  <testcase classname="TriggerBase_Test" name="runShouldDoNothingWhenBypassed" time="29" />
  <testcase classname="TriggerBase_Test" name="runShouldFailWhenCalledOutsideTrigger" time="29" />
  <testcase classname="TriggerBase_Test" name="sObjectNameShouldBePopulatedFromTriggerNew" time="16" />
  <testcase classname="TriggerBase_Test" name="sObjectNameShouldBePopulatedFromTriggerOld" time="16" />
  <testcase classname="TriggerBase_Test" name="stackDepthShouldBeCalculatedProperly" time="15" />
  <testcase classname="TriggerBase_Test" name="stackShouldBeFirstInLastOut" time="16" />
  <testcase classname="TriggerBase_Test" name="stackShouldBeLastInFirstOut" time="15" />
  <testcase classname="TriggerBase_Test" name="stacksShouldBeAbleToDetermineIftheyAreEmpty" time="15" />
  <testcase classname="TriggerBase_Test" name="waitingThenFinalizingShouldWork" time="16" />
  <testcase classname="TriggerRecord_Test" name="shouldBeAbleToConstructATriggerRecord" time="35" />
  <testcase classname="Triggers_Test" name="testContentDocumentLinkTrigger" time="15012" />
  <testcase classname="Triggers_Test" name="testContractAndFormTrigger" time="782" />
  <testcase classname="Triggers_Test" name="testTransactionTrigger" time="346" />
  <testcase classname="Triggers_Test" name="testTransactionTriggerRecord" time="95" />
  <testcase classname="Util_Test" name="testGetNamespace" time="37" />
  <testcase classname="Util_Test" name="testIsOrgEmailEnabled" time="45" />
  <testcase classname="Util_Test" name="testPrefixNamespace" time="31" />
</testsuite>