<testsuite tests="160">
  <testcase classname="FinalizerHandler_Test" name="bypassFinalizerShouldSucceed" time="43" />
  <testcase classname="FinalizerHandler_Test" name="bypassedFinalizerShouldNotExecute" time="21" />
  <testcase classname="FinalizerHandler_Test" name="clearAllFinalizerBypassesShouldSucceed" time="22" />
  <testcase classname="FinalizerHandler_Test" name="clearFinalizerBypassShouldSucceed" time="19" />
  <testcase classname="FinalizerHandler_Test" name="finalizerIsBypassedShouldSucceed" time="18" />
  <testcase classname="FinalizerHandler_Test" name="finalizerThatInvokesDmlShouldCauseException" time="26" />
  <testcase classname="FinalizerHandler_Test" name="finalizersShouldExecuteInOrder" time="23" />
  <testcase classname="FinalizerHandler_Test" name="invalidFinalizerClassShouldThrowException" time="22" />
  <testcase classname="FinalizerHandler_Test" name="noConfiguredFinalizerShouldTakeNoAction" time="75" />
  <testcase classname="FinalizerHandler_Test" name="properlyConfiguredFinalizerShouldExecute" time="24" />
  <testcase classname="FinalizerHandler_Test" name="referencedClassDoesNotImplementDmlFinalizerShouldThrowException" time="35" />
  <testcase classname="FinalizerHandler_Test" name="staticallyBypassedFinalizerShouldNotExecute" time="19" />
  <testcase classname="FinalizerHandler_Test" name="userWithBypassPermissionDefinedOnFinalizerShouldNotExecute" time="23" />
  <testcase classname="FinalizerHandler_Test" name="userWithoutRequiredPermissionDefinedOnFinalizerShouldNotExecute" time="20" />
  <testcase classname="FlowChangeEventHeader_Test" name="shouldBeAbleToCompare" time="47" />
  <testcase classname="FlowChangeEventHeader_Test" name="shouldBeAbleToConstruct" time="26" />
  <testcase classname="FlowChangeEventHeader_Test" name="shouldBeAbleToGenerateHashCode" time="21" />
  <testcase classname="FormulaFilter_Test" name="emptyClassShouldThrowException" time="33" />
  <testcase classname="FormulaFilter_Test" name="emptyStringFormulaShouldProcessAllRecords" time="5" />
  <testcase classname="FormulaFilter_Test" name="invalidFormulaSyntaxShouldThrowException" time="55" />
  <testcase classname="FormulaFilter_Test" name="noFormulaShouldProcessAllRecords" time="4" />
  <testcase classname="FormulaFilter_Test" name="nonExistentClassShouldThrowException" time="6" />
  <testcase classname="FormulaFilter_Test" name="nonGlobalShouldThrowException" time="7" />
  <testcase classname="FormulaFilter_Test" name="nonTriggerRecordClassShouldThrowException" time="16" />
  <testcase classname="FormulaFilter_Test" name="nullClassShouldThrowException" time="6" />
  <testcase classname="FormulaFilter_Test" name="validFormulaShouldFilterContentsOftriggerNew" time="11" />
  <testcase classname="FormulaFilter_Test" name="validFormulaWithNoMatchingRecordsShouldProcessNoRecords" time="7" />
  <testcase classname="MetadataTriggerHandler_Test" name="actionMetadataShouldConstruct" time="168" />
  <testcase classname="MetadataTriggerHandler_Test" name="actionShouldExecuteIfNoRequiredOrBypassPermissionsAreDefinedForSObjectOrAction" time="28" />
  <testcase classname="MetadataTriggerHandler_Test" name="actionShouldExecuteIfUserDoesNotHaveBypassPermissionForSObjectOrAction" time="19" />
  <testcase classname="MetadataTriggerHandler_Test" name="actionShouldNotExecuteIfUserDoesNotHaveRequiredPermissionForAction" time="16" />
  <testcase classname="MetadataTriggerHandler_Test" name="actionShouldNotExecuteIfUserDoesNotHaveRequiredPermissionForSObject" time="16" />
  <testcase classname="MetadataTriggerHandler_Test" name="actionShouldNotExecuteIfUserHasBypassPermissionForAction" time="13" />
  <testcase classname="MetadataTriggerHandler_Test" name="actionShouldNotExecuteIfUserHasBypassPermissionForSObject" time="14" />
  <testcase classname="MetadataTriggerHandler_Test" name="afterDeleteShouldFailWithIncorrectClass" time="17" />
  <testcase classname="MetadataTriggerHandler_Test" name="afterDeleteShouldFailWithIncorrectType" time="238" />
  <testcase classname="MetadataTriggerHandler_Test" name="afterDeleteShouldSucceed" time="21" />
  <testcase classname="MetadataTriggerHandler_Test" name="afterInsertShouldFailWithIncorrectClass" time="11" />
  <testcase classname="MetadataTriggerHandler_Test" name="afterInsertShouldFailWithIncorrectType" time="11" />
  <testcase classname="MetadataTriggerHandler_Test" name="afterInsertShouldSucceed" time="16" />
  <testcase classname="MetadataTriggerHandler_Test" name="afterUndeleteShouldFailWithIncorrectClass" time="14" />
  <testcase classname="MetadataTriggerHandler_Test" name="afterUndeleteShouldFailWithIncorrectType" time="28" />
  <testcase classname="MetadataTriggerHandler_Test" name="afterUndeleteShouldSucceed" time="19" />
  <testcase classname="MetadataTriggerHandler_Test" name="afterUpdateShouldFailWithIncorrectClass" time="13" />
  <testcase classname="MetadataTriggerHandler_Test" name="afterUpdateShouldFailWithIncorrectType" time="13" />
  <testcase classname="MetadataTriggerHandler_Test" name="afterUpdateShouldSucceed" time="21" />
  <testcase classname="MetadataTriggerHandler_Test" name="beforeDeleteShouldFailWithIncorrectClass" time="12" />
  <testcase classname="MetadataTriggerHandler_Test" name="beforeDeleteShouldFailWithIncorrectType" time="11" />
  <testcase classname="MetadataTriggerHandler_Test" name="beforeDeleteShouldSucceed" time="19" />
  <testcase classname="MetadataTriggerHandler_Test" name="beforeInsertShouldFailWithIncorrectClass" time="13" />
  <testcase classname="MetadataTriggerHandler_Test" name="beforeInsertShouldFailWithIncorrectType" time="13" />
  <testcase classname="MetadataTriggerHandler_Test" name="beforeInsertShouldSucceed" time="11" />
  <testcase classname="MetadataTriggerHandler_Test" name="beforeUpdateShouldFailWithIncorrectClass" time="11" />
  <testcase classname="MetadataTriggerHandler_Test" name="beforeUpdateShouldFailWithIncorrectType" time="11" />
  <testcase classname="MetadataTriggerHandler_Test" name="beforeUpdateShouldSucceed" time="15" />
  <testcase classname="MetadataTriggerHandler_Test" name="bypassShouldSucceed" time="10" />
  <testcase classname="MetadataTriggerHandler_Test" name="clearAllBypassesShouldSucceed" time="10" />
  <testcase classname="MetadataTriggerHandler_Test" name="clearBypassShouldSucceed" time="10" />
  <testcase classname="MetadataTriggerHandler_Test" name="finalizerShouldSucceed" time="17" />
  <testcase classname="MetadataTriggerHandler_Test" name="isBypassedShouldSucceed" time="10" />
  <testcase classname="MetadataTriggerHandler_Test" name="nothingToProcessShouldExitEarly" time="11" />
  <testcase classname="MetadataTriggerHandler_Test" name="theFrameworkShouldSupportFlow" time="10" />
  <testcase classname="MetadataTriggerHandler_Test" name="theFrameworkShouldSupportSObjectsFromManagedPackages" time="45" />
  <testcase classname="ReceiptSender_Test" name="testInvalidEmailTemplate" time="2731" />
  <testcase classname="ReceiptSender_Test" name="testSend" time="964" />
  <testcase classname="ReceiptSender_Test" name="testSendReceiptWithDefaultFileName" time="878" />
  <testcase classname="ReceiptSender_Test" name="testSendWithInvalidRecordId" time="103" />
  <testcase classname="ReceiptSender_Test" name="testSendWithNoReceipt" time="216" />
  <testcase classname="ReceiptSender_Test" name="testSendWithNullRecordId" time="14" />
  <testcase classname="ReceiptSender_Test" name="testSendWithOrgWideEmailAddress" time="17" />
  <testcase classname="TA_CDL_PublishReceiptEvent_Test" name="testPublishReceiptEvent" time="87" />
  <testcase classname="TA_TRX_PublishCloseEvent_Test" name="testPublishCloseEvent" time="88" />
  <testcase classname="TransactionCloseActionsController_Test" name="testGetTransaction" time="18978" />
  <testcase classname="TransactionCloseActionsController_Test" name="testSendReceipt" time="3308" />
  <testcase classname="TransactionCloseActionsController_Test" name="testSendReceiptWithException" time="24" />
  <testcase classname="TransactionCloseActionsController_Test" name="testTransactionNotFound" time="17" />
  <testcase classname="TransactionCloseActionsSelector_Test" name="testGetTransaction" time="890" />
  <testcase classname="TransactionCloseActionsSelector_Test" name="testTransactionNotFound" time="22" />
  <testcase classname="TriggerActionFlowAddError_Test" name="addErrorShouldAddAnErrorAtTheFieldSpecified" time="30" />
  <testcase classname="TriggerActionFlowAddError_Test" name="addErrorShouldSucceedWithValidRequest" time="8" />
  <testcase classname="TriggerActionFlowBypass_Test" name="bypassApexShouldSucceedWithValidRequest" time="77" />
  <testcase classname="TriggerActionFlowBypass_Test" name="bypassFlowShouldSucceedWithValidRequest" time="29" />
  <testcase classname="TriggerActionFlowBypass_Test" name="bypassObjectShouldSucceedWithValidRequest" time="19" />
  <testcase classname="TriggerActionFlowBypass_Test" name="bypassShouldFailWithInvalidType" time="21" />
  <testcase classname="TriggerActionFlowChangeEvent_Test" name="correctInputShouldProduceFlowInputs" time="64" />
  <testcase classname="TriggerActionFlowChangeEvent_Test" name="emptyInputShouldProduceEmptyFlowInputs" time="28" />
  <testcase classname="TriggerActionFlowChangeEvent_Test" name="wrongDataTypeShouldThrowException" time="27" />
  <testcase classname="TriggerActionFlowClearAllBypasses_Test" name="clearAllBypassApexShouldSucceedWithValidRequest" time="77" />
  <testcase classname="TriggerActionFlowClearAllBypasses_Test" name="clearAllBypassFlowShouldSucceedWithValidRequest" time="28" />
  <testcase classname="TriggerActionFlowClearAllBypasses_Test" name="clearAllBypassObjectShouldSucceedWithValidRequest" time="27" />
  <testcase classname="TriggerActionFlowClearAllBypasses_Test" name="clearAllBypassShouldFailWithInvalidType" time="32" />
  <testcase classname="TriggerActionFlowClearBypass_Test" name="clearBypassApexShouldSucceedWithValidRequest" time="48" />
  <testcase classname="TriggerActionFlowClearBypass_Test" name="clearBypassFlowShouldSucceedWithValidRequest" time="3" />
  <testcase classname="TriggerActionFlowClearBypass_Test" name="clearBypassObjecthouldSucceedWithValidRequest" time="2" />
  <testcase classname="TriggerActionFlowClearBypass_Test" name="clearBypassShouldFailWithInvalidType" time="3" />
  <testcase classname="TriggerActionFlowIsBypassed_Test" name="isBypassedApexShouldSucceedWithValidRequest" time="56" />
  <testcase classname="TriggerActionFlowIsBypassed_Test" name="isBypassedFlowShouldSucceedWithValidRequest" time="6" />
  <testcase classname="TriggerActionFlowIsBypassed_Test" name="isBypassedObjectShouldSucceedWithValidRequest" time="3" />
  <testcase classname="TriggerActionFlowIsBypassed_Test" name="isBypassedShouldFailWithInvalidType" time="5" />
  <testcase classname="TriggerActionFlow_Test" name="afterDeleteShouldSucceed" time="107" />
  <testcase classname="TriggerActionFlow_Test" name="afterInsertShouldSucceed" time="28" />
  <testcase classname="TriggerActionFlow_Test" name="afterUndeleteShouldSucceed" time="28" />
  <testcase classname="TriggerActionFlow_Test" name="afterUpdateShouldSucceed" time="27" />
  <testcase classname="TriggerActionFlow_Test" name="afterUpdateWithNoRecordsToProcessShouldSucceed" time="26" />
  <testcase classname="TriggerActionFlow_Test" name="beforeDeleteShouldSucceed" time="25" />
  <testcase classname="TriggerActionFlow_Test" name="beforeInsertShouldSucceed" time="27" />
  <testcase classname="TriggerActionFlow_Test" name="beforeUpdateShouldSucceed" time="26" />
  <testcase classname="TriggerActionFlow_Test" name="beforeUpdateWithNoRecordsToProcessShouldSucceed" time="27" />
  <testcase classname="TriggerActionFlow_Test" name="bypassShouldSucceed" time="26" />
  <testcase classname="TriggerActionFlow_Test" name="clearAllBypassesShouldSucceed" time="28" />
  <testcase classname="TriggerActionFlow_Test" name="clearBypassShouldSucceed" time="26" />
  <testcase classname="TriggerActionFlow_Test" name="emptyFlowNameShouldThrowException" time="29" />
  <testcase classname="TriggerActionFlow_Test" name="flowMissingRecordVariableInOutputShouldThrowException" time="31" />
  <testcase classname="TriggerActionFlow_Test" name="invokeFlowShouldReturnUnsuccessfulResponseWithBogusFlowName" time="54" />
  <testcase classname="TriggerActionFlow_Test" name="isBypassedShouldSucceed" time="27" />
  <testcase classname="TriggerActionFlow_Test" name="noRecordMutationsShouldSucceed" time="25" />
  <testcase classname="TriggerActionFlow_Test" name="nulledFieldInFlowShouldBeTransferredBack" time="26" />
  <testcase classname="TriggerActionFlow_Test" name="shouldDoNothingWhenBypassed" time="25" />
  <testcase classname="TriggerActionFlow_Test" name="unsuccessfulActionResultShouldBeAddedAsErrorToRecord" time="31" />
  <testcase classname="TriggerActionFlow_Test" name="validateTypeShouldThrowExceptionWithInvalidInput" time="30" />
  <testcase classname="TriggerBase_Test" name="afterDeleteShouldSucceed" time="81" />
  <testcase classname="TriggerBase_Test" name="afterInsertShouldSucceed" time="74" />
  <testcase classname="TriggerBase_Test" name="afterUndeleteShouldSucceed" time="26" />
  <testcase classname="TriggerBase_Test" name="afterUpdateShouldSucceed" time="17" />
  <testcase classname="TriggerBase_Test" name="beforeDeleteShouldSucceed" time="17" />
  <testcase classname="TriggerBase_Test" name="beforeInsertShouldSucceed" time="15" />
  <testcase classname="TriggerBase_Test" name="beforeUpdateShouldSucceed" time="13" />
  <testcase classname="TriggerBase_Test" name="bypassShouldSucceed" time="13" />
  <testcase classname="TriggerBase_Test" name="clearAllBypassesShouldSucceed" time="13" />
  <testcase classname="TriggerBase_Test" name="clearBypassShouldSucceed" time="12" />
  <testcase classname="TriggerBase_Test" name="finalizingWithoutWaitingShouldThrowError" time="15" />
  <testcase classname="TriggerBase_Test" name="idToNumberOfTimesSeenAfterUpdate" time="15" />
  <testcase classname="TriggerBase_Test" name="idToNumberOfTimesSeenBeforeUpdate" time="14" />
  <testcase classname="TriggerBase_Test" name="inverseContextsShouldFinalizeDmlOperationDelete" time="16" />
  <testcase classname="TriggerBase_Test" name="inverseContextsShouldFinalizeDmlOperationInsert" time="14" />
  <testcase classname="TriggerBase_Test" name="inverseContextsShouldFinalizeDmlOperationUndelete" time="18" />
  <testcase classname="TriggerBase_Test" name="inverseContextsShouldFinalizeDmlOperationUpdate" time="19" />
  <testcase classname="TriggerBase_Test" name="isBypassedShouldSucceed" time="12" />
  <testcase classname="TriggerBase_Test" name="offsetRowsShouldWork" time="12" />
  <testcase classname="TriggerBase_Test" name="oldAndNewShouldComeFromTrigger" time="14" />
  <testcase classname="TriggerBase_Test" name="peekShouldShowMostRecentlyAdded" time="16" />
  <testcase classname="TriggerBase_Test" name="peekingStackWhileEmptyShouldThrowException" time="13" />
  <testcase classname="TriggerBase_Test" name="poppingStackWhileEmptyShouldThrowException" time="16" />
  <testcase classname="TriggerBase_Test" name="runShouldDoNothingWhenBypassed" time="13" />
  <testcase classname="TriggerBase_Test" name="runShouldFailWhenCalledOutsideTrigger" time="15" />
  <testcase classname="TriggerBase_Test" name="sObjectNameShouldBePopulatedFromTriggerNew" time="16" />
  <testcase classname="TriggerBase_Test" name="sObjectNameShouldBePopulatedFromTriggerOld" time="15" />
  <testcase classname="TriggerBase_Test" name="stackDepthShouldBeCalculatedProperly" time="16" />
  <testcase classname="TriggerBase_Test" name="stackShouldBeFirstInLastOut" time="19" />
  <testcase classname="TriggerBase_Test" name="stackShouldBeLastInFirstOut" time="16" />
  <testcase classname="TriggerBase_Test" name="stacksShouldBeAbleToDetermineIftheyAreEmpty" time="20" />
  <testcase classname="TriggerBase_Test" name="waitingThenFinalizingShouldWork" time="14" />
  <testcase classname="TriggerRecord_Test" name="shouldBeAbleToConstructATriggerRecord" time="41" />
  <testcase classname="Triggers_Test" name="testContentDocumentLinkTrigger" time="3466" />
  <testcase classname="Triggers_Test" name="testContractAndFormTrigger" time="1231" />
  <testcase classname="Triggers_Test" name="testTransactionTrigger" time="383" />
  <testcase classname="Triggers_Test" name="testTransactionTriggerRecord" time="22" />
  <testcase classname="Util_Test" name="testGetNamespace" time="44" />
  <testcase classname="Util_Test" name="testIsOrgEmailEnabled" time="16" />
  <testcase classname="Util_Test" name="testPrefixNamespace" time="5" />
</testsuite>