<testsuite tests="142">
  <testcase classname="FinalizerHandler_Test" name="bypassFinalizerShouldSucceed" time="10" />
  <testcase classname="FinalizerHandler_Test" name="bypassedFinalizerShouldNotExecute" time="17" />
  <testcase classname="FinalizerHandler_Test" name="clearAllFinalizerBypassesShouldSucceed" time="14" />
  <testcase classname="FinalizerHandler_Test" name="clearFinalizerBypassShouldSucceed" time="11" />
  <testcase classname="FinalizerHandler_Test" name="finalizerIsBypassedShouldSucceed" time="12" />
  <testcase classname="FinalizerHandler_Test" name="finalizerThatInvokesDmlShouldCauseException" time="14" />
  <testcase classname="FinalizerHandler_Test" name="finalizersShouldExecuteInOrder" time="14" />
  <testcase classname="FinalizerHandler_Test" name="invalidFinalizerClassShouldThrowException" time="13" />
  <testcase classname="FinalizerHandler_Test" name="noConfiguredFinalizerShouldTakeNoAction" time="13" />
  <testcase classname="FinalizerHandler_Test" name="properlyConfiguredFinalizerShouldExecute" time="21" />
  <testcase classname="FinalizerHandler_Test" name="referencedClassDoesNotImplementDmlFinalizerShouldThrowException" time="13" />
  <testcase classname="FinalizerHandler_Test" name="staticallyBypassedFinalizerShouldNotExecute" time="15" />
  <testcase classname="FinalizerHandler_Test" name="userWithBypassPermissionDefinedOnFinalizerShouldNotExecute" time="12" />
  <testcase classname="FinalizerHandler_Test" name="userWithoutRequiredPermissionDefinedOnFinalizerShouldNotExecute" time="14" />
  <testcase classname="FlowChangeEventHeader_Test" name="shouldBeAbleToCompare" time="12" />
  <testcase classname="FlowChangeEventHeader_Test" name="shouldBeAbleToConstruct" time="19" />
  <testcase classname="FlowChangeEventHeader_Test" name="shouldBeAbleToGenerateHashCode" time="13" />
  <testcase classname="FormulaFilter_Test" name="emptyClassShouldThrowException" time="26" />
  <testcase classname="FormulaFilter_Test" name="emptyStringFormulaShouldProcessAllRecords" time="23" />
  <testcase classname="FormulaFilter_Test" name="invalidFormulaSyntaxShouldThrowException" time="23" />
  <testcase classname="FormulaFilter_Test" name="noFormulaShouldProcessAllRecords" time="16" />
  <testcase classname="FormulaFilter_Test" name="nonExistentClassShouldThrowException" time="21" />
  <testcase classname="FormulaFilter_Test" name="nonGlobalShouldThrowException" time="23" />
  <testcase classname="FormulaFilter_Test" name="nonTriggerRecordClassShouldThrowException" time="21" />
  <testcase classname="FormulaFilter_Test" name="nullClassShouldThrowException" time="18" />
  <testcase classname="FormulaFilter_Test" name="validFormulaShouldFilterContentsOftriggerNew" time="20" />
  <testcase classname="FormulaFilter_Test" name="validFormulaWithNoMatchingRecordsShouldProcessNoRecords" time="19" />
  <testcase classname="MetadataTriggerHandler_Test" name="actionMetadataShouldConstruct" time="220" />
  <testcase classname="MetadataTriggerHandler_Test" name="actionShouldExecuteIfNoRequiredOrBypassPermissionsAreDefinedForSObjectOrAction" time="44" />
  <testcase classname="MetadataTriggerHandler_Test" name="actionShouldExecuteIfUserDoesNotHaveBypassPermissionForSObjectOrAction" time="29" />
  <testcase classname="MetadataTriggerHandler_Test" name="actionShouldNotExecuteIfUserDoesNotHaveRequiredPermissionForAction" time="20" />
  <testcase classname="MetadataTriggerHandler_Test" name="actionShouldNotExecuteIfUserDoesNotHaveRequiredPermissionForSObject" time="20" />
  <testcase classname="MetadataTriggerHandler_Test" name="actionShouldNotExecuteIfUserHasBypassPermissionForAction" time="20" />
  <testcase classname="MetadataTriggerHandler_Test" name="actionShouldNotExecuteIfUserHasBypassPermissionForSObject" time="19" />
  <testcase classname="MetadataTriggerHandler_Test" name="afterDeleteShouldFailWithIncorrectClass" time="20" />
  <testcase classname="MetadataTriggerHandler_Test" name="afterDeleteShouldFailWithIncorrectType" time="28" />
  <testcase classname="MetadataTriggerHandler_Test" name="afterDeleteShouldSucceed" time="26" />
  <testcase classname="MetadataTriggerHandler_Test" name="afterInsertShouldFailWithIncorrectClass" time="20" />
  <testcase classname="MetadataTriggerHandler_Test" name="afterInsertShouldFailWithIncorrectType" time="19" />
  <testcase classname="MetadataTriggerHandler_Test" name="afterInsertShouldSucceed" time="21" />
  <testcase classname="MetadataTriggerHandler_Test" name="afterUndeleteShouldFailWithIncorrectClass" time="18" />
  <testcase classname="MetadataTriggerHandler_Test" name="afterUndeleteShouldFailWithIncorrectType" time="21" />
  <testcase classname="MetadataTriggerHandler_Test" name="afterUndeleteShouldSucceed" time="22" />
  <testcase classname="MetadataTriggerHandler_Test" name="afterUpdateShouldFailWithIncorrectClass" time="22" />
  <testcase classname="MetadataTriggerHandler_Test" name="afterUpdateShouldFailWithIncorrectType" time="24" />
  <testcase classname="MetadataTriggerHandler_Test" name="afterUpdateShouldSucceed" time="23" />
  <testcase classname="MetadataTriggerHandler_Test" name="beforeDeleteShouldFailWithIncorrectClass" time="20" />
  <testcase classname="MetadataTriggerHandler_Test" name="beforeDeleteShouldFailWithIncorrectType" time="23" />
  <testcase classname="MetadataTriggerHandler_Test" name="beforeDeleteShouldSucceed" time="23" />
  <testcase classname="MetadataTriggerHandler_Test" name="beforeInsertShouldFailWithIncorrectClass" time="19" />
  <testcase classname="MetadataTriggerHandler_Test" name="beforeInsertShouldFailWithIncorrectType" time="55" />
  <testcase classname="MetadataTriggerHandler_Test" name="beforeInsertShouldSucceed" time="26" />
  <testcase classname="MetadataTriggerHandler_Test" name="beforeUpdateShouldFailWithIncorrectClass" time="17" />
  <testcase classname="MetadataTriggerHandler_Test" name="beforeUpdateShouldFailWithIncorrectType" time="14" />
  <testcase classname="MetadataTriggerHandler_Test" name="beforeUpdateShouldSucceed" time="16" />
  <testcase classname="MetadataTriggerHandler_Test" name="bypassShouldSucceed" time="14" />
  <testcase classname="MetadataTriggerHandler_Test" name="clearAllBypassesShouldSucceed" time="13" />
  <testcase classname="MetadataTriggerHandler_Test" name="clearBypassShouldSucceed" time="13" />
  <testcase classname="MetadataTriggerHandler_Test" name="finalizerShouldSucceed" time="15" />
  <testcase classname="MetadataTriggerHandler_Test" name="isBypassedShouldSucceed" time="13" />
  <testcase classname="MetadataTriggerHandler_Test" name="nothingToProcessShouldExitEarly" time="15" />
  <testcase classname="MetadataTriggerHandler_Test" name="theFrameworkShouldSupportFlow" time="13" />
  <testcase classname="MetadataTriggerHandler_Test" name="theFrameworkShouldSupportSObjectsFromManagedPackages" time="34" />
  <testcase classname="TA_CDL_PublishReceiptEvent_Test" name="testPublishReceiptEvent" time="55" />
  <testcase classname="TriggerActionFlowAddError_Test" name="addErrorShouldAddAnErrorAtTheFieldSpecified" time="27" />
  <testcase classname="TriggerActionFlowAddError_Test" name="addErrorShouldSucceedWithValidRequest" time="23" />
  <testcase classname="TriggerActionFlowBypass_Test" name="bypassApexShouldSucceedWithValidRequest" time="41" />
  <testcase classname="TriggerActionFlowBypass_Test" name="bypassFlowShouldSucceedWithValidRequest" time="30" />
  <testcase classname="TriggerActionFlowBypass_Test" name="bypassObjectShouldSucceedWithValidRequest" time="17" />
  <testcase classname="TriggerActionFlowBypass_Test" name="bypassShouldFailWithInvalidType" time="30" />
  <testcase classname="TriggerActionFlowChangeEvent_Test" name="correctInputShouldProduceFlowInputs" time="38" />
  <testcase classname="TriggerActionFlowChangeEvent_Test" name="emptyInputShouldProduceEmptyFlowInputs" time="18" />
  <testcase classname="TriggerActionFlowChangeEvent_Test" name="wrongDataTypeShouldThrowException" time="13" />
  <testcase classname="TriggerActionFlowClearAllBypasses_Test" name="clearAllBypassApexShouldSucceedWithValidRequest" time="21" />
  <testcase classname="TriggerActionFlowClearAllBypasses_Test" name="clearAllBypassFlowShouldSucceedWithValidRequest" time="16" />
  <testcase classname="TriggerActionFlowClearAllBypasses_Test" name="clearAllBypassObjectShouldSucceedWithValidRequest" time="11" />
  <testcase classname="TriggerActionFlowClearAllBypasses_Test" name="clearAllBypassShouldFailWithInvalidType" time="17" />
  <testcase classname="TriggerActionFlowClearBypass_Test" name="clearBypassApexShouldSucceedWithValidRequest" time="78" />
  <testcase classname="TriggerActionFlowClearBypass_Test" name="clearBypassFlowShouldSucceedWithValidRequest" time="22" />
  <testcase classname="TriggerActionFlowClearBypass_Test" name="clearBypassObjecthouldSucceedWithValidRequest" time="12" />
  <testcase classname="TriggerActionFlowClearBypass_Test" name="clearBypassShouldFailWithInvalidType" time="15" />
  <testcase classname="TriggerActionFlowIsBypassed_Test" name="isBypassedApexShouldSucceedWithValidRequest" time="35" />
  <testcase classname="TriggerActionFlowIsBypassed_Test" name="isBypassedFlowShouldSucceedWithValidRequest" time="17" />
  <testcase classname="TriggerActionFlowIsBypassed_Test" name="isBypassedObjectShouldSucceedWithValidRequest" time="5" />
  <testcase classname="TriggerActionFlowIsBypassed_Test" name="isBypassedShouldFailWithInvalidType" time="18" />
  <testcase classname="TriggerActionFlow_Test" name="afterDeleteShouldSucceed" time="21" />
  <testcase classname="TriggerActionFlow_Test" name="afterInsertShouldSucceed" time="25" />
  <testcase classname="TriggerActionFlow_Test" name="afterUndeleteShouldSucceed" time="15" />
  <testcase classname="TriggerActionFlow_Test" name="afterUpdateShouldSucceed" time="14" />
  <testcase classname="TriggerActionFlow_Test" name="afterUpdateWithNoRecordsToProcessShouldSucceed" time="12" />
  <testcase classname="TriggerActionFlow_Test" name="beforeDeleteShouldSucceed" time="13" />
  <testcase classname="TriggerActionFlow_Test" name="beforeInsertShouldSucceed" time="14" />
  <testcase classname="TriggerActionFlow_Test" name="beforeUpdateShouldSucceed" time="14" />
  <testcase classname="TriggerActionFlow_Test" name="beforeUpdateWithNoRecordsToProcessShouldSucceed" time="12" />
  <testcase classname="TriggerActionFlow_Test" name="bypassShouldSucceed" time="12" />
  <testcase classname="TriggerActionFlow_Test" name="clearAllBypassesShouldSucceed" time="14" />
  <testcase classname="TriggerActionFlow_Test" name="clearBypassShouldSucceed" time="14" />
  <testcase classname="TriggerActionFlow_Test" name="emptyFlowNameShouldThrowException" time="15" />
  <testcase classname="TriggerActionFlow_Test" name="flowMissingRecordVariableInOutputShouldThrowException" time="16" />
  <testcase classname="TriggerActionFlow_Test" name="invokeFlowShouldReturnUnsuccessfulResponseWithBogusFlowName" time="38" />
  <testcase classname="TriggerActionFlow_Test" name="isBypassedShouldSucceed" time="13" />
  <testcase classname="TriggerActionFlow_Test" name="noRecordMutationsShouldSucceed" time="14" />
  <testcase classname="TriggerActionFlow_Test" name="nulledFieldInFlowShouldBeTransferredBack" time="15" />
  <testcase classname="TriggerActionFlow_Test" name="shouldDoNothingWhenBypassed" time="121" />
  <testcase classname="TriggerActionFlow_Test" name="unsuccessfulActionResultShouldBeAddedAsErrorToRecord" time="18" />
  <testcase classname="TriggerActionFlow_Test" name="validateTypeShouldThrowExceptionWithInvalidInput" time="14" />
  <testcase classname="TriggerBase_Test" name="afterDeleteShouldSucceed" time="43" />
  <testcase classname="TriggerBase_Test" name="afterInsertShouldSucceed" time="28" />
  <testcase classname="TriggerBase_Test" name="afterUndeleteShouldSucceed" time="12" />
  <testcase classname="TriggerBase_Test" name="afterUpdateShouldSucceed" time="17" />
  <testcase classname="TriggerBase_Test" name="beforeDeleteShouldSucceed" time="15" />
  <testcase classname="TriggerBase_Test" name="beforeInsertShouldSucceed" time="13" />
  <testcase classname="TriggerBase_Test" name="beforeUpdateShouldSucceed" time="13" />
  <testcase classname="TriggerBase_Test" name="bypassShouldSucceed" time="15" />
  <testcase classname="TriggerBase_Test" name="clearAllBypassesShouldSucceed" time="13" />
  <testcase classname="TriggerBase_Test" name="clearBypassShouldSucceed" time="12" />
  <testcase classname="TriggerBase_Test" name="finalizingWithoutWaitingShouldThrowError" time="12" />
  <testcase classname="TriggerBase_Test" name="idToNumberOfTimesSeenAfterUpdate" time="13" />
  <testcase classname="TriggerBase_Test" name="idToNumberOfTimesSeenBeforeUpdate" time="16" />
  <testcase classname="TriggerBase_Test" name="inverseContextsShouldFinalizeDmlOperationDelete" time="18" />
  <testcase classname="TriggerBase_Test" name="inverseContextsShouldFinalizeDmlOperationInsert" time="17" />
  <testcase classname="TriggerBase_Test" name="inverseContextsShouldFinalizeDmlOperationUndelete" time="9" />
  <testcase classname="TriggerBase_Test" name="inverseContextsShouldFinalizeDmlOperationUpdate" time="14" />
  <testcase classname="TriggerBase_Test" name="isBypassedShouldSucceed" time="14" />
  <testcase classname="TriggerBase_Test" name="offsetRowsShouldWork" time="13" />
  <testcase classname="TriggerBase_Test" name="oldAndNewShouldComeFromTrigger" time="13" />
  <testcase classname="TriggerBase_Test" name="peekShouldShowMostRecentlyAdded" time="14" />
  <testcase classname="TriggerBase_Test" name="peekingStackWhileEmptyShouldThrowException" time="13" />
  <testcase classname="TriggerBase_Test" name="poppingStackWhileEmptyShouldThrowException" time="12" />
  <testcase classname="TriggerBase_Test" name="runShouldDoNothingWhenBypassed" time="13" />
  <testcase classname="TriggerBase_Test" name="runShouldFailWhenCalledOutsideTrigger" time="14" />
  <testcase classname="TriggerBase_Test" name="sObjectNameShouldBePopulatedFromTriggerNew" time="13" />
  <testcase classname="TriggerBase_Test" name="sObjectNameShouldBePopulatedFromTriggerOld" time="14" />
  <testcase classname="TriggerBase_Test" name="stackDepthShouldBeCalculatedProperly" time="12" />
  <testcase classname="TriggerBase_Test" name="stackShouldBeFirstInLastOut" time="12" />
  <testcase classname="TriggerBase_Test" name="stackShouldBeLastInFirstOut" time="14" />
  <testcase classname="TriggerBase_Test" name="stacksShouldBeAbleToDetermineIftheyAreEmpty" time="16" />
  <testcase classname="TriggerBase_Test" name="waitingThenFinalizingShouldWork" time="13" />
  <testcase classname="TriggerRecord_Test" name="shouldBeAbleToConstructATriggerRecord" time="15" />
  <testcase classname="Triggers_Test" name="testContentDocumentLinkTrigger" time="19524" />
  <testcase classname="Triggers_Test" name="testTransactionTrigger" time="673" />
  <testcase classname="Triggers_Test" name="testTransactionTriggerRecord" time="27" />
</testsuite>