<testsuite tests="156">
  <testcase classname="FinalizerHandler_Test" name="bypassFinalizerShouldSucceed" time="42" />
  <testcase classname="FinalizerHandler_Test" name="bypassedFinalizerShouldNotExecute" time="26" />
  <testcase classname="FinalizerHandler_Test" name="clearAllFinalizerBypassesShouldSucceed" time="6" />
  <testcase classname="FinalizerHandler_Test" name="clearFinalizerBypassShouldSucceed" time="6" />
  <testcase classname="FinalizerHandler_Test" name="finalizerIsBypassedShouldSucceed" time="6" />
  <testcase classname="FinalizerHandler_Test" name="finalizerThatInvokesDmlShouldCauseException" time="13" />
  <testcase classname="FinalizerHandler_Test" name="finalizersShouldExecuteInOrder" time="10" />
  <testcase classname="FinalizerHandler_Test" name="invalidFinalizerClassShouldThrowException" time="8" />
  <testcase classname="FinalizerHandler_Test" name="noConfiguredFinalizerShouldTakeNoAction" time="21" />
  <testcase classname="FinalizerHandler_Test" name="properlyConfiguredFinalizerShouldExecute" time="15" />
  <testcase classname="FinalizerHandler_Test" name="referencedClassDoesNotImplementDmlFinalizerShouldThrowException" time="9" />
  <testcase classname="FinalizerHandler_Test" name="staticallyBypassedFinalizerShouldNotExecute" time="7" />
  <testcase classname="FinalizerHandler_Test" name="userWithBypassPermissionDefinedOnFinalizerShouldNotExecute" time="7" />
  <testcase classname="FinalizerHandler_Test" name="userWithoutRequiredPermissionDefinedOnFinalizerShouldNotExecute" time="7" />
  <testcase classname="FlowChangeEventHeader_Test" name="shouldBeAbleToCompare" time="62" />
  <testcase classname="FlowChangeEventHeader_Test" name="shouldBeAbleToConstruct" time="13" />
  <testcase classname="FlowChangeEventHeader_Test" name="shouldBeAbleToGenerateHashCode" time="8" />
  <testcase classname="FormulaFilter_Test" name="emptyClassShouldThrowException" time="37" />
  <testcase classname="FormulaFilter_Test" name="emptyStringFormulaShouldProcessAllRecords" time="5" />
  <testcase classname="FormulaFilter_Test" name="invalidFormulaSyntaxShouldThrowException" time="10" />
  <testcase classname="FormulaFilter_Test" name="noFormulaShouldProcessAllRecords" time="4" />
  <testcase classname="FormulaFilter_Test" name="nonExistentClassShouldThrowException" time="5" />
  <testcase classname="FormulaFilter_Test" name="nonGlobalShouldThrowException" time="8" />
  <testcase classname="FormulaFilter_Test" name="nonTriggerRecordClassShouldThrowException" time="8" />
  <testcase classname="FormulaFilter_Test" name="nullClassShouldThrowException" time="5" />
  <testcase classname="FormulaFilter_Test" name="validFormulaShouldFilterContentsOftriggerNew" time="6" />
  <testcase classname="FormulaFilter_Test" name="validFormulaWithNoMatchingRecordsShouldProcessNoRecords" time="7" />
  <testcase classname="MetadataTriggerHandler_Test" name="actionMetadataShouldConstruct" time="338" />
  <testcase classname="MetadataTriggerHandler_Test" name="actionShouldExecuteIfNoRequiredOrBypassPermissionsAreDefinedForSObjectOrAction" time="24" />
  <testcase classname="MetadataTriggerHandler_Test" name="actionShouldExecuteIfUserDoesNotHaveBypassPermissionForSObjectOrAction" time="20" />
  <testcase classname="MetadataTriggerHandler_Test" name="actionShouldNotExecuteIfUserDoesNotHaveRequiredPermissionForAction" time="10" />
  <testcase classname="MetadataTriggerHandler_Test" name="actionShouldNotExecuteIfUserDoesNotHaveRequiredPermissionForSObject" time="10" />
  <testcase classname="MetadataTriggerHandler_Test" name="actionShouldNotExecuteIfUserHasBypassPermissionForAction" time="11" />
  <testcase classname="MetadataTriggerHandler_Test" name="actionShouldNotExecuteIfUserHasBypassPermissionForSObject" time="14" />
  <testcase classname="MetadataTriggerHandler_Test" name="afterDeleteShouldFailWithIncorrectClass" time="13" />
  <testcase classname="MetadataTriggerHandler_Test" name="afterDeleteShouldFailWithIncorrectType" time="11" />
  <testcase classname="MetadataTriggerHandler_Test" name="afterDeleteShouldSucceed" time="12" />
  <testcase classname="MetadataTriggerHandler_Test" name="afterInsertShouldFailWithIncorrectClass" time="10" />
  <testcase classname="MetadataTriggerHandler_Test" name="afterInsertShouldFailWithIncorrectType" time="11" />
  <testcase classname="MetadataTriggerHandler_Test" name="afterInsertShouldSucceed" time="13" />
  <testcase classname="MetadataTriggerHandler_Test" name="afterUndeleteShouldFailWithIncorrectClass" time="10" />
  <testcase classname="MetadataTriggerHandler_Test" name="afterUndeleteShouldFailWithIncorrectType" time="12" />
  <testcase classname="MetadataTriggerHandler_Test" name="afterUndeleteShouldSucceed" time="14" />
  <testcase classname="MetadataTriggerHandler_Test" name="afterUpdateShouldFailWithIncorrectClass" time="10" />
  <testcase classname="MetadataTriggerHandler_Test" name="afterUpdateShouldFailWithIncorrectType" time="11" />
  <testcase classname="MetadataTriggerHandler_Test" name="afterUpdateShouldSucceed" time="13" />
  <testcase classname="MetadataTriggerHandler_Test" name="beforeDeleteShouldFailWithIncorrectClass" time="10" />
  <testcase classname="MetadataTriggerHandler_Test" name="beforeDeleteShouldFailWithIncorrectType" time="10" />
  <testcase classname="MetadataTriggerHandler_Test" name="beforeDeleteShouldSucceed" time="13" />
  <testcase classname="MetadataTriggerHandler_Test" name="beforeInsertShouldFailWithIncorrectClass" time="10" />
  <testcase classname="MetadataTriggerHandler_Test" name="beforeInsertShouldFailWithIncorrectType" time="11" />
  <testcase classname="MetadataTriggerHandler_Test" name="beforeInsertShouldSucceed" time="10" />
  <testcase classname="MetadataTriggerHandler_Test" name="beforeUpdateShouldFailWithIncorrectClass" time="10" />
  <testcase classname="MetadataTriggerHandler_Test" name="beforeUpdateShouldFailWithIncorrectType" time="10" />
  <testcase classname="MetadataTriggerHandler_Test" name="beforeUpdateShouldSucceed" time="13" />
  <testcase classname="MetadataTriggerHandler_Test" name="bypassShouldSucceed" time="8" />
  <testcase classname="MetadataTriggerHandler_Test" name="clearAllBypassesShouldSucceed" time="8" />
  <testcase classname="MetadataTriggerHandler_Test" name="clearBypassShouldSucceed" time="8" />
  <testcase classname="MetadataTriggerHandler_Test" name="finalizerShouldSucceed" time="12" />
  <testcase classname="MetadataTriggerHandler_Test" name="isBypassedShouldSucceed" time="8" />
  <testcase classname="MetadataTriggerHandler_Test" name="nothingToProcessShouldExitEarly" time="10" />
  <testcase classname="MetadataTriggerHandler_Test" name="theFrameworkShouldSupportFlow" time="15" />
  <testcase classname="MetadataTriggerHandler_Test" name="theFrameworkShouldSupportSObjectsFromManagedPackages" time="28" />
  <testcase classname="ReceiptSender_Test" name="testInvalidEmailTemplate" time="2388" />
  <testcase classname="ReceiptSender_Test" name="testSend" time="1271" />
  <testcase classname="ReceiptSender_Test" name="testSendReceiptWithDefaultFileName" time="962" />
  <testcase classname="ReceiptSender_Test" name="testSendWithInvalidRecordId" time="66" />
  <testcase classname="ReceiptSender_Test" name="testSendWithNoReceipt" time="221" />
  <testcase classname="ReceiptSender_Test" name="testSendWithNullRecordId" time="14" />
  <testcase classname="ReceiptSender_Test" name="testSendWithOrgWideEmailAddress" time="198" />
  <testcase classname="TA_CDL_PublishReceiptEvent_Test" name="testPublishReceiptEvent" time="311" />
  <testcase classname="TA_TRX_PublishCloseEvent_Test" name="testPublishCloseEvent" time="79" />
  <testcase classname="TransactionCloseActionsController_Test" name="testGetTransaction" time="702" />
  <testcase classname="TransactionCloseActionsController_Test" name="testSendReceipt" time="1268" />
  <testcase classname="TransactionCloseActionsController_Test" name="testSendReceiptWithException" time="19" />
  <testcase classname="TransactionCloseActionsController_Test" name="testTransactionNotFound" time="13" />
  <testcase classname="TransactionCloseActionsSelector_Test" name="testGetTransaction" time="3177" />
  <testcase classname="TransactionCloseActionsSelector_Test" name="testTransactionNotFound" time="45" />
  <testcase classname="TriggerActionFlowAddError_Test" name="addErrorShouldAddAnErrorAtTheFieldSpecified" time="40" />
  <testcase classname="TriggerActionFlowAddError_Test" name="addErrorShouldSucceedWithValidRequest" time="4" />
  <testcase classname="TriggerActionFlowBypass_Test" name="bypassApexShouldSucceedWithValidRequest" time="102" />
  <testcase classname="TriggerActionFlowBypass_Test" name="bypassFlowShouldSucceedWithValidRequest" time="16" />
  <testcase classname="TriggerActionFlowBypass_Test" name="bypassObjectShouldSucceedWithValidRequest" time="7" />
  <testcase classname="TriggerActionFlowBypass_Test" name="bypassShouldFailWithInvalidType" time="9" />
  <testcase classname="TriggerActionFlowChangeEvent_Test" name="correctInputShouldProduceFlowInputs" time="74" />
  <testcase classname="TriggerActionFlowChangeEvent_Test" name="emptyInputShouldProduceEmptyFlowInputs" time="12" />
  <testcase classname="TriggerActionFlowChangeEvent_Test" name="wrongDataTypeShouldThrowException" time="8" />
  <testcase classname="TriggerActionFlowClearAllBypasses_Test" name="clearAllBypassApexShouldSucceedWithValidRequest" time="58" />
  <testcase classname="TriggerActionFlowClearAllBypasses_Test" name="clearAllBypassFlowShouldSucceedWithValidRequest" time="9" />
  <testcase classname="TriggerActionFlowClearAllBypasses_Test" name="clearAllBypassObjectShouldSucceedWithValidRequest" time="4" />
  <testcase classname="TriggerActionFlowClearAllBypasses_Test" name="clearAllBypassShouldFailWithInvalidType" time="5" />
  <testcase classname="TriggerActionFlowClearBypass_Test" name="clearBypassApexShouldSucceedWithValidRequest" time="91" />
  <testcase classname="TriggerActionFlowClearBypass_Test" name="clearBypassFlowShouldSucceedWithValidRequest" time="14" />
  <testcase classname="TriggerActionFlowClearBypass_Test" name="clearBypassObjecthouldSucceedWithValidRequest" time="6" />
  <testcase classname="TriggerActionFlowClearBypass_Test" name="clearBypassShouldFailWithInvalidType" time="7" />
  <testcase classname="TriggerActionFlowIsBypassed_Test" name="isBypassedApexShouldSucceedWithValidRequest" time="80" />
  <testcase classname="TriggerActionFlowIsBypassed_Test" name="isBypassedFlowShouldSucceedWithValidRequest" time="23" />
  <testcase classname="TriggerActionFlowIsBypassed_Test" name="isBypassedObjectShouldSucceedWithValidRequest" time="6" />
  <testcase classname="TriggerActionFlowIsBypassed_Test" name="isBypassedShouldFailWithInvalidType" time="8" />
  <testcase classname="TriggerActionFlow_Test" name="afterDeleteShouldSucceed" time="51" />
  <testcase classname="TriggerActionFlow_Test" name="afterInsertShouldSucceed" time="7" />
  <testcase classname="TriggerActionFlow_Test" name="afterUndeleteShouldSucceed" time="5" />
  <testcase classname="TriggerActionFlow_Test" name="afterUpdateShouldSucceed" time="6" />
  <testcase classname="TriggerActionFlow_Test" name="afterUpdateWithNoRecordsToProcessShouldSucceed" time="5" />
  <testcase classname="TriggerActionFlow_Test" name="beforeDeleteShouldSucceed" time="6" />
  <testcase classname="TriggerActionFlow_Test" name="beforeInsertShouldSucceed" time="6" />
  <testcase classname="TriggerActionFlow_Test" name="beforeUpdateShouldSucceed" time="7" />
  <testcase classname="TriggerActionFlow_Test" name="beforeUpdateWithNoRecordsToProcessShouldSucceed" time="5" />
  <testcase classname="TriggerActionFlow_Test" name="bypassShouldSucceed" time="6" />
  <testcase classname="TriggerActionFlow_Test" name="clearAllBypassesShouldSucceed" time="6" />
  <testcase classname="TriggerActionFlow_Test" name="clearBypassShouldSucceed" time="4" />
  <testcase classname="TriggerActionFlow_Test" name="emptyFlowNameShouldThrowException" time="5" />
  <testcase classname="TriggerActionFlow_Test" name="flowMissingRecordVariableInOutputShouldThrowException" time="6" />
  <testcase classname="TriggerActionFlow_Test" name="invokeFlowShouldReturnUnsuccessfulResponseWithBogusFlowName" time="27" />
  <testcase classname="TriggerActionFlow_Test" name="isBypassedShouldSucceed" time="6" />
  <testcase classname="TriggerActionFlow_Test" name="noRecordMutationsShouldSucceed" time="6" />
  <testcase classname="TriggerActionFlow_Test" name="nulledFieldInFlowShouldBeTransferredBack" time="8" />
  <testcase classname="TriggerActionFlow_Test" name="shouldDoNothingWhenBypassed" time="6" />
  <testcase classname="TriggerActionFlow_Test" name="unsuccessfulActionResultShouldBeAddedAsErrorToRecord" time="10" />
  <testcase classname="TriggerActionFlow_Test" name="validateTypeShouldThrowExceptionWithInvalidInput" time="7" />
  <testcase classname="TriggerBase_Test" name="afterDeleteShouldSucceed" time="86" />
  <testcase classname="TriggerBase_Test" name="afterInsertShouldSucceed" time="16" />
  <testcase classname="TriggerBase_Test" name="afterUndeleteShouldSucceed" time="8" />
  <testcase classname="TriggerBase_Test" name="afterUpdateShouldSucceed" time="8" />
  <testcase classname="TriggerBase_Test" name="beforeDeleteShouldSucceed" time="8" />
  <testcase classname="TriggerBase_Test" name="beforeInsertShouldSucceed" time="8" />
  <testcase classname="TriggerBase_Test" name="beforeUpdateShouldSucceed" time="8" />
  <testcase classname="TriggerBase_Test" name="bypassShouldSucceed" time="6" />
  <testcase classname="TriggerBase_Test" name="clearAllBypassesShouldSucceed" time="6" />
  <testcase classname="TriggerBase_Test" name="clearBypassShouldSucceed" time="7" />
  <testcase classname="TriggerBase_Test" name="finalizingWithoutWaitingShouldThrowError" time="7" />
  <testcase classname="TriggerBase_Test" name="idToNumberOfTimesSeenAfterUpdate" time="10" />
  <testcase classname="TriggerBase_Test" name="idToNumberOfTimesSeenBeforeUpdate" time="11" />
  <testcase classname="TriggerBase_Test" name="inverseContextsShouldFinalizeDmlOperationDelete" time="10" />
  <testcase classname="TriggerBase_Test" name="inverseContextsShouldFinalizeDmlOperationInsert" time="9" />
  <testcase classname="TriggerBase_Test" name="inverseContextsShouldFinalizeDmlOperationUndelete" time="9" />
  <testcase classname="TriggerBase_Test" name="inverseContextsShouldFinalizeDmlOperationUpdate" time="11" />
  <testcase classname="TriggerBase_Test" name="isBypassedShouldSucceed" time="7" />
  <testcase classname="TriggerBase_Test" name="offsetRowsShouldWork" time="7" />
  <testcase classname="TriggerBase_Test" name="oldAndNewShouldComeFromTrigger" time="6" />
  <testcase classname="TriggerBase_Test" name="peekShouldShowMostRecentlyAdded" time="7" />
  <testcase classname="TriggerBase_Test" name="peekingStackWhileEmptyShouldThrowException" time="7" />
  <testcase classname="TriggerBase_Test" name="poppingStackWhileEmptyShouldThrowException" time="7" />
  <testcase classname="TriggerBase_Test" name="runShouldDoNothingWhenBypassed" time="7" />
  <testcase classname="TriggerBase_Test" name="runShouldFailWhenCalledOutsideTrigger" time="7" />
  <testcase classname="TriggerBase_Test" name="sObjectNameShouldBePopulatedFromTriggerNew" time="7" />
  <testcase classname="TriggerBase_Test" name="sObjectNameShouldBePopulatedFromTriggerOld" time="6" />
  <testcase classname="TriggerBase_Test" name="stackDepthShouldBeCalculatedProperly" time="8" />
  <testcase classname="TriggerBase_Test" name="stackShouldBeFirstInLastOut" time="7" />
  <testcase classname="TriggerBase_Test" name="stackShouldBeLastInFirstOut" time="6" />
  <testcase classname="TriggerBase_Test" name="stacksShouldBeAbleToDetermineIftheyAreEmpty" time="7" />
  <testcase classname="TriggerBase_Test" name="waitingThenFinalizingShouldWork" time="6" />
  <testcase classname="TriggerRecord_Test" name="shouldBeAbleToConstructATriggerRecord" time="27" />
  <testcase classname="Triggers_Test" name="testContentDocumentLinkTrigger" time="1182" />
  <testcase classname="Triggers_Test" name="testTransactionTrigger" time="254" />
  <testcase classname="Triggers_Test" name="testTransactionTriggerRecord" time="14" />
</testsuite>