<testsuite tests="162">
  <testcase classname="FieldPathManager_Test" name="testIsValid" time="26" />
  <testcase classname="FieldPathManager_Test" name="testNormalize" time="33" />
  <testcase classname="FinalizerHandler_Test" name="bypassFinalizerShouldSucceed" time="38" />
  <testcase classname="FinalizerHandler_Test" name="bypassedFinalizerShouldNotExecute" time="41" />
  <testcase classname="FinalizerHandler_Test" name="clearAllFinalizerBypassesShouldSucceed" time="25" />
  <testcase classname="FinalizerHandler_Test" name="clearFinalizerBypassShouldSucceed" time="28" />
  <testcase classname="FinalizerHandler_Test" name="finalizerIsBypassedShouldSucceed" time="24" />
  <testcase classname="FinalizerHandler_Test" name="finalizerThatInvokesDmlShouldCauseException" time="34" />
  <testcase classname="FinalizerHandler_Test" name="finalizersShouldExecuteInOrder" time="29" />
  <testcase classname="FinalizerHandler_Test" name="invalidFinalizerClassShouldThrowException" time="27" />
  <testcase classname="FinalizerHandler_Test" name="noConfiguredFinalizerShouldTakeNoAction" time="28" />
  <testcase classname="FinalizerHandler_Test" name="properlyConfiguredFinalizerShouldExecute" time="33" />
  <testcase classname="FinalizerHandler_Test" name="referencedClassDoesNotImplementDmlFinalizerShouldThrowException" time="29" />
  <testcase classname="FinalizerHandler_Test" name="staticallyBypassedFinalizerShouldNotExecute" time="26" />
  <testcase classname="FinalizerHandler_Test" name="userWithBypassPermissionDefinedOnFinalizerShouldNotExecute" time="27" />
  <testcase classname="FinalizerHandler_Test" name="userWithoutRequiredPermissionDefinedOnFinalizerShouldNotExecute" time="25" />
  <testcase classname="FlowChangeEventHeader_Test" name="shouldBeAbleToCompare" time="26" />
  <testcase classname="FlowChangeEventHeader_Test" name="shouldBeAbleToConstruct" time="33" />
  <testcase classname="FlowChangeEventHeader_Test" name="shouldBeAbleToGenerateHashCode" time="24" />
  <testcase classname="FormulaFilter_Test" name="emptyClassShouldThrowException" time="32" />
  <testcase classname="FormulaFilter_Test" name="emptyStringFormulaShouldProcessAllRecords" time="26" />
  <testcase classname="FormulaFilter_Test" name="invalidFormulaSyntaxShouldThrowException" time="138" />
  <testcase classname="FormulaFilter_Test" name="noFormulaShouldProcessAllRecords" time="22" />
  <testcase classname="FormulaFilter_Test" name="nonExistentClassShouldThrowException" time="24" />
  <testcase classname="FormulaFilter_Test" name="nonGlobalShouldThrowException" time="26" />
  <testcase classname="FormulaFilter_Test" name="nonTriggerRecordClassShouldThrowException" time="32" />
  <testcase classname="FormulaFilter_Test" name="nullClassShouldThrowException" time="26" />
  <testcase classname="FormulaFilter_Test" name="validFormulaShouldFilterContentsOftriggerNew" time="24" />
  <testcase classname="FormulaFilter_Test" name="validFormulaWithNoMatchingRecordsShouldProcessNoRecords" time="25" />
  <testcase classname="MetadataTriggerHandler_Test" name="actionMetadataShouldConstruct" time="121" />
  <testcase classname="MetadataTriggerHandler_Test" name="actionShouldExecuteIfNoRequiredOrBypassPermissionsAreDefinedForSObjectOrAction" time="30" />
  <testcase classname="MetadataTriggerHandler_Test" name="actionShouldExecuteIfUserDoesNotHaveBypassPermissionForSObjectOrAction" time="26" />
  <testcase classname="MetadataTriggerHandler_Test" name="actionShouldNotExecuteIfUserDoesNotHaveRequiredPermissionForAction" time="18" />
  <testcase classname="MetadataTriggerHandler_Test" name="actionShouldNotExecuteIfUserDoesNotHaveRequiredPermissionForSObject" time="18" />
  <testcase classname="MetadataTriggerHandler_Test" name="actionShouldNotExecuteIfUserHasBypassPermissionForAction" time="16" />
  <testcase classname="MetadataTriggerHandler_Test" name="actionShouldNotExecuteIfUserHasBypassPermissionForSObject" time="16" />
  <testcase classname="MetadataTriggerHandler_Test" name="afterDeleteShouldFailWithIncorrectClass" time="17" />
  <testcase classname="MetadataTriggerHandler_Test" name="afterDeleteShouldFailWithIncorrectType" time="20" />
  <testcase classname="MetadataTriggerHandler_Test" name="afterDeleteShouldSucceed" time="20" />
  <testcase classname="MetadataTriggerHandler_Test" name="afterInsertShouldFailWithIncorrectClass" time="17" />
  <testcase classname="MetadataTriggerHandler_Test" name="afterInsertShouldFailWithIncorrectType" time="18" />
  <testcase classname="MetadataTriggerHandler_Test" name="afterInsertShouldSucceed" time="17" />
  <testcase classname="MetadataTriggerHandler_Test" name="afterUndeleteShouldFailWithIncorrectClass" time="20" />
  <testcase classname="MetadataTriggerHandler_Test" name="afterUndeleteShouldFailWithIncorrectType" time="17" />
  <testcase classname="MetadataTriggerHandler_Test" name="afterUndeleteShouldSucceed" time="19" />
  <testcase classname="MetadataTriggerHandler_Test" name="afterUpdateShouldFailWithIncorrectClass" time="18" />
  <testcase classname="MetadataTriggerHandler_Test" name="afterUpdateShouldFailWithIncorrectType" time="17" />
  <testcase classname="MetadataTriggerHandler_Test" name="afterUpdateShouldSucceed" time="19" />
  <testcase classname="MetadataTriggerHandler_Test" name="beforeDeleteShouldFailWithIncorrectClass" time="19" />
  <testcase classname="MetadataTriggerHandler_Test" name="beforeDeleteShouldFailWithIncorrectType" time="18" />
  <testcase classname="MetadataTriggerHandler_Test" name="beforeDeleteShouldSucceed" time="19" />
  <testcase classname="MetadataTriggerHandler_Test" name="beforeInsertShouldFailWithIncorrectClass" time="96" />
  <testcase classname="MetadataTriggerHandler_Test" name="beforeInsertShouldFailWithIncorrectType" time="18" />
  <testcase classname="MetadataTriggerHandler_Test" name="beforeInsertShouldSucceed" time="19" />
  <testcase classname="MetadataTriggerHandler_Test" name="beforeUpdateShouldFailWithIncorrectClass" time="20" />
  <testcase classname="MetadataTriggerHandler_Test" name="beforeUpdateShouldFailWithIncorrectType" time="18" />
  <testcase classname="MetadataTriggerHandler_Test" name="beforeUpdateShouldSucceed" time="23" />
  <testcase classname="MetadataTriggerHandler_Test" name="bypassShouldSucceed" time="18" />
  <testcase classname="MetadataTriggerHandler_Test" name="clearAllBypassesShouldSucceed" time="17" />
  <testcase classname="MetadataTriggerHandler_Test" name="clearBypassShouldSucceed" time="16" />
  <testcase classname="MetadataTriggerHandler_Test" name="finalizerShouldSucceed" time="21" />
  <testcase classname="MetadataTriggerHandler_Test" name="isBypassedShouldSucceed" time="72" />
  <testcase classname="MetadataTriggerHandler_Test" name="nothingToProcessShouldExitEarly" time="41" />
  <testcase classname="MetadataTriggerHandler_Test" name="theFrameworkShouldSupportFlow" time="26" />
  <testcase classname="MetadataTriggerHandler_Test" name="theFrameworkShouldSupportSObjectsFromManagedPackages" time="56" />
  <testcase classname="ReceiptSender_Test" name="testInvalidEmailTemplate" time="3258" />
  <testcase classname="ReceiptSender_Test" name="testSend" time="1557" />
  <testcase classname="ReceiptSender_Test" name="testSendReceiptWithDefaultFileName" time="1162" />
  <testcase classname="ReceiptSender_Test" name="testSendWithInvalidRecordId" time="42" />
  <testcase classname="ReceiptSender_Test" name="testSendWithNoReceipt" time="395" />
  <testcase classname="ReceiptSender_Test" name="testSendWithNullRecordId" time="36" />
  <testcase classname="ReceiptSender_Test" name="testSendWithOrgWideEmailAddress" time="34" />
  <testcase classname="TA_CDL_PublishReceiptEvent_Test" name="testPublishReceiptEvent" time="64" />
  <testcase classname="TA_TRX_PublishCloseEvent_Test" name="testPublishCloseEvent" time="98" />
  <testcase classname="TransactionCloseActionsController_Test" name="testGetTransaction" time="10420" />
  <testcase classname="TransactionCloseActionsController_Test" name="testSendReceipt" time="2296" />
  <testcase classname="TransactionCloseActionsController_Test" name="testSendReceiptWithException" time="39" />
  <testcase classname="TransactionCloseActionsController_Test" name="testTransactionNotFound" time="36" />
  <testcase classname="TransactionCloseActionsSelector_Test" name="testGetTransaction" time="10805" />
  <testcase classname="TransactionCloseActionsSelector_Test" name="testTransactionNotFound" time="61" />
  <testcase classname="TriggerActionFlowAddError_Test" name="addErrorShouldAddAnErrorAtTheFieldSpecified" time="41" />
  <testcase classname="TriggerActionFlowAddError_Test" name="addErrorShouldSucceedWithValidRequest" time="33" />
  <testcase classname="TriggerActionFlowBypass_Test" name="bypassApexShouldSucceedWithValidRequest" time="59" />
  <testcase classname="TriggerActionFlowBypass_Test" name="bypassFlowShouldSucceedWithValidRequest" time="26" />
  <testcase classname="TriggerActionFlowBypass_Test" name="bypassObjectShouldSucceedWithValidRequest" time="21" />
  <testcase classname="TriggerActionFlowBypass_Test" name="bypassShouldFailWithInvalidType" time="21" />
  <testcase classname="TriggerActionFlowChangeEvent_Test" name="correctInputShouldProduceFlowInputs" time="58" />
  <testcase classname="TriggerActionFlowChangeEvent_Test" name="emptyInputShouldProduceEmptyFlowInputs" time="36" />
  <testcase classname="TriggerActionFlowChangeEvent_Test" name="wrongDataTypeShouldThrowException" time="27" />
  <testcase classname="TriggerActionFlowClearAllBypasses_Test" name="clearAllBypassApexShouldSucceedWithValidRequest" time="101" />
  <testcase classname="TriggerActionFlowClearAllBypasses_Test" name="clearAllBypassFlowShouldSucceedWithValidRequest" time="35" />
  <testcase classname="TriggerActionFlowClearAllBypasses_Test" name="clearAllBypassObjectShouldSucceedWithValidRequest" time="23" />
  <testcase classname="TriggerActionFlowClearAllBypasses_Test" name="clearAllBypassShouldFailWithInvalidType" time="25" />
  <testcase classname="TriggerActionFlowClearBypass_Test" name="clearBypassApexShouldSucceedWithValidRequest" time="85" />
  <testcase classname="TriggerActionFlowClearBypass_Test" name="clearBypassFlowShouldSucceedWithValidRequest" time="31" />
  <testcase classname="TriggerActionFlowClearBypass_Test" name="clearBypassObjecthouldSucceedWithValidRequest" time="21" />
  <testcase classname="TriggerActionFlowClearBypass_Test" name="clearBypassShouldFailWithInvalidType" time="25" />
  <testcase classname="TriggerActionFlowIsBypassed_Test" name="isBypassedApexShouldSucceedWithValidRequest" time="64" />
  <testcase classname="TriggerActionFlowIsBypassed_Test" name="isBypassedFlowShouldSucceedWithValidRequest" time="26" />
  <testcase classname="TriggerActionFlowIsBypassed_Test" name="isBypassedObjectShouldSucceedWithValidRequest" time="19" />
  <testcase classname="TriggerActionFlowIsBypassed_Test" name="isBypassedShouldFailWithInvalidType" time="21" />
  <testcase classname="TriggerActionFlow_Test" name="afterDeleteShouldSucceed" time="75" />
  <testcase classname="TriggerActionFlow_Test" name="afterInsertShouldSucceed" time="38" />
  <testcase classname="TriggerActionFlow_Test" name="afterUndeleteShouldSucceed" time="28" />
  <testcase classname="TriggerActionFlow_Test" name="afterUpdateShouldSucceed" time="33" />
  <testcase classname="TriggerActionFlow_Test" name="afterUpdateWithNoRecordsToProcessShouldSucceed" time="30" />
  <testcase classname="TriggerActionFlow_Test" name="beforeDeleteShouldSucceed" time="29" />
  <testcase classname="TriggerActionFlow_Test" name="beforeInsertShouldSucceed" time="28" />
  <testcase classname="TriggerActionFlow_Test" name="beforeUpdateShouldSucceed" time="27" />
  <testcase classname="TriggerActionFlow_Test" name="beforeUpdateWithNoRecordsToProcessShouldSucceed" time="27" />
  <testcase classname="TriggerActionFlow_Test" name="bypassShouldSucceed" time="25" />
  <testcase classname="TriggerActionFlow_Test" name="clearAllBypassesShouldSucceed" time="26" />
  <testcase classname="TriggerActionFlow_Test" name="clearBypassShouldSucceed" time="27" />
  <testcase classname="TriggerActionFlow_Test" name="emptyFlowNameShouldThrowException" time="27" />
  <testcase classname="TriggerActionFlow_Test" name="flowMissingRecordVariableInOutputShouldThrowException" time="28" />
  <testcase classname="TriggerActionFlow_Test" name="invokeFlowShouldReturnUnsuccessfulResponseWithBogusFlowName" time="297" />
  <testcase classname="TriggerActionFlow_Test" name="isBypassedShouldSucceed" time="29" />
  <testcase classname="TriggerActionFlow_Test" name="noRecordMutationsShouldSucceed" time="45" />
  <testcase classname="TriggerActionFlow_Test" name="nulledFieldInFlowShouldBeTransferredBack" time="42" />
  <testcase classname="TriggerActionFlow_Test" name="shouldDoNothingWhenBypassed" time="27" />
  <testcase classname="TriggerActionFlow_Test" name="unsuccessfulActionResultShouldBeAddedAsErrorToRecord" time="30" />
  <testcase classname="TriggerActionFlow_Test" name="validateTypeShouldThrowExceptionWithInvalidInput" time="27" />
  <testcase classname="TriggerBase_Test" name="afterDeleteShouldSucceed" time="64" />
  <testcase classname="TriggerBase_Test" name="afterInsertShouldSucceed" time="42" />
  <testcase classname="TriggerBase_Test" name="afterUndeleteShouldSucceed" time="27" />
  <testcase classname="TriggerBase_Test" name="afterUpdateShouldSucceed" time="27" />
  <testcase classname="TriggerBase_Test" name="beforeDeleteShouldSucceed" time="27" />
  <testcase classname="TriggerBase_Test" name="beforeInsertShouldSucceed" time="26" />
  <testcase classname="TriggerBase_Test" name="beforeUpdateShouldSucceed" time="25" />
  <testcase classname="TriggerBase_Test" name="bypassShouldSucceed" time="27" />
  <testcase classname="TriggerBase_Test" name="clearAllBypassesShouldSucceed" time="27" />
  <testcase classname="TriggerBase_Test" name="clearBypassShouldSucceed" time="25" />
  <testcase classname="TriggerBase_Test" name="finalizingWithoutWaitingShouldThrowError" time="24" />
  <testcase classname="TriggerBase_Test" name="idToNumberOfTimesSeenAfterUpdate" time="25" />
  <testcase classname="TriggerBase_Test" name="idToNumberOfTimesSeenBeforeUpdate" time="24" />
  <testcase classname="TriggerBase_Test" name="inverseContextsShouldFinalizeDmlOperationDelete" time="26" />
  <testcase classname="TriggerBase_Test" name="inverseContextsShouldFinalizeDmlOperationInsert" time="26" />
  <testcase classname="TriggerBase_Test" name="inverseContextsShouldFinalizeDmlOperationUndelete" time="26" />
  <testcase classname="TriggerBase_Test" name="inverseContextsShouldFinalizeDmlOperationUpdate" time="28" />
  <testcase classname="TriggerBase_Test" name="isBypassedShouldSucceed" time="24" />
  <testcase classname="TriggerBase_Test" name="offsetRowsShouldWork" time="17" />
  <testcase classname="TriggerBase_Test" name="oldAndNewShouldComeFromTrigger" time="24" />
  <testcase classname="TriggerBase_Test" name="peekShouldShowMostRecentlyAdded" time="24" />
  <testcase classname="TriggerBase_Test" name="peekingStackWhileEmptyShouldThrowException" time="27" />
  <testcase classname="TriggerBase_Test" name="poppingStackWhileEmptyShouldThrowException" time="25" />
  <testcase classname="TriggerBase_Test" name="runShouldDoNothingWhenBypassed" time="26" />
  <testcase classname="TriggerBase_Test" name="runShouldFailWhenCalledOutsideTrigger" time="27" />
  <testcase classname="TriggerBase_Test" name="sObjectNameShouldBePopulatedFromTriggerNew" time="25" />
  <testcase classname="TriggerBase_Test" name="sObjectNameShouldBePopulatedFromTriggerOld" time="24" />
  <testcase classname="TriggerBase_Test" name="stackDepthShouldBeCalculatedProperly" time="24" />
  <testcase classname="TriggerBase_Test" name="stackShouldBeFirstInLastOut" time="26" />
  <testcase classname="TriggerBase_Test" name="stackShouldBeLastInFirstOut" time="26" />
  <testcase classname="TriggerBase_Test" name="stacksShouldBeAbleToDetermineIftheyAreEmpty" time="23" />
  <testcase classname="TriggerBase_Test" name="waitingThenFinalizingShouldWork" time="22" />
  <testcase classname="TriggerRecord_Test" name="shouldBeAbleToConstructATriggerRecord" time="35" />
  <testcase classname="Triggers_Test" name="testContentDocumentLinkTrigger" time="13418" />
  <testcase classname="Triggers_Test" name="testContractAndFormTrigger" time="870" />
  <testcase classname="Triggers_Test" name="testTransactionTrigger" time="338" />
  <testcase classname="Triggers_Test" name="testTransactionTriggerRecord" time="35" />
  <testcase classname="Util_Test" name="testGetNamespace" time="28" />
  <testcase classname="Util_Test" name="testIsOrgEmailEnabled" time="38" />
  <testcase classname="Util_Test" name="testPrefixNamespace" time="21" />
</testsuite>