<testsuite tests="164">
  <testcase classname="FieldPathManager_Test" name="testIsValid" time="31" />
  <testcase classname="FieldPathManager_Test" name="testNormalize" time="19" />
  <testcase classname="FinalizerHandler_Test" name="bypassFinalizerShouldSucceed" time="18" />
  <testcase classname="FinalizerHandler_Test" name="bypassedFinalizerShouldNotExecute" time="22" />
  <testcase classname="FinalizerHandler_Test" name="clearAllFinalizerBypassesShouldSucceed" time="16" />
  <testcase classname="FinalizerHandler_Test" name="clearFinalizerBypassShouldSucceed" time="14" />
  <testcase classname="FinalizerHandler_Test" name="finalizerIsBypassedShouldSucceed" time="18" />
  <testcase classname="FinalizerHandler_Test" name="finalizerThatInvokesDmlShouldCauseException" time="18" />
  <testcase classname="FinalizerHandler_Test" name="finalizersShouldExecuteInOrder" time="16" />
  <testcase classname="FinalizerHandler_Test" name="invalidFinalizerClassShouldThrowException" time="18" />
  <testcase classname="FinalizerHandler_Test" name="noConfiguredFinalizerShouldTakeNoAction" time="16" />
  <testcase classname="FinalizerHandler_Test" name="properlyConfiguredFinalizerShouldExecute" time="18" />
  <testcase classname="FinalizerHandler_Test" name="referencedClassDoesNotImplementDmlFinalizerShouldThrowException" time="17" />
  <testcase classname="FinalizerHandler_Test" name="staticallyBypassedFinalizerShouldNotExecute" time="14" />
  <testcase classname="FinalizerHandler_Test" name="userWithBypassPermissionDefinedOnFinalizerShouldNotExecute" time="16" />
  <testcase classname="FinalizerHandler_Test" name="userWithoutRequiredPermissionDefinedOnFinalizerShouldNotExecute" time="15" />
  <testcase classname="FlowChangeEventHeader_Test" name="shouldBeAbleToCompare" time="20" />
  <testcase classname="FlowChangeEventHeader_Test" name="shouldBeAbleToConstruct" time="14" />
  <testcase classname="FlowChangeEventHeader_Test" name="shouldBeAbleToGenerateHashCode" time="11" />
  <testcase classname="FormulaFilter_Test" name="emptyClassShouldThrowException" time="34" />
  <testcase classname="FormulaFilter_Test" name="emptyStringFormulaShouldProcessAllRecords" time="12" />
  <testcase classname="FormulaFilter_Test" name="invalidFormulaSyntaxShouldThrowException" time="22" />
  <testcase classname="FormulaFilter_Test" name="noFormulaShouldProcessAllRecords" time="14" />
  <testcase classname="FormulaFilter_Test" name="nonExistentClassShouldThrowException" time="16" />
  <testcase classname="FormulaFilter_Test" name="nonGlobalShouldThrowException" time="16" />
  <testcase classname="FormulaFilter_Test" name="nonTriggerRecordClassShouldThrowException" time="17" />
  <testcase classname="FormulaFilter_Test" name="nullClassShouldThrowException" time="15" />
  <testcase classname="FormulaFilter_Test" name="validFormulaShouldFilterContentsOftriggerNew" time="16" />
  <testcase classname="FormulaFilter_Test" name="validFormulaWithNoMatchingRecordsShouldProcessNoRecords" time="15" />
  <testcase classname="MetadataTriggerHandler_Test" name="actionMetadataShouldConstruct" time="165" />
  <testcase classname="MetadataTriggerHandler_Test" name="actionShouldExecuteIfNoRequiredOrBypassPermissionsAreDefinedForSObjectOrAction" time="32" />
  <testcase classname="MetadataTriggerHandler_Test" name="actionShouldExecuteIfUserDoesNotHaveBypassPermissionForSObjectOrAction" time="37" />
  <testcase classname="MetadataTriggerHandler_Test" name="actionShouldNotExecuteIfUserDoesNotHaveRequiredPermissionForAction" time="25" />
  <testcase classname="MetadataTriggerHandler_Test" name="actionShouldNotExecuteIfUserDoesNotHaveRequiredPermissionForSObject" time="22" />
  <testcase classname="MetadataTriggerHandler_Test" name="actionShouldNotExecuteIfUserHasBypassPermissionForAction" time="24" />
  <testcase classname="MetadataTriggerHandler_Test" name="actionShouldNotExecuteIfUserHasBypassPermissionForSObject" time="23" />
  <testcase classname="MetadataTriggerHandler_Test" name="afterDeleteShouldFailWithIncorrectClass" time="22" />
  <testcase classname="MetadataTriggerHandler_Test" name="afterDeleteShouldFailWithIncorrectType" time="24" />
  <testcase classname="MetadataTriggerHandler_Test" name="afterDeleteShouldSucceed" time="26" />
  <testcase classname="MetadataTriggerHandler_Test" name="afterInsertShouldFailWithIncorrectClass" time="22" />
  <testcase classname="MetadataTriggerHandler_Test" name="afterInsertShouldFailWithIncorrectType" time="23" />
  <testcase classname="MetadataTriggerHandler_Test" name="afterInsertShouldSucceed" time="25" />
  <testcase classname="MetadataTriggerHandler_Test" name="afterUndeleteShouldFailWithIncorrectClass" time="24" />
  <testcase classname="MetadataTriggerHandler_Test" name="afterUndeleteShouldFailWithIncorrectType" time="27" />
  <testcase classname="MetadataTriggerHandler_Test" name="afterUndeleteShouldSucceed" time="26" />
  <testcase classname="MetadataTriggerHandler_Test" name="afterUpdateShouldFailWithIncorrectClass" time="23" />
  <testcase classname="MetadataTriggerHandler_Test" name="afterUpdateShouldFailWithIncorrectType" time="24" />
  <testcase classname="MetadataTriggerHandler_Test" name="afterUpdateShouldSucceed" time="26" />
  <testcase classname="MetadataTriggerHandler_Test" name="beforeDeleteShouldFailWithIncorrectClass" time="22" />
  <testcase classname="MetadataTriggerHandler_Test" name="beforeDeleteShouldFailWithIncorrectType" time="23" />
  <testcase classname="MetadataTriggerHandler_Test" name="beforeDeleteShouldSucceed" time="30" />
  <testcase classname="MetadataTriggerHandler_Test" name="beforeInsertShouldFailWithIncorrectClass" time="25" />
  <testcase classname="MetadataTriggerHandler_Test" name="beforeInsertShouldFailWithIncorrectType" time="23" />
  <testcase classname="MetadataTriggerHandler_Test" name="beforeInsertShouldSucceed" time="24" />
  <testcase classname="MetadataTriggerHandler_Test" name="beforeUpdateShouldFailWithIncorrectClass" time="23" />
  <testcase classname="MetadataTriggerHandler_Test" name="beforeUpdateShouldFailWithIncorrectType" time="23" />
  <testcase classname="MetadataTriggerHandler_Test" name="beforeUpdateShouldSucceed" time="25" />
  <testcase classname="MetadataTriggerHandler_Test" name="bypassShouldSucceed" time="22" />
  <testcase classname="MetadataTriggerHandler_Test" name="clearAllBypassesShouldSucceed" time="21" />
  <testcase classname="MetadataTriggerHandler_Test" name="clearBypassShouldSucceed" time="21" />
  <testcase classname="MetadataTriggerHandler_Test" name="finalizerShouldSucceed" time="25" />
  <testcase classname="MetadataTriggerHandler_Test" name="isBypassedShouldSucceed" time="21" />
  <testcase classname="MetadataTriggerHandler_Test" name="nothingToProcessShouldExitEarly" time="25" />
  <testcase classname="MetadataTriggerHandler_Test" name="theFrameworkShouldSupportFlow" time="29" />
  <testcase classname="MetadataTriggerHandler_Test" name="theFrameworkShouldSupportSObjectsFromManagedPackages" time="44" />
  <testcase classname="ReceiptSender_Test" name="testInvalidEmailTemplate" time="1342" />
  <testcase classname="ReceiptSender_Test" name="testSend" time="906" />
  <testcase classname="ReceiptSender_Test" name="testSendReceiptWithDefaultFileName" time="792" />
  <testcase classname="ReceiptSender_Test" name="testSendReceiptWithDefinedFileName" time="782" />
  <testcase classname="ReceiptSender_Test" name="testSendWithInvalidRecordId" time="29" />
  <testcase classname="ReceiptSender_Test" name="testSendWithNoReceipt" time="225" />
  <testcase classname="ReceiptSender_Test" name="testSendWithNullRecordId" time="26" />
  <testcase classname="ReceiptSender_Test" name="testSendWithOrgWideEmailAddress" time="202" />
  <testcase classname="ReceiptSender_Test" name="testUnsuccessfulEmailResult" time="706" />
  <testcase classname="TA_CDL_PublishReceiptEvent_Test" name="testPublishReceiptEvent" time="85" />
  <testcase classname="TA_TRX_PublishCloseEvent_Test" name="testPublishCloseEvent" time="173" />
  <testcase classname="TransactionCloseActionsController_Test" name="testGetTransaction" time="501" />
  <testcase classname="TransactionCloseActionsController_Test" name="testSendReceipt" time="1354" />
  <testcase classname="TransactionCloseActionsController_Test" name="testSendReceiptWithException" time="30" />
  <testcase classname="TransactionCloseActionsController_Test" name="testTransactionNotFound" time="27" />
  <testcase classname="TransactionCloseActionsSelector_Test" name="testGetTransaction" time="1058" />
  <testcase classname="TransactionCloseActionsSelector_Test" name="testTransactionNotFound" time="45" />
  <testcase classname="TriggerActionFlowAddError_Test" name="addErrorShouldAddAnErrorAtTheFieldSpecified" time="29" />
  <testcase classname="TriggerActionFlowAddError_Test" name="addErrorShouldSucceedWithValidRequest" time="12" />
  <testcase classname="TriggerActionFlowBypass_Test" name="bypassApexShouldSucceedWithValidRequest" time="47" />
  <testcase classname="TriggerActionFlowBypass_Test" name="bypassFlowShouldSucceedWithValidRequest" time="9" />
  <testcase classname="TriggerActionFlowBypass_Test" name="bypassObjectShouldSucceedWithValidRequest" time="14" />
  <testcase classname="TriggerActionFlowBypass_Test" name="bypassShouldFailWithInvalidType" time="13" />
  <testcase classname="TriggerActionFlowChangeEvent_Test" name="correctInputShouldProduceFlowInputs" time="56" />
  <testcase classname="TriggerActionFlowChangeEvent_Test" name="emptyInputShouldProduceEmptyFlowInputs" time="15" />
  <testcase classname="TriggerActionFlowChangeEvent_Test" name="wrongDataTypeShouldThrowException" time="17" />
  <testcase classname="TriggerActionFlowClearAllBypasses_Test" name="clearAllBypassApexShouldSucceedWithValidRequest" time="51" />
  <testcase classname="TriggerActionFlowClearAllBypasses_Test" name="clearAllBypassFlowShouldSucceedWithValidRequest" time="24" />
  <testcase classname="TriggerActionFlowClearAllBypasses_Test" name="clearAllBypassObjectShouldSucceedWithValidRequest" time="19" />
  <testcase classname="TriggerActionFlowClearAllBypasses_Test" name="clearAllBypassShouldFailWithInvalidType" time="19" />
  <testcase classname="TriggerActionFlowClearBypass_Test" name="clearBypassApexShouldSucceedWithValidRequest" time="29" />
  <testcase classname="TriggerActionFlowClearBypass_Test" name="clearBypassFlowShouldSucceedWithValidRequest" time="21" />
  <testcase classname="TriggerActionFlowClearBypass_Test" name="clearBypassObjecthouldSucceedWithValidRequest" time="16" />
  <testcase classname="TriggerActionFlowClearBypass_Test" name="clearBypassShouldFailWithInvalidType" time="18" />
  <testcase classname="TriggerActionFlowIsBypassed_Test" name="isBypassedApexShouldSucceedWithValidRequest" time="40" />
  <testcase classname="TriggerActionFlowIsBypassed_Test" name="isBypassedFlowShouldSucceedWithValidRequest" time="24" />
  <testcase classname="TriggerActionFlowIsBypassed_Test" name="isBypassedObjectShouldSucceedWithValidRequest" time="18" />
  <testcase classname="TriggerActionFlowIsBypassed_Test" name="isBypassedShouldFailWithInvalidType" time="21" />
  <testcase classname="TriggerActionFlow_Test" name="afterDeleteShouldSucceed" time="29" />
  <testcase classname="TriggerActionFlow_Test" name="afterInsertShouldSucceed" time="23" />
  <testcase classname="TriggerActionFlow_Test" name="afterUndeleteShouldSucceed" time="18" />
  <testcase classname="TriggerActionFlow_Test" name="afterUpdateShouldSucceed" time="20" />
  <testcase classname="TriggerActionFlow_Test" name="afterUpdateWithNoRecordsToProcessShouldSucceed" time="18" />
  <testcase classname="TriggerActionFlow_Test" name="beforeDeleteShouldSucceed" time="19" />
  <testcase classname="TriggerActionFlow_Test" name="beforeInsertShouldSucceed" time="20" />
  <testcase classname="TriggerActionFlow_Test" name="beforeUpdateShouldSucceed" time="20" />
  <testcase classname="TriggerActionFlow_Test" name="beforeUpdateWithNoRecordsToProcessShouldSucceed" time="18" />
  <testcase classname="TriggerActionFlow_Test" name="bypassShouldSucceed" time="18" />
  <testcase classname="TriggerActionFlow_Test" name="clearAllBypassesShouldSucceed" time="17" />
  <testcase classname="TriggerActionFlow_Test" name="clearBypassShouldSucceed" time="18" />
  <testcase classname="TriggerActionFlow_Test" name="emptyFlowNameShouldThrowException" time="20" />
  <testcase classname="TriggerActionFlow_Test" name="flowMissingRecordVariableInOutputShouldThrowException" time="23" />
  <testcase classname="TriggerActionFlow_Test" name="invokeFlowShouldReturnUnsuccessfulResponseWithBogusFlowName" time="35" />
  <testcase classname="TriggerActionFlow_Test" name="isBypassedShouldSucceed" time="19" />
  <testcase classname="TriggerActionFlow_Test" name="noRecordMutationsShouldSucceed" time="19" />
  <testcase classname="TriggerActionFlow_Test" name="nulledFieldInFlowShouldBeTransferredBack" time="20" />
  <testcase classname="TriggerActionFlow_Test" name="shouldDoNothingWhenBypassed" time="20" />
  <testcase classname="TriggerActionFlow_Test" name="unsuccessfulActionResultShouldBeAddedAsErrorToRecord" time="23" />
  <testcase classname="TriggerActionFlow_Test" name="validateTypeShouldThrowExceptionWithInvalidInput" time="20" />
  <testcase classname="TriggerBase_Test" name="afterDeleteShouldSucceed" time="74" />
  <testcase classname="TriggerBase_Test" name="afterInsertShouldSucceed" time="23" />
  <testcase classname="TriggerBase_Test" name="afterUndeleteShouldSucceed" time="25" />
  <testcase classname="TriggerBase_Test" name="afterUpdateShouldSucceed" time="25" />
  <testcase classname="TriggerBase_Test" name="beforeDeleteShouldSucceed" time="23" />
  <testcase classname="TriggerBase_Test" name="beforeInsertShouldSucceed" time="22" />
  <testcase classname="TriggerBase_Test" name="beforeUpdateShouldSucceed" time="23" />
  <testcase classname="TriggerBase_Test" name="bypassShouldSucceed" time="19" />
  <testcase classname="TriggerBase_Test" name="clearAllBypassesShouldSucceed" time="20" />
  <testcase classname="TriggerBase_Test" name="clearBypassShouldSucceed" time="23" />
  <testcase classname="TriggerBase_Test" name="finalizingWithoutWaitingShouldThrowError" time="21" />
  <testcase classname="TriggerBase_Test" name="idToNumberOfTimesSeenAfterUpdate" time="27" />
  <testcase classname="TriggerBase_Test" name="idToNumberOfTimesSeenBeforeUpdate" time="25" />
  <testcase classname="TriggerBase_Test" name="inverseContextsShouldFinalizeDmlOperationDelete" time="26" />
  <testcase classname="TriggerBase_Test" name="inverseContextsShouldFinalizeDmlOperationInsert" time="25" />
  <testcase classname="TriggerBase_Test" name="inverseContextsShouldFinalizeDmlOperationUndelete" time="25" />
  <testcase classname="TriggerBase_Test" name="inverseContextsShouldFinalizeDmlOperationUpdate" time="29" />
  <testcase classname="TriggerBase_Test" name="isBypassedShouldSucceed" time="20" />
  <testcase classname="TriggerBase_Test" name="offsetRowsShouldWork" time="21" />
  <testcase classname="TriggerBase_Test" name="oldAndNewShouldComeFromTrigger" time="21" />
  <testcase classname="TriggerBase_Test" name="peekShouldShowMostRecentlyAdded" time="21" />
  <testcase classname="TriggerBase_Test" name="peekingStackWhileEmptyShouldThrowException" time="21" />
  <testcase classname="TriggerBase_Test" name="poppingStackWhileEmptyShouldThrowException" time="21" />
  <testcase classname="TriggerBase_Test" name="runShouldDoNothingWhenBypassed" time="21" />
  <testcase classname="TriggerBase_Test" name="runShouldFailWhenCalledOutsideTrigger" time="21" />
  <testcase classname="TriggerBase_Test" name="sObjectNameShouldBePopulatedFromTriggerNew" time="21" />
  <testcase classname="TriggerBase_Test" name="sObjectNameShouldBePopulatedFromTriggerOld" time="20" />
  <testcase classname="TriggerBase_Test" name="stackDepthShouldBeCalculatedProperly" time="20" />
  <testcase classname="TriggerBase_Test" name="stackShouldBeFirstInLastOut" time="21" />
  <testcase classname="TriggerBase_Test" name="stackShouldBeLastInFirstOut" time="20" />
  <testcase classname="TriggerBase_Test" name="stacksShouldBeAbleToDetermineIftheyAreEmpty" time="20" />
  <testcase classname="TriggerBase_Test" name="waitingThenFinalizingShouldWork" time="21" />
  <testcase classname="TriggerRecord_Test" name="shouldBeAbleToConstructATriggerRecord" time="31" />
  <testcase classname="Triggers_Test" name="testContentDocumentLinkTrigger" time="1998" />
  <testcase classname="Triggers_Test" name="testContractAndFormTrigger" time="618" />
  <testcase classname="Triggers_Test" name="testTransactionTrigger" time="261" />
  <testcase classname="Triggers_Test" name="testTransactionTriggerRecord" time="28" />
  <testcase classname="Util_Test" name="testGetNamespace" time="69" />
  <testcase classname="Util_Test" name="testIsOrgEmailEnabled" time="23" />
  <testcase classname="Util_Test" name="testPrefixNamespace" time="19" />
</testsuite>