<testsuite tests="160">
  <testcase classname="FinalizerHandler_Test" name="bypassFinalizerShouldSucceed" time="34" />
  <testcase classname="FinalizerHandler_Test" name="bypassedFinalizerShouldNotExecute" time="22" />
  <testcase classname="FinalizerHandler_Test" name="clearAllFinalizerBypassesShouldSucceed" time="18" />
  <testcase classname="FinalizerHandler_Test" name="clearFinalizerBypassShouldSucceed" time="20" />
  <testcase classname="FinalizerHandler_Test" name="finalizerIsBypassedShouldSucceed" time="18" />
  <testcase classname="FinalizerHandler_Test" name="finalizerThatInvokesDmlShouldCauseException" time="26" />
  <testcase classname="FinalizerHandler_Test" name="finalizersShouldExecuteInOrder" time="23" />
  <testcase classname="FinalizerHandler_Test" name="invalidFinalizerClassShouldThrowException" time="22" />
  <testcase classname="FinalizerHandler_Test" name="noConfiguredFinalizerShouldTakeNoAction" time="20" />
  <testcase classname="FinalizerHandler_Test" name="properlyConfiguredFinalizerShouldExecute" time="39" />
  <testcase classname="FinalizerHandler_Test" name="referencedClassDoesNotImplementDmlFinalizerShouldThrowException" time="19" />
  <testcase classname="FinalizerHandler_Test" name="staticallyBypassedFinalizerShouldNotExecute" time="19" />
  <testcase classname="FinalizerHandler_Test" name="userWithBypassPermissionDefinedOnFinalizerShouldNotExecute" time="19" />
  <testcase classname="FinalizerHandler_Test" name="userWithoutRequiredPermissionDefinedOnFinalizerShouldNotExecute" time="24" />
  <testcase classname="FlowChangeEventHeader_Test" name="shouldBeAbleToCompare" time="49" />
  <testcase classname="FlowChangeEventHeader_Test" name="shouldBeAbleToConstruct" time="32" />
  <testcase classname="FlowChangeEventHeader_Test" name="shouldBeAbleToGenerateHashCode" time="28" />
  <testcase classname="FormulaFilter_Test" name="emptyClassShouldThrowException" time="28" />
  <testcase classname="FormulaFilter_Test" name="emptyStringFormulaShouldProcessAllRecords" time="15" />
  <testcase classname="FormulaFilter_Test" name="invalidFormulaSyntaxShouldThrowException" time="46" />
  <testcase classname="FormulaFilter_Test" name="noFormulaShouldProcessAllRecords" time="14" />
  <testcase classname="FormulaFilter_Test" name="nonExistentClassShouldThrowException" time="16" />
  <testcase classname="FormulaFilter_Test" name="nonGlobalShouldThrowException" time="25" />
  <testcase classname="FormulaFilter_Test" name="nonTriggerRecordClassShouldThrowException" time="20" />
  <testcase classname="FormulaFilter_Test" name="nullClassShouldThrowException" time="14" />
  <testcase classname="FormulaFilter_Test" name="validFormulaShouldFilterContentsOftriggerNew" time="16" />
  <testcase classname="FormulaFilter_Test" name="validFormulaWithNoMatchingRecordsShouldProcessNoRecords" time="15" />
  <testcase classname="MetadataTriggerHandler_Test" name="actionMetadataShouldConstruct" time="260" />
  <testcase classname="MetadataTriggerHandler_Test" name="actionShouldExecuteIfNoRequiredOrBypassPermissionsAreDefinedForSObjectOrAction" time="53" />
  <testcase classname="MetadataTriggerHandler_Test" name="actionShouldExecuteIfUserDoesNotHaveBypassPermissionForSObjectOrAction" time="36" />
  <testcase classname="MetadataTriggerHandler_Test" name="actionShouldNotExecuteIfUserDoesNotHaveRequiredPermissionForAction" time="28" />
  <testcase classname="MetadataTriggerHandler_Test" name="actionShouldNotExecuteIfUserDoesNotHaveRequiredPermissionForSObject" time="30" />
  <testcase classname="MetadataTriggerHandler_Test" name="actionShouldNotExecuteIfUserHasBypassPermissionForAction" time="28" />
  <testcase classname="MetadataTriggerHandler_Test" name="actionShouldNotExecuteIfUserHasBypassPermissionForSObject" time="27" />
  <testcase classname="MetadataTriggerHandler_Test" name="afterDeleteShouldFailWithIncorrectClass" time="28" />
  <testcase classname="MetadataTriggerHandler_Test" name="afterDeleteShouldFailWithIncorrectType" time="26" />
  <testcase classname="MetadataTriggerHandler_Test" name="afterDeleteShouldSucceed" time="32" />
  <testcase classname="MetadataTriggerHandler_Test" name="afterInsertShouldFailWithIncorrectClass" time="29" />
  <testcase classname="MetadataTriggerHandler_Test" name="afterInsertShouldFailWithIncorrectType" time="27" />
  <testcase classname="MetadataTriggerHandler_Test" name="afterInsertShouldSucceed" time="31" />
  <testcase classname="MetadataTriggerHandler_Test" name="afterUndeleteShouldFailWithIncorrectClass" time="27" />
  <testcase classname="MetadataTriggerHandler_Test" name="afterUndeleteShouldFailWithIncorrectType" time="27" />
  <testcase classname="MetadataTriggerHandler_Test" name="afterUndeleteShouldSucceed" time="30" />
  <testcase classname="MetadataTriggerHandler_Test" name="afterUpdateShouldFailWithIncorrectClass" time="31" />
  <testcase classname="MetadataTriggerHandler_Test" name="afterUpdateShouldFailWithIncorrectType" time="29" />
  <testcase classname="MetadataTriggerHandler_Test" name="afterUpdateShouldSucceed" time="29" />
  <testcase classname="MetadataTriggerHandler_Test" name="beforeDeleteShouldFailWithIncorrectClass" time="28" />
  <testcase classname="MetadataTriggerHandler_Test" name="beforeDeleteShouldFailWithIncorrectType" time="29" />
  <testcase classname="MetadataTriggerHandler_Test" name="beforeDeleteShouldSucceed" time="31" />
  <testcase classname="MetadataTriggerHandler_Test" name="beforeInsertShouldFailWithIncorrectClass" time="27" />
  <testcase classname="MetadataTriggerHandler_Test" name="beforeInsertShouldFailWithIncorrectType" time="26" />
  <testcase classname="MetadataTriggerHandler_Test" name="beforeInsertShouldSucceed" time="27" />
  <testcase classname="MetadataTriggerHandler_Test" name="beforeUpdateShouldFailWithIncorrectClass" time="26" />
  <testcase classname="MetadataTriggerHandler_Test" name="beforeUpdateShouldFailWithIncorrectType" time="30" />
  <testcase classname="MetadataTriggerHandler_Test" name="beforeUpdateShouldSucceed" time="32" />
  <testcase classname="MetadataTriggerHandler_Test" name="bypassShouldSucceed" time="57" />
  <testcase classname="MetadataTriggerHandler_Test" name="clearAllBypassesShouldSucceed" time="26" />
  <testcase classname="MetadataTriggerHandler_Test" name="clearBypassShouldSucceed" time="20" />
  <testcase classname="MetadataTriggerHandler_Test" name="finalizerShouldSucceed" time="23" />
  <testcase classname="MetadataTriggerHandler_Test" name="isBypassedShouldSucceed" time="21" />
  <testcase classname="MetadataTriggerHandler_Test" name="nothingToProcessShouldExitEarly" time="25" />
  <testcase classname="MetadataTriggerHandler_Test" name="theFrameworkShouldSupportFlow" time="19" />
  <testcase classname="MetadataTriggerHandler_Test" name="theFrameworkShouldSupportSObjectsFromManagedPackages" time="43" />
  <testcase classname="ReceiptSender_Test" name="testInvalidEmailTemplate" time="9796" />
  <testcase classname="ReceiptSender_Test" name="testSend" time="1081" />
  <testcase classname="ReceiptSender_Test" name="testSendReceiptWithDefaultFileName" time="833" />
  <testcase classname="ReceiptSender_Test" name="testSendWithInvalidRecordId" time="32" />
  <testcase classname="ReceiptSender_Test" name="testSendWithNoReceipt" time="240" />
  <testcase classname="ReceiptSender_Test" name="testSendWithNullRecordId" time="31" />
  <testcase classname="ReceiptSender_Test" name="testSendWithOrgWideEmailAddress" time="31" />
  <testcase classname="TA_CDL_PublishReceiptEvent_Test" name="testPublishReceiptEvent" time="80" />
  <testcase classname="TA_TRX_PublishCloseEvent_Test" name="testPublishCloseEvent" time="58" />
  <testcase classname="TransactionCloseActionsController_Test" name="testGetTransaction" time="11370" />
  <testcase classname="TransactionCloseActionsController_Test" name="testSendReceipt" time="2013" />
  <testcase classname="TransactionCloseActionsController_Test" name="testSendReceiptWithException" time="44" />
  <testcase classname="TransactionCloseActionsController_Test" name="testTransactionNotFound" time="41" />
  <testcase classname="TransactionCloseActionsSelector_Test" name="testGetTransaction" time="12570" />
  <testcase classname="TransactionCloseActionsSelector_Test" name="testTransactionNotFound" time="70" />
  <testcase classname="TriggerActionFlowAddError_Test" name="addErrorShouldAddAnErrorAtTheFieldSpecified" time="22" />
  <testcase classname="TriggerActionFlowAddError_Test" name="addErrorShouldSucceedWithValidRequest" time="25" />
  <testcase classname="TriggerActionFlowBypass_Test" name="bypassApexShouldSucceedWithValidRequest" time="33" />
  <testcase classname="TriggerActionFlowBypass_Test" name="bypassFlowShouldSucceedWithValidRequest" time="20" />
  <testcase classname="TriggerActionFlowBypass_Test" name="bypassObjectShouldSucceedWithValidRequest" time="12" />
  <testcase classname="TriggerActionFlowBypass_Test" name="bypassShouldFailWithInvalidType" time="19" />
  <testcase classname="TriggerActionFlowChangeEvent_Test" name="correctInputShouldProduceFlowInputs" time="45" />
  <testcase classname="TriggerActionFlowChangeEvent_Test" name="emptyInputShouldProduceEmptyFlowInputs" time="29" />
  <testcase classname="TriggerActionFlowChangeEvent_Test" name="wrongDataTypeShouldThrowException" time="20" />
  <testcase classname="TriggerActionFlowClearAllBypasses_Test" name="clearAllBypassApexShouldSucceedWithValidRequest" time="59" />
  <testcase classname="TriggerActionFlowClearAllBypasses_Test" name="clearAllBypassFlowShouldSucceedWithValidRequest" time="23" />
  <testcase classname="TriggerActionFlowClearAllBypasses_Test" name="clearAllBypassObjectShouldSucceedWithValidRequest" time="17" />
  <testcase classname="TriggerActionFlowClearAllBypasses_Test" name="clearAllBypassShouldFailWithInvalidType" time="22" />
  <testcase classname="TriggerActionFlowClearBypass_Test" name="clearBypassApexShouldSucceedWithValidRequest" time="123" />
  <testcase classname="TriggerActionFlowClearBypass_Test" name="clearBypassFlowShouldSucceedWithValidRequest" time="39" />
  <testcase classname="TriggerActionFlowClearBypass_Test" name="clearBypassObjecthouldSucceedWithValidRequest" time="24" />
  <testcase classname="TriggerActionFlowClearBypass_Test" name="clearBypassShouldFailWithInvalidType" time="27" />
  <testcase classname="TriggerActionFlowIsBypassed_Test" name="isBypassedApexShouldSucceedWithValidRequest" time="37" />
  <testcase classname="TriggerActionFlowIsBypassed_Test" name="isBypassedFlowShouldSucceedWithValidRequest" time="25" />
  <testcase classname="TriggerActionFlowIsBypassed_Test" name="isBypassedObjectShouldSucceedWithValidRequest" time="18" />
  <testcase classname="TriggerActionFlowIsBypassed_Test" name="isBypassedShouldFailWithInvalidType" time="20" />
  <testcase classname="TriggerActionFlow_Test" name="afterDeleteShouldSucceed" time="57" />
  <testcase classname="TriggerActionFlow_Test" name="afterInsertShouldSucceed" time="46" />
  <testcase classname="TriggerActionFlow_Test" name="afterUndeleteShouldSucceed" time="26" />
  <testcase classname="TriggerActionFlow_Test" name="afterUpdateShouldSucceed" time="25" />
  <testcase classname="TriggerActionFlow_Test" name="afterUpdateWithNoRecordsToProcessShouldSucceed" time="28" />
  <testcase classname="TriggerActionFlow_Test" name="beforeDeleteShouldSucceed" time="27" />
  <testcase classname="TriggerActionFlow_Test" name="beforeInsertShouldSucceed" time="31" />
  <testcase classname="TriggerActionFlow_Test" name="beforeUpdateShouldSucceed" time="27" />
  <testcase classname="TriggerActionFlow_Test" name="beforeUpdateWithNoRecordsToProcessShouldSucceed" time="26" />
  <testcase classname="TriggerActionFlow_Test" name="bypassShouldSucceed" time="28" />
  <testcase classname="TriggerActionFlow_Test" name="clearAllBypassesShouldSucceed" time="27" />
  <testcase classname="TriggerActionFlow_Test" name="clearBypassShouldSucceed" time="25" />
  <testcase classname="TriggerActionFlow_Test" name="emptyFlowNameShouldThrowException" time="29" />
  <testcase classname="TriggerActionFlow_Test" name="flowMissingRecordVariableInOutputShouldThrowException" time="29" />
  <testcase classname="TriggerActionFlow_Test" name="invokeFlowShouldReturnUnsuccessfulResponseWithBogusFlowName" time="54" />
  <testcase classname="TriggerActionFlow_Test" name="isBypassedShouldSucceed" time="29" />
  <testcase classname="TriggerActionFlow_Test" name="noRecordMutationsShouldSucceed" time="29" />
  <testcase classname="TriggerActionFlow_Test" name="nulledFieldInFlowShouldBeTransferredBack" time="26" />
  <testcase classname="TriggerActionFlow_Test" name="shouldDoNothingWhenBypassed" time="26" />
  <testcase classname="TriggerActionFlow_Test" name="unsuccessfulActionResultShouldBeAddedAsErrorToRecord" time="28" />
  <testcase classname="TriggerActionFlow_Test" name="validateTypeShouldThrowExceptionWithInvalidInput" time="28" />
  <testcase classname="TriggerBase_Test" name="afterDeleteShouldSucceed" time="83" />
  <testcase classname="TriggerBase_Test" name="afterInsertShouldSucceed" time="42" />
  <testcase classname="TriggerBase_Test" name="afterUndeleteShouldSucceed" time="27" />
  <testcase classname="TriggerBase_Test" name="afterUpdateShouldSucceed" time="28" />
  <testcase classname="TriggerBase_Test" name="beforeDeleteShouldSucceed" time="26" />
  <testcase classname="TriggerBase_Test" name="beforeInsertShouldSucceed" time="28" />
  <testcase classname="TriggerBase_Test" name="beforeUpdateShouldSucceed" time="30" />
  <testcase classname="TriggerBase_Test" name="bypassShouldSucceed" time="25" />
  <testcase classname="TriggerBase_Test" name="clearAllBypassesShouldSucceed" time="26" />
  <testcase classname="TriggerBase_Test" name="clearBypassShouldSucceed" time="25" />
  <testcase classname="TriggerBase_Test" name="finalizingWithoutWaitingShouldThrowError" time="30" />
  <testcase classname="TriggerBase_Test" name="idToNumberOfTimesSeenAfterUpdate" time="29" />
  <testcase classname="TriggerBase_Test" name="idToNumberOfTimesSeenBeforeUpdate" time="28" />
  <testcase classname="TriggerBase_Test" name="inverseContextsShouldFinalizeDmlOperationDelete" time="27" />
  <testcase classname="TriggerBase_Test" name="inverseContextsShouldFinalizeDmlOperationInsert" time="26" />
  <testcase classname="TriggerBase_Test" name="inverseContextsShouldFinalizeDmlOperationUndelete" time="26" />
  <testcase classname="TriggerBase_Test" name="inverseContextsShouldFinalizeDmlOperationUpdate" time="35" />
  <testcase classname="TriggerBase_Test" name="isBypassedShouldSucceed" time="23" />
  <testcase classname="TriggerBase_Test" name="offsetRowsShouldWork" time="25" />
  <testcase classname="TriggerBase_Test" name="oldAndNewShouldComeFromTrigger" time="24" />
  <testcase classname="TriggerBase_Test" name="peekShouldShowMostRecentlyAdded" time="26" />
  <testcase classname="TriggerBase_Test" name="peekingStackWhileEmptyShouldThrowException" time="12" />
  <testcase classname="TriggerBase_Test" name="poppingStackWhileEmptyShouldThrowException" time="25" />
  <testcase classname="TriggerBase_Test" name="runShouldDoNothingWhenBypassed" time="24" />
  <testcase classname="TriggerBase_Test" name="runShouldFailWhenCalledOutsideTrigger" time="27" />
  <testcase classname="TriggerBase_Test" name="sObjectNameShouldBePopulatedFromTriggerNew" time="28" />
  <testcase classname="TriggerBase_Test" name="sObjectNameShouldBePopulatedFromTriggerOld" time="27" />
  <testcase classname="TriggerBase_Test" name="stackDepthShouldBeCalculatedProperly" time="26" />
  <testcase classname="TriggerBase_Test" name="stackShouldBeFirstInLastOut" time="31" />
  <testcase classname="TriggerBase_Test" name="stackShouldBeLastInFirstOut" time="16" />
  <testcase classname="TriggerBase_Test" name="stacksShouldBeAbleToDetermineIftheyAreEmpty" time="26" />
  <testcase classname="TriggerBase_Test" name="waitingThenFinalizingShouldWork" time="21" />
  <testcase classname="TriggerRecord_Test" name="shouldBeAbleToConstructATriggerRecord" time="29" />
  <testcase classname="Triggers_Test" name="testContentDocumentLinkTrigger" time="11322" />
  <testcase classname="Triggers_Test" name="testContractAndFormTrigger" time="334" />
  <testcase classname="Triggers_Test" name="testTransactionTrigger" time="181" />
  <testcase classname="Triggers_Test" name="testTransactionTriggerRecord" time="18" />
  <testcase classname="Util_Test" name="testGetNamespace" time="19" />
  <testcase classname="Util_Test" name="testIsOrgEmailEnabled" time="23" />
  <testcase classname="Util_Test" name="testPrefixNamespace" time="15" />
</testsuite>